打印词频矩阵 countvector ......
[[0 0 0 ... 0 0 0]
 [0 0 0 ... 0 0 0]
 [0 0 0 ... 0 0 0]
 ...
 [0 0 0 ... 0 0 0]
 [0 0 0 ... 0 0 0]
 [0 0 0 ... 0 0 0]]
词频矩阵的形状： (5000, 30094)
显示总标签名称：[0 1 2 3]
X.shape countvector词频矩阵的形状(5000, 30094)
y.shape 相关类标签的形状(5000,)
train_data.shape 训练集矩阵shape：
(4000, 30094)
test_data.shape 测试集矩阵shape：
(1000, 30094)
train_labels.shape 训练集标签矩阵shape：
(4000,)
test_labels.shape 测试集标签矩阵shape：
(1000,)
knn程序运行时间为：8.319866600000012s
Generating reports......
Predict_rlt:
[0 3 2 1 0 1 1 3 3 0 2 2 0 0 0 1 2 0 1 2 2 2 1 0 2 1 3 2 2 2 3 3 0 0 2 1 3
 0 3 0 3 1 0 1 2 2 0 2 2 0 1 1 1 2 0 1 0 3 0 0 2 3 2 1 0 3 2 2 2 0 0 0 2 2
 0 2 3 3 1 0 1 1 3 3 1 2 3 3 2 0 3 1 2 3 0 2 0 0 1 1 0 0 2 3 1 1 3 2 0 1 0
 0 2 3 0 0 3 1 0 0 0 1 1 0 1 3 3 0 1 1 3 2 0 1 2 0 0 3 0 1 3 3 2 0 0 0 1 0
 3 0 2 2 1 2 1 2 0 0 1 1 1 0 3 2 2 3 3 0 3 0 0 0 2 0 3 3 3 0 3 0 2 0 0 2 0
 1 0 0 0 1 2 1 2 0 2 0 1 0 3 0 3 3 0 3 2 0 2 0 0 0 0 2 0 2 3 3 1 0 3 2 1 0
 0 3 1 1 2 3 1 3 2 2 2 0 0 3 3 0 3 0 0 2 0 2 3 1 3 0 2 1 3 3 0 0 1 1 0 0 1
 2 0 1 0 3 2 0 3 2 3 1 3 0 1 3 3 1 0 3 2 1 1 0 1 1 2 1 2 3 3 1 0 0 1 3 0 3
 3 1 0 2 2 0 2 3 1 0 2 1 0 3 3 0 3 3 0 2 0 1 1 3 1 2 3 2 3 3 0 0 0 1 1 1 3
 3 0 2 0 0 1 0 2 3 0 1 3 3 2 2 2 0 3 2 2 0 2 3 3 0 0 1 2 3 1 0 1 2 1 0 1 0
 0 2 2 3 3 0 3 2 2 0 0 1 0 1 0 3 0 1 3 0 1 1 3 0 0 3 2 2 2 2 0 0 1 0 2 0 2
 3 0 2 0 3 1 2 3 0 2 3 1 3 2 1 2 3 2 2 3 3 3 0 1 1 0 0 0 0 1 0 2 0 0 3 0 1
 0 1 0 2 0 0 0 0 3 0 1 1 1 1 0 2 0 0 2 2 2 1 3 0 1 1 2 3 3 3 1 1 1 1 1 3 1
 2 3 0 0 3 0 3 2 3 0 1 1 2 0 3 1 0 1 0 2 1 3 0 0 0 2 1 0 3 0 1 0 2 3 2 1 3
 2 0 2 1 2 3 1 0 1 1 0 1 1 1 3 3 0 1 0 1 0 0 0 0 3 1 2 0 1 3 3 1 0 0 0 1 0
 0 3 1 1 1 2 3 3 2 0 1 0 2 3 0 2 1 0 1 1 2 2 1 0 3 0 1 1 1 1 0 3 0 3 3 0 2
 1 3 0 3 1 0 0 2 0 2 0 2 1 0 0 2 1 3 3 1 3 0 0 3 0 2 1 0 3 0 3 2 0 1 2 0 0
 1 1 0 0 0 3 2 1 2 1 3 1 0 1 2 3 3 0 3 0 2 0 3 2 0 0 3 3 3 2 3 0 1 3 0 2 1
 0 0 0 2 2 3 2 0 0 3 3 3 0 1 1 3 3 0 0 2 3 0 0 2 1 3 1 2 2 0 0 3 3 3 0 2 0
 1 1 3 2 0 2 0 3 0 0 2 2 2 3 2 1 2 3 0 2 0 1 1 0 0 0 0 1 2 1 0 0 1 0 2 1 2
 2 0 2 0 0 3 2 0 0 0 0 0 0 0 1 3 0 3 2 0 1 1 1 0 0 0 0 2 3 1 1 0 1 0 3 0 1
 3 1 1 1 0 2 2 1 0 1 0 0 3 0 0 3 2 1 2 3 3 2 2 3 1 0 3 1 1 2 2 2 2 2 2 2 3
 3 3 3 0 3 0 0 0 0 2 1 2 3 0 1 1 0 0 1 0 1 1 2 1 0 0 3 3 2 0 0 3 0 3 1 0 2
 1 0 0 3 2 0 2 0 0 0 3 3 1 3 0 1 3 1 0 1 0 0 3 0 2 0 2 0 1 1 1 0 2 3 0 2 2
 0 3 1 0 0 2 0 3 1 0 0 0 1 0 2 3 2 0 1 0 3 0 2 3 0 3 0 0 2 3 0 2 0 0 0 0 0
 2 0 0 2 2 1 0 0 0 0 0 0 0 1 2 2 3 2 2 0 3 2 0 1 3 3 2 1 2 0 0 0 1 0 2 2 2
 3 0 3 1 2 0 0 1 2 2 3 0 1 3 0 1 1 1 0 0 0 0 0 1 1 1 0 0 2 0 2 3 0 3 3 0 1
 3]
Correct_no:952
Accuracy:0.952
生成的报告相关内容：
              precision    recall  f1-score   support

           0       0.88      1.00      0.93       312
           1       1.00      0.91      0.95       241
           2       0.99      0.92      0.95       225
           3       1.00      0.96      0.98       222

    accuracy                           0.95      1000
   macro avg       0.96      0.95      0.95      1000
weighted avg       0.96      0.95      0.95      1000

决策树程序运行时间为：7.078215099999966 s
Generating reports......
Predict_rlt:
[0 3 2 1 0 1 1 3 3 0 2 2 0 0 0 1 2 0 1 2 2 2 1 0 2 1 3 2 2 2 3 3 0 0 2 1 3
 0 3 0 3 1 0 1 2 2 0 2 2 0 1 1 1 2 0 1 0 3 0 0 2 3 2 1 0 3 2 2 2 0 3 0 2 2
 0 2 3 3 1 0 1 1 3 3 1 2 3 3 2 0 3 1 2 3 0 2 0 0 1 1 0 0 2 3 1 1 3 2 0 1 0
 0 2 3 0 0 3 1 3 0 0 1 1 0 1 3 3 0 1 1 3 2 0 1 2 0 0 3 0 1 3 3 2 0 0 0 1 0
 3 0 2 2 1 2 1 2 2 0 1 1 1 0 3 2 2 3 3 0 3 0 0 0 2 0 3 3 3 3 3 0 2 0 1 2 0
 1 0 0 0 1 2 1 2 0 2 0 1 1 3 0 3 3 0 3 2 0 3 0 0 0 0 2 0 2 3 3 1 0 3 2 1 0
 0 3 1 1 2 3 1 3 2 2 2 0 0 3 3 2 3 0 0 2 0 2 3 1 3 0 2 1 3 3 0 0 1 1 0 0 1
 2 0 1 0 3 2 0 3 2 3 1 3 0 1 3 3 1 3 3 2 1 1 3 1 1 2 1 2 3 3 1 0 0 1 3 0 3
 3 1 0 2 2 0 2 3 1 0 2 1 0 3 3 0 3 3 0 2 0 1 1 3 1 2 3 2 3 3 0 0 0 1 1 1 3
 3 0 2 1 0 1 0 2 3 1 1 3 3 2 2 2 0 3 2 2 0 2 3 3 0 0 1 2 3 1 0 1 2 1 0 1 0
 0 2 2 3 3 0 3 2 2 0 0 1 0 1 2 3 0 1 3 0 1 1 3 0 0 3 2 2 2 2 2 0 1 0 2 0 2
 3 0 2 0 3 1 2 3 0 3 3 1 3 2 1 2 3 2 2 3 3 3 0 1 1 0 0 0 0 1 2 2 0 0 3 0 1
 0 1 0 2 0 0 0 0 3 0 1 1 1 1 0 2 0 0 2 2 2 1 3 0 1 1 2 3 3 3 1 1 1 1 1 3 1
 2 3 0 0 3 0 3 2 3 2 1 1 2 0 3 1 0 1 0 2 1 3 2 0 0 2 1 0 3 0 1 0 2 3 2 1 3
 2 0 2 1 2 3 1 0 1 1 0 1 1 1 3 3 0 1 0 1 0 0 0 0 3 1 2 0 1 3 3 1 0 0 3 1 2
 0 3 1 1 1 2 3 3 2 0 1 0 2 3 0 2 1 0 1 1 2 2 1 0 3 0 1 1 1 1 0 3 0 3 3 0 2
 1 3 0 3 1 0 0 2 0 2 0 2 1 0 0 2 1 3 3 1 3 0 0 3 0 2 1 0 3 0 3 2 2 1 2 0 0
 1 1 1 0 0 3 2 1 2 1 3 1 0 1 2 3 3 1 3 0 2 0 3 2 2 0 3 3 0 2 3 0 1 3 0 2 1
 0 0 0 2 2 3 2 0 2 3 3 3 0 1 1 3 3 0 0 2 3 0 0 2 1 3 1 1 2 0 0 3 3 3 0 2 0
 1 1 3 2 0 2 0 3 0 0 2 2 2 3 2 1 2 3 1 2 1 1 1 0 0 0 0 1 2 1 0 0 1 0 2 1 2
 2 0 2 0 0 3 2 0 0 0 0 0 0 0 1 3 0 3 2 0 1 1 1 0 0 0 0 2 3 1 1 0 1 0 3 0 1
 3 1 1 1 0 2 2 1 0 1 0 1 3 0 0 3 2 1 2 3 3 2 2 3 1 0 3 1 1 2 2 2 2 2 2 2 3
 3 3 3 0 3 0 0 0 0 2 1 2 3 0 1 1 0 0 1 0 1 1 2 1 0 0 3 3 2 0 3 3 0 3 1 0 2
 1 0 0 3 2 0 2 1 0 0 3 3 1 3 0 1 3 1 0 1 0 0 3 0 2 0 2 0 1 1 1 0 2 3 0 2 2
 0 3 1 0 0 2 0 3 1 0 0 0 1 0 2 3 2 0 1 0 3 0 2 3 0 3 0 0 2 3 0 2 0 1 0 0 0
 2 0 0 2 2 1 0 0 2 0 0 0 0 1 2 2 3 2 2 0 3 2 0 1 3 3 2 1 2 0 0 0 1 0 2 2 2
 3 2 3 1 2 0 0 1 2 2 3 0 1 3 0 1 1 1 0 0 0 0 1 1 1 1 0 0 2 0 2 3 0 3 3 0 1
 3]
Correct_no:980
Accuracy:0.98
生成的报告相关内容：
              precision    recall  f1-score   support

           0       0.95      0.99      0.97       312
           1       1.00      0.97      0.98       241
           2       0.99      0.97      0.98       225
           3       0.99      0.99      0.99       222

    accuracy                           0.98      1000
   macro avg       0.98      0.98      0.98      1000
weighted avg       0.98      0.98      0.98      1000

高斯朴素贝叶斯模型程序运行时间为：4.673204699999985s
Generating reports......
Predict_rlt:
[0 3 2 1 0 1 1 3 3 0 2 2 0 0 0 1 2 3 0 2 2 2 1 0 2 0 3 2 2 2 3 3 0 0 2 1 3
 0 3 0 3 1 0 1 2 2 0 2 2 3 1 1 1 2 0 2 0 3 0 2 2 2 2 1 0 3 2 2 2 0 3 0 2 2
 0 2 2 3 1 0 1 1 3 3 1 2 3 3 2 0 3 1 2 3 0 2 3 0 1 1 0 0 2 3 1 1 3 2 0 1 0
 0 2 3 0 3 3 1 3 0 0 2 1 0 1 3 3 0 1 1 3 2 0 1 2 0 3 3 0 1 3 3 2 1 0 0 1 0
 3 0 2 2 1 2 1 2 2 0 1 1 1 2 3 2 0 3 3 0 3 0 0 0 2 0 3 3 3 0 3 0 2 0 1 2 0
 1 0 0 0 1 1 1 2 0 2 3 1 1 3 0 3 3 0 3 2 0 3 0 0 0 0 2 0 2 3 3 1 0 2 2 0 0
 0 3 1 1 2 3 1 3 2 2 2 0 0 3 3 0 3 0 0 2 0 2 3 1 3 0 2 1 3 3 1 0 1 1 0 0 1
 3 0 1 2 3 2 0 3 2 3 1 3 0 1 3 1 1 3 3 2 1 1 3 1 1 2 1 2 3 3 0 0 0 1 3 3 3
 3 1 2 2 2 0 2 3 1 0 2 1 0 3 3 0 3 3 0 2 0 1 1 3 1 2 3 2 3 3 0 0 0 1 2 2 3
 3 0 2 1 0 1 0 2 3 1 1 3 3 2 2 2 0 3 2 2 0 2 3 3 0 0 1 2 0 1 0 2 2 2 0 1 0
 0 2 2 3 0 0 3 2 2 0 0 1 1 1 2 3 0 1 3 0 1 1 3 0 0 3 2 2 2 2 2 3 2 0 2 0 2
 3 0 2 0 3 1 2 3 0 3 3 0 3 2 1 2 3 2 2 3 3 2 0 1 1 0 0 0 0 1 2 2 0 0 3 0 1
 0 1 2 2 0 0 0 0 3 0 0 1 1 1 0 2 0 0 2 2 0 1 3 0 1 1 2 3 3 3 1 1 1 1 1 3 1
 2 0 0 0 3 0 3 2 3 2 1 1 2 0 3 1 0 1 0 2 1 3 2 0 1 2 1 3 3 0 2 0 2 3 2 1 3
 2 0 2 1 2 3 1 0 1 1 0 1 1 1 3 3 0 1 0 1 0 0 0 0 3 0 2 0 1 3 3 1 0 0 0 1 2
 2 3 1 1 1 2 3 3 2 0 1 0 2 3 0 2 1 0 1 1 2 2 1 0 3 0 1 1 1 1 0 3 0 3 3 0 2
 1 3 0 3 1 0 0 2 0 2 0 2 1 0 1 2 1 3 3 1 3 3 0 3 0 2 1 0 3 0 3 2 2 1 2 3 0
 0 1 1 1 0 0 2 1 2 1 3 1 0 1 2 3 3 1 3 0 2 0 3 2 2 1 3 3 0 2 3 0 1 3 0 2 1
 0 0 0 2 2 3 2 0 2 3 3 3 0 2 1 3 3 0 0 2 3 0 0 2 1 3 1 2 2 0 0 3 3 3 0 2 1
 2 1 0 2 0 2 0 3 0 0 2 2 2 3 2 1 2 3 3 2 1 1 1 0 0 0 0 1 2 1 0 0 0 0 2 1 2
 2 0 2 0 0 3 2 0 0 0 0 0 0 0 1 3 0 3 2 0 1 1 2 0 0 0 0 2 3 1 1 0 3 0 3 0 1
 3 2 1 1 0 2 2 1 0 3 0 1 3 0 0 3 2 1 2 3 3 2 2 3 1 0 3 1 1 2 0 2 2 2 2 2 3
 3 0 3 0 3 0 0 0 2 2 1 2 3 0 1 1 2 2 1 0 1 1 2 1 0 0 3 3 2 0 2 3 2 3 1 0 2
 1 0 0 3 2 0 2 1 3 0 3 3 1 3 0 1 3 1 3 1 0 0 3 0 2 0 2 0 1 1 1 0 2 3 0 2 2
 0 3 1 0 0 2 0 3 1 0 0 3 1 0 2 3 2 0 0 0 3 0 2 3 0 3 0 3 0 0 0 2 2 1 0 0 0
 2 0 0 2 2 1 0 0 3 0 3 0 0 1 2 2 3 2 2 0 3 2 0 1 3 3 2 1 2 0 0 0 1 0 2 2 2
 3 2 3 1 2 0 0 2 2 2 3 0 1 3 0 1 2 1 0 0 0 0 1 3 1 1 0 0 2 0 2 3 0 3 3 2 1
 3]
Correct_no:918
Accuracy:0.918
生成的报告相关内容：
              precision    recall  f1-score   support

           0       0.92      0.92      0.92       312
           1       0.97      0.86      0.91       241
           2       0.88      0.96      0.91       225
           3       0.91      0.94      0.93       222

    accuracy                           0.92      1000
   macro avg       0.92      0.92      0.92      1000
weighted avg       0.92      0.92      0.92      1000

多元伯努利朴素贝叶斯模型程序运行时间为：8.949344300000007s
Generating reports......
Predict_rlt:
[0 2 2 1 0 1 1 0 3 0 2 2 2 0 0 1 2 2 1 2 2 2 1 0 2 1 3 2 2 2 0 0 0 0 2 1 3
 0 3 0 3 1 0 1 2 2 0 2 2 2 1 1 1 2 0 1 0 3 0 2 2 3 2 1 0 3 2 2 2 0 3 0 2 2
 0 2 2 2 1 0 1 1 3 3 1 2 3 2 2 0 3 1 2 2 0 2 3 0 1 1 0 0 2 3 1 1 2 2 0 1 0
 0 2 3 0 0 2 1 2 0 0 1 1 0 1 2 2 0 1 1 3 2 0 1 2 0 0 0 0 1 2 2 2 2 0 0 1 0
 3 0 2 2 1 2 1 2 2 0 1 1 1 2 2 2 2 3 2 0 3 0 0 0 2 0 2 3 3 1 3 0 2 0 1 2 0
 1 0 0 2 1 2 1 2 0 2 0 1 1 2 0 3 2 0 3 2 0 3 0 0 0 0 2 0 2 2 3 1 0 2 2 1 0
 0 0 1 1 2 2 1 3 2 2 2 0 0 2 3 2 3 0 2 2 0 2 3 1 2 0 2 1 3 3 0 0 1 1 0 0 1
 2 0 1 2 3 2 0 3 2 3 1 3 0 1 2 2 1 3 3 2 1 1 2 1 1 2 1 2 2 3 1 0 0 1 2 0 0
 3 1 2 2 2 0 2 3 1 0 2 1 0 3 2 0 2 3 0 2 0 1 1 3 1 2 3 2 3 2 0 0 0 1 2 1 3
 3 0 2 1 0 1 0 2 3 1 1 3 2 2 2 2 0 3 2 2 1 2 3 2 0 0 1 2 2 1 0 2 2 2 0 1 0
 0 2 2 2 0 0 3 2 2 0 0 1 2 1 2 3 0 1 3 0 2 1 3 0 0 3 2 2 2 2 2 0 1 0 2 0 2
 2 0 2 0 3 1 2 2 0 3 2 1 3 2 1 2 2 2 2 3 3 2 0 1 1 0 0 0 0 1 2 2 0 0 2 3 1
 0 1 2 2 0 0 0 0 3 0 2 1 1 1 0 2 0 0 2 2 2 1 3 0 1 2 2 3 2 3 1 1 1 1 1 3 1
 2 2 0 0 3 0 2 2 3 2 1 1 2 0 2 1 0 1 0 2 1 3 2 0 0 2 1 0 3 0 2 0 2 2 2 1 0
 2 0 2 1 2 3 1 0 1 1 0 1 1 1 3 3 0 1 0 1 0 0 0 0 3 1 2 2 1 0 3 1 0 2 0 1 2
 2 3 1 1 1 2 0 3 2 0 1 0 2 2 0 2 1 0 1 1 2 2 1 0 3 0 1 1 1 1 0 0 0 3 0 0 2
 1 3 0 2 1 0 2 2 0 2 0 2 1 0 2 2 1 2 2 1 2 0 0 3 0 2 1 0 2 2 3 2 2 1 2 0 0
 2 1 1 2 0 0 2 1 2 1 3 1 0 1 2 3 3 1 2 0 2 0 3 2 2 1 2 3 0 2 0 0 1 0 0 2 1
 0 0 0 2 2 0 2 0 2 2 2 3 0 2 1 3 3 0 0 2 3 0 0 2 1 3 1 2 2 0 0 3 3 3 0 2 0
 2 1 2 2 0 2 0 2 0 0 2 2 2 3 2 1 2 3 1 2 1 1 1 0 0 0 2 1 2 1 0 0 1 0 2 1 2
 2 0 2 0 0 3 2 0 0 0 0 0 0 0 1 3 0 2 2 0 1 1 2 3 0 0 0 2 3 1 1 0 1 0 3 0 1
 2 1 1 1 0 2 2 1 0 1 0 2 3 0 0 3 2 1 2 3 3 2 2 3 1 0 3 1 1 2 2 2 2 2 2 2 3
 2 2 2 0 3 2 0 0 2 2 1 2 2 0 1 1 2 0 1 0 1 1 2 1 0 0 3 2 2 0 2 3 2 3 1 0 2
 1 0 0 3 2 0 2 1 0 0 3 3 1 3 0 1 3 1 3 1 0 0 2 0 2 0 2 0 1 1 1 0 2 3 0 2 2
 0 2 1 0 0 2 0 2 1 0 0 0 1 0 2 2 2 0 1 0 2 0 2 3 0 3 0 0 2 2 0 2 2 1 0 0 0
 2 0 0 2 2 1 0 0 2 0 0 0 0 1 2 2 2 2 2 0 3 2 0 1 3 3 2 1 2 0 0 0 1 2 2 2 2
 0 2 3 1 2 0 0 1 2 2 2 0 1 3 0 1 1 1 0 0 0 0 1 2 1 1 0 0 2 0 2 3 0 3 2 2 1
 2]
Correct_no:864
Accuracy:0.864
生成的报告相关内容：
              precision    recall  f1-score   support

           0       0.94      0.93      0.93       312
           1       1.00      0.92      0.95       241
           2       0.67      1.00      0.80       225
           3       0.97      0.58      0.72       222

    accuracy                           0.86      1000
   macro avg       0.89      0.86      0.85      1000
weighted avg       0.90      0.86      0.86      1000
