打印词频矩阵 countvector ......
[[0 0 0 ... 0 0 0]
 [0 0 0 ... 0 0 0]
 [0 0 0 ... 0 0 0]
 ...
 [0 0 0 ... 0 0 0]
 [0 0 0 ... 0 0 0]
 [0 0 0 ... 0 0 0]]
词频矩阵的形状： (2073, 17619)
显示总标签名称：[0 1 2 3]
X.shape countvector词频矩阵的形状(2073, 17619)
y.shape 相关类标签的形状(2073,)
train_data.shape 训练集矩阵shape：
(1658, 17619)
test_data.shape 测试集矩阵shape：
(415, 17619)
train_labels.shape 训练集标签矩阵shape：
(1658,)
test_labels.shape 测试集标签矩阵shape：
(415,)
knn程序运行时间为：0.39454350000005434s
Generating reports......
Predict_rlt:
[2 0 0 2 3 1 0 1 3 1 2 1 1 3 0 2 1 1 0 3 0 3 3 2 0 2 0 2 1 3 2 1 0 0 0 2 3
 0 3 1 1 0 0 0 3 1 0 3 2 1 0 1 2 3 0 1 2 0 2 0 0 0 0 2 0 0 0 1 3 2 0 2 0 2
 2 3 2 2 3 0 2 0 1 0 1 3 0 1 0 0 0 2 0 0 0 0 2 0 3 1 2 1 0 0 2 1 0 3 0 0 0
 2 3 2 0 2 0 0 3 1 0 2 0 1 3 2 1 1 2 0 2 0 1 0 3 0 1 2 1 0 3 2 0 3 0 0 3 0
 2 3 0 3 0 1 0 0 3 3 0 0 1 3 2 2 1 2 0 0 3 2 2 1 3 2 3 3 0 2 2 0 0 2 1 2 0
 1 0 1 0 2 0 2 0 2 3 0 0 0 0 0 0 0 0 1 0 0 3 0 2 0 0 0 0 0 0 1 0 2 0 1 0 0
 0 3 0 0 0 2 2 1 0 0 2 0 0 0 0 0 2 0 3 2 0 2 1 2 0 3 1 0 2 1 0 3 2 2 3 0 2
 1 2 2 0 0 0 1 2 0 2 3 0 0 2 3 1 0 0 2 1 0 3 0 1 0 0 0 0 2 0 2 3 0 3 0 2 0
 3 3 3 3 0 0 3 0 0 0 0 0 2 0 0 0 2 1 3 0 2 2 0 3 2 0 3 1 3 1 3 1 1 2 0 3 3
 3 2 1 1 2 3 1 0 0 2 0 3 1 1 3 1 0 2 2 0 0 0 3 1 1 2 0 0 3 0 3 0 0 3 2 3 0
 2 1 0 2 1 0 0 0 2 0 2 0 3 3 1 3 0 2 2 2 2 2 0 0 1 1 0 3 0 0 3 2 0 0 0 0 2
 2 1 0 2 1 1 1 0]
Correct_no:367
Accuracy:0.8843373493975903
生成的报告相关内容：
              precision    recall  f1-score   support

           0       0.74      1.00      0.85       131
           1       1.00      0.78      0.88        90
           2       0.98      0.93      0.95       101
           3       1.00      0.77      0.87        93

    accuracy                           0.88       415
   macro avg       0.93      0.87      0.89       415
weighted avg       0.91      0.88      0.89       415

决策树程序运行时间为：1.215293900000006 s
Generating reports......
Predict_rlt:
[2 0 0 2 3 1 0 1 3 1 2 1 1 3 0 2 1 1 0 3 0 3 3 2 0 2 0 2 1 3 2 1 0 0 0 2 3
 1 3 1 1 0 0 3 3 1 0 3 2 1 0 1 2 3 0 1 2 0 2 0 0 0 0 2 0 0 3 1 3 2 3 3 1 2
 2 3 2 2 3 0 2 0 1 0 1 3 0 1 0 0 0 2 0 0 0 0 2 1 3 1 2 1 0 0 2 1 1 3 0 0 0
 2 3 2 0 2 3 0 3 1 3 2 0 1 3 2 1 1 2 0 2 0 1 0 3 3 1 2 1 0 3 2 0 3 0 0 3 0
 2 3 0 3 0 1 0 0 3 3 0 3 1 3 2 2 1 2 0 0 3 2 2 1 3 2 3 3 0 2 2 0 1 2 1 2 0
 1 0 1 1 2 3 2 0 2 3 0 0 0 1 0 0 0 0 1 0 0 3 0 2 0 0 0 0 0 0 1 0 2 0 1 0 0
 0 3 3 0 1 2 2 1 0 0 2 0 0 0 0 0 2 1 3 2 0 2 1 2 3 3 1 0 2 1 0 3 2 2 3 0 2
 1 2 2 0 0 0 1 2 0 2 3 0 0 2 3 1 0 0 2 1 0 3 3 1 0 3 0 3 2 0 2 3 0 3 3 2 0
 3 3 3 3 3 0 3 0 0 0 0 0 2 0 0 0 2 1 3 0 2 2 1 3 2 0 3 1 3 1 3 1 1 2 0 3 3
 3 2 1 1 2 3 1 0 3 2 0 3 1 1 3 1 0 2 2 0 0 0 3 1 1 2 0 0 3 0 3 2 3 3 2 3 0
 2 1 0 2 1 3 0 0 2 0 2 0 3 3 1 3 0 2 2 2 3 2 0 0 1 1 0 3 1 0 3 2 0 1 1 2 2
 2 1 0 2 1 1 1 0]
Correct_no:399
Accuracy:0.9614457831325302
生成的报告相关内容：
              precision    recall  f1-score   support

           0       0.90      0.99      0.95       131
           1       1.00      0.92      0.96        90
           2       0.99      0.94      0.96       101
           3       0.99      0.98      0.98        93

    accuracy                           0.96       415
   macro avg       0.97      0.96      0.96       415
weighted avg       0.96      0.96      0.96       415

高斯朴素贝叶斯模型程序运行时间为：0.7996458000000075s
Generating reports......
Predict_rlt:
[2 1 0 2 3 1 1 1 3 1 2 1 1 3 0 2 1 1 0 3 0 3 3 2 0 2 0 2 1 3 2 1 0 0 0 2 3
 0 3 1 1 0 0 3 3 1 0 3 2 1 0 1 2 2 0 1 2 0 2 0 0 0 0 2 3 0 3 1 3 2 3 3 1 2
 2 3 2 2 3 0 2 0 1 0 1 3 1 1 0 3 0 0 0 0 0 0 2 3 3 1 2 1 0 1 0 1 3 3 0 2 0
 2 3 2 3 2 3 1 3 0 3 2 0 1 3 0 1 1 2 0 2 0 1 0 3 3 0 2 1 2 3 2 1 3 0 0 3 0
 2 3 0 3 0 1 0 0 3 3 0 1 1 3 2 2 1 2 0 0 3 2 2 1 3 2 3 3 1 2 2 0 1 2 1 2 0
 1 0 1 1 2 3 2 0 2 3 0 2 0 3 0 0 0 2 1 0 0 3 0 2 0 0 0 0 0 0 0 0 2 0 1 2 0
 0 3 3 0 3 2 2 0 0 0 2 0 0 0 0 0 2 1 3 2 0 2 1 2 3 3 1 0 2 1 0 3 2 2 3 0 2
 1 2 3 3 0 0 0 2 0 2 3 0 0 2 3 1 0 0 1 1 0 3 3 1 0 3 0 3 2 0 2 3 0 3 3 2 2
 3 3 3 3 3 0 3 0 1 0 3 3 2 0 2 0 2 1 3 0 2 2 1 3 3 0 3 1 3 1 3 0 1 2 0 3 3
 3 2 0 1 1 3 1 0 3 2 1 3 1 1 3 1 0 2 2 2 0 0 3 1 1 2 1 0 3 0 3 2 2 3 3 3 0
 2 1 0 2 1 3 0 0 2 0 2 0 3 3 0 3 0 2 2 2 3 2 0 0 1 1 0 3 1 0 3 2 0 1 2 1 2
 2 1 0 2 2 1 1 0]
Correct_no:374
Accuracy:0.9012048192771084
生成的报告相关内容：
              precision    recall  f1-score   support

           0       0.89      0.90      0.90       131
           1       0.90      0.82      0.86        90
           2       0.93      0.91      0.92       101
           3       0.88      0.97      0.92        93

    accuracy                           0.90       415
   macro avg       0.90      0.90      0.90       415
weighted avg       0.90      0.90      0.90       415

多元伯努利朴素贝叶斯模型程序运行时间为：1.264350400000012s
Generating reports......
Predict_rlt:
[2 0 0 2 3 1 0 1 2 1 2 1 1 3 0 2 1 1 0 3 0 3 3 2 0 2 2 2 0 0 2 2 0 0 0 2 3
 1 3 1 1 0 0 2 3 0 0 3 2 1 0 1 2 2 0 1 2 0 2 0 0 0 0 2 0 0 0 1 3 2 3 3 1 2
 2 3 2 2 3 0 2 0 1 0 1 2 0 1 0 0 0 2 0 0 0 0 2 1 0 1 2 1 0 0 2 1 0 2 0 0 0
 2 3 2 0 2 3 0 3 0 2 2 0 1 0 2 1 1 2 0 2 0 1 0 2 2 0 2 1 2 3 2 0 2 0 0 2 0
 2 2 0 2 0 1 0 0 0 0 0 2 0 0 2 2 1 2 0 2 3 2 2 2 2 2 2 2 0 2 2 1 2 2 0 2 0
 1 0 1 1 2 0 2 0 2 3 3 2 0 1 0 0 3 2 1 0 0 0 0 2 0 0 0 0 0 0 0 0 2 0 0 2 0
 0 0 2 0 1 2 2 1 0 0 2 0 0 0 0 0 2 1 2 2 0 2 0 2 2 2 0 0 2 1 0 3 2 2 3 2 2
 1 2 2 0 0 0 0 2 0 2 3 0 0 2 3 1 0 0 2 1 0 2 3 1 0 3 0 3 2 0 2 3 0 0 2 2 2
 3 0 0 2 2 0 3 0 2 0 2 0 2 0 2 0 2 1 3 0 2 2 0 2 2 0 2 1 3 1 3 1 0 2 0 3 0
 2 2 1 1 2 3 1 0 0 2 0 3 1 1 2 0 0 2 2 2 0 0 3 1 0 2 2 0 2 0 3 2 2 0 2 0 0
 2 1 0 2 1 0 0 0 2 0 2 0 3 2 0 2 0 2 2 2 2 2 0 0 1 1 0 3 1 0 3 2 0 0 1 2 2
 2 1 0 2 2 1 0 0]
Correct_no:327
Accuracy:0.7879518072289157
生成的报告相关内容：
              precision    recall  f1-score   support

           0       0.75      0.95      0.84       131
           1       1.00      0.68      0.81        90
           2       0.69      1.00      0.82       101
           3       0.95      0.44      0.60        93

    accuracy                           0.79       415
   macro avg       0.85      0.77      0.77       415
weighted avg       0.84      0.79      0.77       415

Start training SVM
SVM支持向量机程序运行时间为：19.23885720000021 s
Predict_rlt:
[2 0 0 2 3 1 0 1 3 3 2 1 1 3 0 2 1 1 0 3 0 3 3 2 0 2 0 2 1 3 2 1 0 0 3 2 3
 1 3 1 1 0 0 3 3 1 0 3 2 1 0 1 2 3 0 3 2 0 2 0 0 0 0 2 0 0 3 1 3 2 3 3 1 2
 2 3 2 2 3 0 2 0 1 0 1 3 0 1 0 0 0 2 0 0 0 0 2 3 3 1 2 1 0 0 2 1 1 3 0 0 0
 3 3 2 3 2 3 0 3 1 3 2 0 1 3 2 1 1 2 0 2 0 1 0 3 3 1 2 1 0 3 2 0 3 0 0 3 0
 2 3 0 3 0 1 0 0 3 3 0 0 1 3 2 2 1 2 0 3 3 2 2 1 3 2 3 3 0 2 2 3 1 2 1 2 0
 1 0 1 1 2 3 2 0 2 3 3 0 0 0 0 0 3 0 1 0 0 3 0 2 0 0 0 0 0 0 1 0 2 0 1 0 0
 0 3 3 0 0 2 2 1 0 0 2 3 0 0 0 0 3 1 3 2 0 2 1 2 3 3 1 3 2 1 0 3 2 2 3 3 2
 1 2 2 0 0 0 1 3 0 2 3 0 0 2 3 1 0 0 2 1 0 3 3 1 0 3 0 3 3 0 2 3 0 3 3 2 0
 3 3 3 3 3 0 3 0 0 0 0 3 2 0 0 0 2 1 3 0 2 2 1 3 2 0 3 1 3 1 3 1 1 2 0 3 3
 3 2 1 1 2 3 1 3 3 2 0 3 1 1 3 1 0 2 3 0 0 0 3 1 1 2 0 0 3 0 3 2 3 3 2 3 0
 2 1 0 2 1 3 0 0 2 0 2 0 3 3 1 3 0 2 2 2 3 2 0 0 1 1 0 3 1 0 3 2 0 1 3 0 2
 2 1 3 2 1 1 1 0]
Correct_no:380
Accuracy:0.9156626506024096
生成的报告相关内容：
              precision    recall  f1-score   support

           0       0.89      0.92      0.91       131
           1       1.00      0.86      0.92        90
           2       1.00      0.89      0.94       101
           3       0.82      0.99      0.90        93

    accuracy                           0.92       415
   macro avg       0.93      0.91      0.92       415
weighted avg       0.93      0.92      0.92       415

MultinomialNB程序运行时间为：0.9981864999999743 s
Predict_rlt:
[2 0 0 2 3 1 0 1 3 1 2 1 1 3 0 2 1 1 0 3 0 3 3 2 0 2 2 2 1 3 2 1 0 0 0 2 3
 1 3 1 1 0 0 3 3 1 0 3 2 1 0 1 2 3 0 1 2 0 2 0 0 0 0 2 0 0 3 1 3 2 3 3 1 2
 2 3 2 2 3 0 2 0 1 0 1 3 1 1 0 0 0 2 0 0 0 0 2 1 3 1 2 1 0 1 2 1 1 3 0 0 0
 2 3 2 3 2 3 0 3 1 3 2 0 1 3 2 1 1 2 0 2 0 1 0 3 3 1 2 1 2 3 2 1 3 0 0 3 0
 2 3 0 3 0 1 0 0 3 3 0 2 1 3 2 2 1 2 0 0 3 2 2 1 3 2 3 3 1 2 2 1 1 2 1 2 0
 1 0 1 1 2 3 2 0 2 3 0 2 0 1 0 0 3 2 1 0 0 3 0 2 0 0 0 0 0 0 1 0 2 0 1 2 0
 0 3 3 0 1 2 2 1 0 0 2 0 0 0 0 0 2 1 3 2 0 2 1 2 2 3 1 0 2 1 0 3 2 2 3 2 2
 1 2 2 0 0 0 1 2 0 2 3 0 0 2 3 1 0 0 2 1 0 3 3 1 0 3 0 3 2 0 2 3 0 3 3 2 2
 3 3 3 3 3 0 3 0 1 0 3 0 2 0 2 0 2 1 3 0 2 2 1 3 2 0 3 1 3 1 3 1 1 2 0 3 3
 3 2 1 1 2 3 1 0 3 2 0 3 1 1 3 1 0 2 2 2 0 0 3 1 1 2 1 0 3 0 3 2 3 3 2 3 0
 2 1 0 2 1 3 0 0 2 0 2 0 3 3 1 3 0 2 2 2 3 2 0 0 1 1 0 3 1 0 3 2 0 1 1 1 2
 2 1 0 2 1 1 1 0]
Correct_no:405
Accuracy:0.9759036144578314
生成的报告相关内容：
              precision    recall  f1-score   support

           0       0.99      0.95      0.97       131
           1       0.98      0.99      0.98        90
           2       0.95      1.00      0.98       101
           3       0.98      0.98      0.98        93

    accuracy                           0.98       415
   macro avg       0.98      0.98      0.98       415
weighted avg       0.98      0.98      0.98       415
