打印词频矩阵 countvector ......
[[0 0 0 ... 0 0 0]
 [0 0 0 ... 0 0 0]
 [0 0 0 ... 0 0 0]
 ...
 [0 0 0 ... 0 0 0]
 [0 0 0 ... 0 0 0]
 [0 0 0 ... 0 0 0]]
词频矩阵的形状： (5000, 30433)
显示总标签名称：[0 1 2 3]
X.shape countvector词频矩阵的形状(5000, 30433)
y.shape 相关类标签的形状(5000,)
train_data.shape 训练集矩阵shape：
(4000, 30433)
test_data.shape 测试集矩阵shape：
(1000, 30433)
train_labels.shape 训练集标签矩阵shape：
(4000,)
test_labels.shape 测试集标签矩阵shape：
(1000,)
knn程序运行时间为：2.7317893000000026s
Generating reports......
Predict_rlt:
[2 3 0 1 3 2 0 1 0 3 0 1 1 2 0 1 1 0 0 0 3 2 0 3 3 0 2 0 0 1 1 0 0 0 0 3 0
 2 2 0 0 3 1 1 2 2 1 1 2 0 2 0 3 1 3 2 2 2 0 3 1 1 3 1 3 2 2 1 2 1 1 1 2 0
 2 0 1 0 0 3 0 0 3 1 0 3 1 3 1 2 1 3 0 0 3 0 0 2 1 0 2 1 1 0 2 0 1 1 0 0 0
 3 3 2 0 3 0 1 0 3 0 3 0 0 1 0 0 0 0 2 0 1 0 1 0 0 3 0 0 0 1 0 0 1 0 0 0 0
 0 0 2 0 3 0 1 3 1 0 2 1 2 2 1 1 1 1 3 0 1 2 0 3 1 3 0 1 3 3 3 0 0 3 0 0 2
 1 0 3 3 0 1 3 1 3 0 2 1 0 3 2 3 3 1 1 0 1 1 3 2 2 1 3 2 2 2 2 0 3 2 0 1 3
 0 3 2 1 0 2 1 3 0 3 2 0 0 0 3 2 1 3 0 1 2 2 3 0 0 2 0 3 1 0 1 2 1 0 0 0 3
 3 1 3 1 2 0 2 0 3 0 0 1 2 0 1 3 2 0 2 0 0 2 0 1 2 0 1 3 1 3 1 0 2 0 3 0 2
 0 2 2 0 1 1 1 1 0 0 0 0 2 2 0 1 0 2 1 3 1 2 2 1 3 2 3 2 2 3 1 2 3 3 0 3 2
 1 2 1 0 0 1 0 0 0 0 1 0 2 2 0 0 0 1 0 2 1 0 0 3 0 2 1 0 0 1 0 0 2 1 1 0 0
 3 1 2 2 0 1 2 0 3 3 0 0 3 0 0 0 3 3 1 0 3 0 1 0 0 0 0 3 2 3 3 0 0 0 3 0 2
 0 3 0 1 0 1 1 2 0 3 2 3 2 0 2 0 2 0 0 3 1 0 0 0 0 2 0 0 2 0 0 0 0 0 0 2 2
 0 1 1 3 2 2 2 1 3 0 2 0 1 1 1 1 1 0 0 2 0 1 0 3 0 0 0 2 3 2 0 0 0 3 2 0 2
 2 0 1 2 0 2 2 2 2 0 3 0 3 2 0 2 1 2 3 2 1 3 0 0 3 1 3 0 3 1 0 0 2 0 0 0 1
 1 1 2 3 0 0 3 0 3 0 3 3 0 2 0 3 3 2 2 3 0 3 3 2 0 0 2 2 3 3 1 2 0 1 0 0 3
 0 2 3 3 0 1 1 3 3 3 2 3 1 3 2 0 2 2 0 0 3 0 1 0 3 3 0 1 1 3 1 2 2 1 0 1 0
 3 3 0 2 0 0 2 0 0 2 2 1 0 3 0 1 3 2 3 2 0 3 0 1 2 1 0 3 0 2 2 1 2 0 2 3 2
 0 0 0 2 0 0 2 1 3 0 3 2 2 2 3 3 3 0 2 0 2 0 1 0 2 0 2 0 1 1 0 0 3 2 1 0 1
 0 2 2 1 3 0 3 2 0 3 0 0 3 1 0 0 3 2 1 2 0 2 0 2 0 0 2 0 3 3 2 3 2 3 1 1 2
 2 3 0 0 3 0 0 1 1 1 3 1 3 1 2 0 0 1 0 3 0 2 0 1 0 3 0 0 0 1 0 2 1 2 2 0 0
 3 1 2 3 3 0 0 0 0 0 0 0 0 2 0 3 0 2 2 0 2 2 1 0 1 2 0 0 1 1 0 0 2 1 0 0 2
 0 0 1 2 2 1 3 2 2 0 0 2 2 2 1 2 0 2 0 3 3 3 0 2 2 2 0 1 2 3 2 0 1 3 0 0 0
 3 3 1 0 2 0 2 0 2 3 2 0 0 0 0 2 1 0 0 0 2 3 1 3 1 3 3 0 0 3 0 1 1 1 2 2 2
 0 0 0 1 3 3 3 3 0 0 3 0 0 0 2 2 3 0 2 2 3 3 0 2 3 2 1 1 3 0 3 1 3 1 3 0 2
 1 0 3 1 0 1 2 0 3 3 0 2 2 0 2 2 0 2 0 0 0 3 2 0 0 1 3 0 1 0 0 0 2 2 2 3 1
 1 0 1 2 1 3 1 1 3 0 0 1 1 0 3 1 2 0 2 2 0 0 2 1 3 1 1 3 2 0 0 1 0 3 1 1 1
 0 2 1 1 1 0 3 2 3 3 3 0 0 0 1 3 1 3 1 0 2 3 0 1 2 0 0 3 2 0 2 2 1 1 1 0 0
 2]
Correct_no:926
Accuracy:0.926
生成的报告相关内容：
              precision    recall  f1-score   support

           0       0.85      0.98      0.91       322
           1       0.97      0.87      0.92       227
           2       0.96      0.92      0.94       234
           3       0.99      0.91      0.95       217

    accuracy                           0.93      1000
   macro avg       0.94      0.92      0.93      1000
weighted avg       0.93      0.93      0.93      1000

决策树程序运行时间为：5.362152900000012 s
Generating reports......
Predict_rlt:
[1 3 0 1 3 2 3 1 0 3 0 1 1 2 0 0 1 2 0 0 3 2 0 3 3 0 2 1 0 2 1 0 0 0 0 3 0
 2 2 1 0 3 3 1 2 0 1 1 2 0 2 0 3 1 3 2 2 2 0 3 1 1 3 1 3 2 2 1 2 1 1 1 2 0
 2 0 1 0 0 3 0 0 3 1 0 3 1 3 1 2 0 3 0 0 3 0 0 2 1 1 2 1 1 0 2 0 1 1 0 0 0
 3 3 2 0 3 0 1 0 3 0 3 0 0 1 0 0 0 0 2 0 1 0 1 0 0 3 0 0 0 1 2 0 1 0 3 0 0
 0 0 2 0 3 0 1 3 1 0 2 1 2 2 1 1 1 1 3 0 1 2 0 3 1 3 0 1 3 3 3 0 1 3 0 0 2
 1 0 3 3 1 1 3 1 3 0 2 1 0 3 2 3 3 1 1 0 1 1 3 2 2 1 3 2 2 2 2 0 3 2 3 1 3
 0 3 2 1 1 2 1 3 0 3 2 0 0 0 3 2 1 3 0 1 2 2 3 0 0 2 0 3 1 0 1 2 1 0 0 0 3
 3 1 3 3 2 0 2 0 3 0 0 1 2 1 1 3 0 0 2 0 1 2 0 1 2 0 1 3 1 3 1 0 2 0 3 0 0
 0 2 2 0 1 1 1 1 0 0 0 0 2 2 0 1 0 2 1 3 1 2 0 1 3 2 3 2 2 0 3 2 3 3 0 3 2
 1 2 1 0 0 1 0 0 0 0 1 0 2 2 0 0 0 1 0 2 1 0 1 3 1 2 1 0 0 1 0 0 2 1 1 3 0
 3 1 2 2 0 1 2 0 3 3 3 0 3 0 0 0 3 3 1 0 3 0 1 0 0 0 0 3 2 3 3 0 0 0 3 0 2
 0 3 0 1 0 1 1 2 0 3 2 3 2 1 2 0 2 0 0 3 1 0 0 0 0 2 0 0 2 0 0 1 3 3 0 0 2
 0 1 1 3 2 2 2 1 3 0 0 0 1 1 1 1 1 0 0 2 0 1 0 3 0 0 0 2 3 2 0 0 0 3 2 0 2
 2 0 1 2 0 2 2 2 2 0 3 0 3 2 0 2 1 2 3 2 1 3 0 1 3 1 3 0 3 1 0 0 2 0 0 0 1
 1 1 2 3 0 0 3 0 3 0 3 3 0 2 0 3 3 2 2 3 0 3 3 2 0 1 2 2 3 3 1 2 0 1 0 0 3
 0 2 3 3 0 1 1 3 3 3 2 3 1 3 2 3 2 2 0 3 3 0 1 0 3 3 0 1 1 3 1 2 2 1 0 1 0
 3 3 0 2 0 0 2 0 0 2 2 1 0 3 1 1 3 2 3 2 3 3 0 1 2 1 0 3 0 2 2 1 2 0 2 3 2
 0 0 0 2 0 0 2 1 3 0 3 2 0 2 3 3 3 0 2 0 2 0 1 0 2 0 2 0 1 1 0 0 3 2 1 0 1
 0 2 2 1 3 0 3 2 0 3 0 0 3 1 0 0 3 2 1 2 0 2 0 2 0 0 2 0 3 3 2 3 0 3 1 1 2
 2 3 0 0 3 0 0 1 1 1 3 1 3 1 2 0 0 1 0 3 0 2 0 1 0 3 0 0 0 1 0 0 1 2 2 0 0
 3 1 2 3 3 0 0 3 0 0 0 0 0 2 0 3 0 2 2 3 2 2 1 0 1 0 0 0 1 1 0 0 2 1 0 0 2
 0 0 1 2 2 1 3 2 2 0 1 2 2 2 1 2 0 2 0 3 3 3 0 2 2 2 0 1 2 3 2 0 1 3 0 0 0
 3 3 1 0 2 0 2 0 2 3 2 0 0 0 0 2 1 0 2 0 2 3 1 3 1 3 3 0 0 3 0 1 1 1 2 2 2
 0 0 0 1 3 3 3 3 0 0 3 0 1 0 2 2 3 0 2 2 3 3 0 2 3 2 1 1 3 0 3 1 3 1 3 0 2
 3 0 3 1 0 1 2 0 3 3 0 2 1 0 2 2 0 2 0 0 0 3 2 0 1 1 3 0 1 0 0 0 2 2 2 3 1
 1 1 1 2 1 3 1 1 3 0 0 1 1 0 3 1 2 0 2 2 0 0 2 1 3 1 1 3 1 0 0 1 0 3 1 1 1
 0 2 1 1 1 0 3 2 3 3 3 0 0 0 1 3 1 3 1 0 2 3 1 1 2 0 0 3 2 0 2 2 1 1 1 2 1
 2]
Correct_no:964
Accuracy:0.964
生成的报告相关内容：
              precision    recall  f1-score   support

           0       0.92      0.99      0.95       322
           1       0.99      0.96      0.98       227
           2       0.99      0.92      0.96       234
           3       0.99      0.97      0.98       217

    accuracy                           0.96      1000
   macro avg       0.97      0.96      0.97      1000
weighted avg       0.97      0.96      0.96      1000

高斯朴素贝叶斯模型程序运行时间为：3.0815313999999603s
Generating reports......
Predict_rlt:
[0 3 0 1 3 2 3 0 0 0 0 1 1 2 0 3 0 0 0 0 3 2 0 3 3 0 2 0 0 3 1 0 0 0 0 3 1
 2 2 3 0 3 0 1 2 2 0 1 2 0 2 0 0 1 3 2 2 2 0 3 1 1 3 1 3 2 2 1 2 1 0 1 2 0
 2 2 0 0 0 3 0 0 3 0 0 3 1 3 1 2 2 3 0 0 3 0 0 2 1 1 2 1 1 0 2 0 1 1 0 0 2
 3 3 2 0 3 0 1 0 3 0 0 1 0 1 0 2 0 0 2 0 1 0 1 0 0 3 0 0 0 1 0 0 0 0 3 0 0
 2 0 2 0 3 0 0 3 1 0 2 1 2 2 1 0 1 0 3 0 1 2 0 3 1 3 0 1 3 3 3 0 1 3 3 2 2
 1 0 3 3 0 1 3 1 3 0 2 1 0 3 2 0 3 1 1 0 1 1 3 2 2 1 3 2 2 2 2 0 3 2 1 0 3
 0 3 2 1 3 2 1 3 0 3 2 3 0 0 3 2 1 3 0 0 2 2 3 0 0 2 0 3 1 0 1 2 1 0 0 0 3
 3 1 3 3 2 0 2 0 3 2 0 1 0 0 1 0 2 0 2 0 1 2 0 1 2 0 1 3 1 3 1 0 2 0 3 0 1
 0 2 0 0 1 1 1 1 0 0 0 0 2 2 0 1 0 2 1 3 1 2 3 1 3 2 3 2 2 0 3 2 3 3 0 3 3
 1 2 1 0 0 1 0 0 0 0 1 0 2 2 0 0 0 1 0 2 1 0 1 3 3 2 1 0 0 1 0 0 2 1 0 3 0
 3 1 2 2 0 1 2 0 0 3 2 0 3 0 2 0 3 3 1 0 3 0 1 0 0 0 0 3 2 3 0 0 3 0 3 0 2
 0 3 0 1 0 0 1 2 0 3 2 3 2 1 2 2 2 2 0 3 1 0 1 0 1 2 0 0 2 0 0 1 0 3 0 0 2
 0 0 1 3 2 2 2 1 3 0 3 0 1 1 1 1 1 3 0 2 0 0 0 0 0 0 0 2 3 2 0 0 0 3 2 0 2
 2 0 1 2 0 2 2 0 2 0 3 0 3 0 1 3 1 2 3 2 0 3 0 1 3 0 3 0 3 1 0 0 2 0 1 0 1
 1 1 2 3 0 0 3 0 3 0 3 3 0 2 0 3 3 2 2 3 0 3 0 2 0 0 2 0 3 0 1 2 0 1 2 1 3
 1 2 3 0 0 1 0 3 3 3 2 3 1 3 2 3 2 2 0 0 3 0 3 0 3 3 0 1 1 3 1 2 2 1 2 0 0
 3 3 0 2 0 0 2 0 0 2 2 1 0 3 0 1 3 2 3 2 3 3 0 1 2 1 0 3 0 2 2 1 2 0 2 3 2
 0 0 0 2 0 0 2 1 3 0 3 2 0 2 0 0 3 0 2 0 2 0 1 0 2 0 2 2 1 1 0 0 3 2 1 2 1
 0 2 2 1 0 0 3 3 0 3 0 0 0 1 0 0 3 2 0 2 0 2 0 2 0 0 2 0 3 3 2 3 0 3 1 1 2
 2 3 0 2 3 0 0 1 1 1 3 1 3 1 2 0 0 1 0 3 0 2 0 1 0 3 0 0 0 1 0 0 1 2 2 0 0
 3 1 2 3 3 0 3 3 0 0 0 0 0 2 0 3 0 0 2 3 2 1 3 0 1 2 0 0 1 1 0 0 2 1 0 0 2
 0 0 1 2 2 1 3 2 2 0 1 2 2 2 0 2 0 2 0 3 3 0 0 2 2 2 0 1 0 3 2 0 1 3 0 0 0
 3 3 1 0 2 0 2 0 2 0 2 0 0 0 2 2 1 0 2 0 2 3 1 0 1 3 3 0 0 3 0 1 1 0 3 2 2
 2 0 2 0 3 3 3 0 0 1 3 0 1 0 2 2 3 0 2 2 3 3 0 2 0 2 1 1 3 0 3 1 3 1 3 0 2
 2 3 3 1 0 1 2 0 3 3 0 2 1 0 2 2 0 2 0 2 0 3 2 0 1 1 3 0 1 0 0 1 2 2 2 3 1
 1 1 1 2 1 3 1 1 3 0 1 1 1 0 3 1 2 0 2 3 0 0 2 1 3 1 2 3 0 1 0 1 0 3 1 1 0
 0 2 0 1 1 0 3 2 3 3 3 2 0 0 1 3 0 3 1 0 2 3 1 0 2 1 0 3 2 0 2 2 1 1 1 0 1
 2]
Correct_no:899
Accuracy:0.899
生成的报告相关内容：
              precision    recall  f1-score   support

           0       0.82      0.93      0.87       322
           1       0.95      0.82      0.88       227
           2       0.96      0.93      0.94       234
           3       0.93      0.89      0.91       217

    accuracy                           0.90      1000
   macro avg       0.91      0.89      0.90      1000
weighted avg       0.90      0.90      0.90      1000

多元伯努利朴素贝叶斯模型程序运行时间为：7.472844199999997s
Generating reports......
Predict_rlt:
[1 3 0 1 0 2 3 0 0 2 0 1 1 2 0 0 1 0 0 0 0 2 0 3 3 0 2 1 0 2 1 0 0 0 0 0 1
 2 2 0 0 3 0 1 2 0 1 1 2 0 2 0 0 1 0 2 2 2 0 3 1 1 3 1 3 2 2 1 2 1 0 1 2 0
 2 2 1 0 0 3 0 0 3 1 0 0 1 3 1 2 0 3 0 0 3 0 0 2 1 1 2 1 1 0 2 0 1 1 0 0 2
 3 2 2 0 3 0 1 0 3 0 0 0 0 1 0 0 0 0 2 0 1 0 1 0 0 0 0 0 0 1 0 0 2 0 0 0 0
 2 0 2 0 0 0 0 0 1 0 2 1 2 2 1 1 1 1 3 0 1 2 0 3 1 3 0 1 3 0 3 0 0 3 3 2 2
 1 0 3 3 1 1 3 1 3 0 2 1 0 3 2 0 3 1 1 0 1 1 3 2 2 1 3 2 2 2 2 0 0 2 0 1 3
 0 3 2 1 3 2 1 3 0 3 2 0 0 0 2 2 1 3 0 1 2 2 3 0 0 2 0 0 1 0 0 2 1 0 0 0 3
 3 0 3 3 2 0 2 0 2 2 0 1 2 1 0 0 2 0 2 0 2 2 0 1 2 0 1 0 1 3 1 0 2 0 3 0 2
 0 2 2 0 1 1 1 1 0 0 0 0 2 2 0 1 0 2 1 3 1 2 0 1 0 2 3 2 2 0 3 2 3 3 3 0 2
 1 2 1 0 0 1 0 0 0 0 1 0 2 2 0 0 0 1 0 2 1 0 1 3 2 2 1 0 0 1 0 0 2 1 1 2 0
 3 1 2 2 0 1 2 0 0 3 2 0 0 0 2 0 3 0 1 0 3 0 1 0 0 0 0 3 2 3 3 0 2 0 0 0 2
 0 2 0 1 0 1 1 2 0 2 2 0 2 1 2 0 2 2 0 3 1 0 0 0 2 2 0 0 2 0 0 1 3 3 0 0 2
 0 1 1 2 2 2 2 1 0 0 2 0 1 1 1 1 1 0 0 2 0 0 0 0 0 0 0 2 3 2 0 0 0 3 2 0 2
 2 0 1 2 0 2 2 2 2 0 3 0 3 2 0 2 1 2 3 2 1 3 0 1 0 1 3 0 3 1 0 0 2 0 0 0 1
 1 1 2 3 0 0 0 0 3 0 3 3 0 2 0 3 0 2 2 3 0 0 0 2 0 0 2 2 3 0 1 2 0 1 0 0 0
 0 2 3 0 0 1 1 3 0 3 2 3 1 3 2 0 2 2 0 0 3 0 1 0 3 2 0 1 1 3 1 2 2 1 0 1 0
 3 3 0 2 0 0 2 0 0 2 2 1 0 0 1 2 0 2 3 2 3 0 0 1 2 1 0 2 0 2 2 1 2 0 2 2 2
 0 0 0 2 0 0 2 1 3 0 3 2 0 2 0 0 3 0 2 0 2 0 1 0 2 0 2 0 1 1 0 0 3 2 1 2 1
 0 2 2 1 0 0 3 2 0 2 0 0 0 1 0 0 3 2 1 2 0 2 0 2 0 0 2 0 3 3 2 3 0 0 1 1 2
 2 3 0 2 2 0 0 1 1 1 0 1 3 1 2 0 0 1 0 3 0 2 0 1 0 3 0 0 0 1 0 0 1 2 2 0 0
 3 1 2 0 3 0 3 3 0 0 0 0 0 2 0 3 3 2 2 0 2 2 1 0 1 2 0 0 1 1 0 0 2 0 0 0 2
 0 0 1 2 2 1 3 2 2 0 0 2 2 2 1 2 0 2 0 2 3 0 0 2 2 2 0 1 2 3 2 0 1 0 0 0 0
 2 3 1 0 2 0 2 0 2 0 2 0 0 0 2 2 1 0 2 0 2 3 1 0 1 3 3 0 0 3 0 1 1 1 2 2 2
 2 0 0 1 3 3 3 0 0 0 0 0 1 0 2 2 3 0 2 2 3 3 0 2 0 2 1 1 3 0 3 1 3 1 3 0 2
 2 0 3 0 0 1 2 0 3 3 2 2 0 0 2 2 0 2 0 0 0 3 2 0 0 1 3 0 1 0 0 1 2 2 2 0 1
 0 1 1 2 1 3 1 1 2 0 0 1 0 0 3 1 2 0 2 3 0 0 2 1 3 1 1 3 1 0 0 1 0 0 1 1 0
 0 2 1 1 1 0 3 2 3 3 3 2 0 0 0 3 1 3 1 0 2 3 0 1 2 2 0 3 2 0 2 2 1 1 1 0 1
 2]
Correct_no:882
Accuracy:0.882
生成的报告相关内容：
              precision    recall  f1-score   support

           0       0.79      0.98      0.87       322
           1       0.99      0.87      0.93       227
           2       0.90      0.98      0.94       234
           3       0.97      0.64      0.77       217

    accuracy                           0.88      1000
   macro avg       0.91      0.87      0.88      1000
weighted avg       0.90      0.88      0.88      1000

Start training SVM
SVM支持向量机程序运行时间为：129.61317989999998 s
Predict_rlt:
[1 3 0 1 3 2 3 1 0 3 0 1 1 2 0 0 1 0 0 0 3 2 0 3 3 0 2 1 3 2 1 0 0 0 0 3 0
 3 2 1 0 3 3 1 2 0 1 1 2 0 2 0 3 1 3 2 2 2 0 3 1 1 3 1 3 2 2 1 2 1 1 1 2 3
 2 0 1 0 0 3 0 0 3 1 0 3 1 3 1 2 0 3 0 0 3 0 0 2 1 1 2 1 1 0 2 0 1 1 0 0 0
 3 3 2 0 3 0 1 0 3 0 3 0 0 1 0 0 0 0 2 0 1 0 1 0 0 3 0 3 0 1 0 0 1 0 3 0 0
 2 0 2 0 3 0 1 3 1 0 2 1 2 2 1 1 1 1 3 0 1 2 0 3 1 3 0 1 3 3 3 0 1 3 3 0 2
 1 0 3 3 1 1 3 1 3 0 2 1 0 3 2 3 3 1 1 0 1 1 3 2 2 1 3 2 2 2 2 0 3 2 0 1 3
 0 3 2 1 3 2 1 3 0 3 2 3 0 0 3 2 1 3 0 3 2 2 3 0 0 2 0 3 1 0 1 2 1 0 0 0 3
 3 1 3 3 2 0 2 0 3 0 0 1 2 3 1 3 0 0 2 0 1 3 0 1 2 0 1 3 1 3 1 0 2 0 3 0 1
 0 2 2 0 1 1 1 1 0 0 0 0 2 2 0 1 0 2 1 3 1 2 3 1 3 2 3 2 2 3 3 2 3 3 3 3 2
 1 2 1 0 0 1 0 0 0 0 1 0 2 2 0 0 3 1 0 2 1 0 1 3 3 2 1 0 0 1 0 0 2 1 1 3 0
 3 1 2 2 0 1 2 0 3 3 0 0 3 0 0 0 3 3 1 3 3 0 1 0 0 0 0 3 2 3 3 0 0 0 3 0 2
 0 3 0 1 3 1 1 2 0 3 2 3 2 1 2 0 2 0 0 3 1 0 3 0 0 2 0 0 2 0 0 1 3 3 0 0 2
 0 1 1 3 2 2 2 1 3 0 3 0 1 1 1 1 1 3 0 3 0 1 0 3 0 0 0 3 3 2 0 0 0 3 2 3 2
 2 0 1 2 0 2 2 2 2 0 3 0 3 2 0 2 1 2 3 2 1 3 0 1 3 1 3 0 3 1 0 0 2 0 0 0 1
 1 1 2 3 0 0 3 0 3 0 3 3 0 2 0 3 3 2 2 3 0 3 3 2 3 3 2 2 3 3 1 2 0 1 0 0 3
 0 2 3 3 0 1 1 3 3 3 2 3 1 3 2 3 2 2 0 3 3 0 1 0 3 3 0 1 1 3 1 2 2 1 0 1 0
 3 3 0 2 0 0 2 0 0 2 2 1 0 3 3 1 3 2 3 2 3 3 0 1 2 1 0 3 0 2 2 1 2 0 2 3 2
 0 0 0 2 0 0 2 1 3 3 3 2 0 2 3 3 3 0 2 0 2 0 1 0 2 0 2 0 1 1 0 0 3 2 1 0 1
 0 2 2 1 3 0 3 2 0 3 0 0 3 1 0 0 3 2 1 2 0 2 0 2 0 0 2 0 3 3 2 3 0 3 1 1 2
 2 3 0 0 3 0 0 1 1 1 3 1 3 1 2 0 0 1 0 3 0 2 0 1 0 3 0 0 0 1 0 0 1 2 2 0 0
 3 1 2 3 3 0 3 3 0 0 0 0 0 2 0 3 3 2 2 3 2 2 1 0 1 0 0 0 1 1 0 0 2 1 0 0 2
 3 0 1 2 2 1 3 2 2 0 1 2 2 2 1 2 0 2 0 3 3 3 0 2 2 2 0 1 2 3 2 0 1 3 0 0 0
 3 3 1 0 2 0 2 0 2 3 2 0 0 0 0 2 1 0 2 0 2 3 1 3 1 3 3 0 0 3 0 1 1 1 2 2 2
 0 0 0 1 3 3 3 3 0 0 3 0 1 0 2 2 3 0 2 2 3 3 0 2 3 2 1 1 3 0 3 1 3 1 3 0 2
 3 0 3 1 0 1 2 0 3 3 3 2 1 0 2 2 0 2 0 1 0 3 2 0 1 1 3 0 1 0 0 1 2 2 2 3 1
 1 1 1 2 1 3 1 1 3 0 0 1 1 3 3 1 2 0 2 3 0 0 2 1 3 1 1 3 1 0 0 1 0 3 1 1 1
 0 2 1 1 1 0 3 2 3 3 3 2 0 0 1 3 1 3 1 0 2 3 0 1 2 0 3 3 2 0 2 2 1 1 1 0 1
 2]
Correct_no:947
Accuracy:0.947
生成的报告相关内容：
              precision    recall  f1-score   support

           0       0.93      0.93      0.93       322
           1       1.00      0.96      0.98       227
           2       1.00      0.91      0.95       234
           3       0.88      1.00      0.94       217

    accuracy                           0.95      1000
   macro avg       0.95      0.95      0.95      1000
weighted avg       0.95      0.95      0.95      1000

MultinomialNB程序运行时间为：6.558303500000022 s
Predict_rlt:
[1 3 0 1 3 2 3 1 0 3 0 1 1 2 0 0 1 0 3 0 3 2 0 3 3 0 2 1 0 2 1 0 0 0 0 3 1
 2 2 1 0 3 0 1 2 2 1 1 2 0 2 0 3 1 3 2 2 2 0 3 1 1 3 1 3 2 2 1 2 1 1 1 2 0
 2 2 1 0 0 3 0 0 3 1 0 3 1 3 1 2 0 3 0 0 3 0 0 2 1 1 2 1 1 0 2 0 1 1 0 0 2
 3 3 2 0 3 0 1 0 3 0 3 0 0 1 0 0 0 0 2 0 1 0 1 0 0 3 0 0 0 1 2 0 1 0 3 0 0
 2 0 2 0 3 0 1 3 1 0 2 1 2 2 1 1 1 1 3 0 1 2 0 3 1 3 0 1 3 3 3 0 1 3 0 2 2
 1 0 3 3 1 1 3 1 3 0 2 1 0 3 2 3 3 1 1 0 1 1 3 2 2 1 3 2 2 2 2 0 3 2 1 1 3
 0 3 2 1 3 2 1 3 0 3 2 3 0 0 3 2 1 3 0 1 2 2 3 0 0 2 0 3 1 0 1 2 1 0 0 0 3
 3 1 3 3 2 0 2 0 3 1 0 1 2 1 1 3 2 0 2 0 1 2 0 1 2 0 1 3 1 3 1 0 2 0 3 0 1
 0 2 2 0 1 1 1 1 0 0 0 0 2 2 0 1 0 2 1 3 1 2 3 1 3 2 3 2 2 0 3 2 3 3 0 3 2
 1 2 1 0 0 1 0 0 0 0 1 0 2 2 0 0 0 1 0 2 1 0 1 3 3 2 1 0 0 1 0 0 2 1 1 3 0
 3 1 2 2 0 1 2 0 3 3 2 0 3 0 0 0 3 3 1 0 3 0 1 0 0 0 0 3 2 3 0 0 2 0 3 0 2
 0 3 0 1 0 1 1 2 0 3 2 3 2 1 2 2 2 2 0 3 1 0 0 0 1 2 0 0 2 0 0 1 0 3 0 0 2
 0 1 1 3 2 2 2 1 3 0 2 0 1 1 1 1 1 3 0 2 0 0 0 3 0 0 0 2 3 2 0 0 0 3 2 0 2
 2 0 1 2 0 2 2 2 2 0 3 0 3 2 1 2 1 2 3 2 1 3 0 1 2 1 3 0 3 1 0 0 2 0 0 0 1
 1 1 2 3 0 0 3 0 3 0 3 3 0 2 0 3 3 2 2 3 0 3 3 2 0 0 2 2 3 0 1 2 0 1 2 0 3
 0 2 3 3 0 1 1 3 3 3 2 3 1 3 2 3 2 2 0 3 3 0 1 0 3 3 0 1 1 3 1 2 2 1 2 1 0
 3 3 0 2 0 0 2 0 0 2 2 1 0 3 0 1 3 2 3 2 3 3 0 1 2 1 0 3 0 2 2 1 2 0 2 3 2
 0 0 0 2 0 0 2 1 3 0 3 2 0 2 3 3 3 0 2 0 2 0 1 0 2 0 2 0 1 1 0 0 3 2 1 2 1
 0 2 2 1 3 0 3 2 0 2 0 0 3 1 0 0 3 2 1 2 0 2 0 2 0 0 2 0 3 3 2 3 0 3 1 1 2
 2 3 0 2 3 0 0 1 1 1 3 1 3 1 2 0 0 1 0 3 0 2 0 1 0 3 0 0 0 1 0 0 1 2 2 0 0
 3 1 2 3 3 0 3 0 0 0 0 0 0 2 0 3 0 2 2 3 2 2 1 0 1 2 0 0 1 1 0 0 2 1 0 0 2
 0 0 1 2 2 1 3 2 2 0 1 2 2 2 1 2 0 2 0 3 3 3 0 2 2 2 0 1 2 3 2 0 1 3 0 0 0
 3 3 1 0 2 0 2 0 2 3 2 0 0 0 2 2 1 0 2 0 2 3 1 3 1 3 3 0 0 3 0 1 1 1 2 2 2
 2 0 0 1 3 3 3 3 0 0 3 0 1 0 2 2 3 0 2 2 3 3 0 2 3 2 1 1 3 0 3 1 3 1 3 0 2
 3 0 3 1 0 1 2 0 3 3 2 2 1 0 2 2 0 2 0 1 0 3 2 0 1 1 3 0 1 0 0 1 2 2 2 3 1
 1 1 1 2 1 3 1 1 3 0 1 1 1 0 3 1 2 0 2 3 0 0 2 1 3 1 1 3 1 0 0 1 0 3 1 1 1
 0 2 1 1 1 0 3 2 3 3 3 2 0 0 1 3 1 3 1 0 2 3 1 1 2 1 0 3 2 0 2 2 1 1 1 0 1
 2]
Correct_no:978
Accuracy:0.978
生成的报告相关内容：
              precision    recall  f1-score   support

           0       0.97      0.98      0.97       322
           1       0.98      0.98      0.98       227
           2       0.97      0.98      0.98       234
           3       0.99      0.97      0.98       217

    accuracy                           0.98      1000
   macro avg       0.98      0.98      0.98      1000
weighted avg       0.98      0.98      0.98      1000
