打印词频矩阵 countvector ......
[[0 0 0 ... 0 0 0]
 [0 0 0 ... 0 0 0]
 [0 0 0 ... 0 0 0]
 ...
 [0 0 0 ... 0 0 0]
 [0 0 0 ... 0 0 0]
 [0 0 0 ... 0 0 0]]
词频矩阵的形状： (5000, 30152)
显示总标签名称：[0 1 2 3]
X.shape countvector词频矩阵的形状(5000, 30152)
y.shape 相关类标签的形状(5000,)
train_data.shape 训练集矩阵shape：
(4000, 30152)
test_data.shape 测试集矩阵shape：
(1000, 30152)
train_labels.shape 训练集标签矩阵shape：
(4000,)
test_labels.shape 测试集标签矩阵shape：
(1000,)
knn程序运行时间为：3.865782300000003s
Generating reports......
Predict_rlt:
[3 2 0 2 0 1 2 0 3 1 1 2 0 3 1 0 2 2 0 0 0 3 3 3 3 2 2 0 0 3 2 3 0 0 3 2 2
 0 2 2 3 1 0 3 0 2 2 2 0 3 1 0 0 2 1 0 2 2 2 3 0 0 0 2 3 3 2 0 0 3 0 0 0 0
 2 3 2 0 1 0 0 2 2 0 2 1 1 0 3 2 1 2 3 2 1 1 1 0 2 0 0 3 2 1 2 2 3 1 1 1 2
 0 0 1 0 0 3 1 1 0 2 3 0 0 2 3 1 2 0 1 0 2 2 1 3 0 3 0 2 0 2 2 0 1 0 0 0 0
 1 0 1 1 1 1 0 1 3 1 0 2 3 1 0 0 2 2 0 3 0 0 2 0 3 1 2 0 2 2 3 3 0 3 0 0 2
 3 0 0 3 1 3 1 1 0 0 0 0 0 3 2 0 3 0 0 0 3 0 0 3 0 0 2 1 3 2 2 1 2 3 0 3 3
 2 1 2 0 3 3 0 0 0 0 2 0 0 0 1 0 2 0 1 0 0 1 3 0 2 1 3 0 1 0 2 0 1 2 0 0 0
 2 2 1 1 3 0 0 2 0 0 3 0 2 1 2 0 2 0 1 1 1 2 0 2 3 2 1 3 0 0 2 3 0 0 2 2 3
 2 3 2 0 2 0 0 2 1 3 2 0 0 2 0 1 3 0 3 0 3 2 1 2 0 0 3 3 0 0 3 1 1 0 1 3 0
 3 3 1 0 3 1 2 3 0 0 2 3 0 0 2 3 3 3 3 2 0 2 2 1 1 3 3 1 1 1 0 0 0 1 0 2 1
 2 0 2 3 2 2 3 3 1 0 0 3 1 3 0 0 3 0 1 3 0 0 2 0 0 0 2 0 1 2 2 1 2 3 1 1 0
 3 1 2 3 3 3 0 1 3 2 0 2 1 3 2 0 2 1 2 1 0 1 0 0 3 2 2 1 0 1 3 0 0 0 0 1 0
 0 0 0 1 3 3 1 2 0 0 0 0 3 1 3 3 0 3 1 0 3 2 0 2 0 1 2 1 3 1 0 0 0 0 1 0 0
 2 3 3 2 0 0 0 3 1 2 1 2 0 2 1 3 2 2 3 0 0 0 0 1 0 3 0 0 0 2 2 1 1 0 0 1 1
 2 2 0 3 2 3 2 1 3 0 0 2 1 3 2 0 0 0 1 3 0 0 0 0 2 2 1 0 0 3 3 0 1 0 1 0 3
 0 1 2 1 2 3 3 0 0 3 0 0 0 3 2 1 0 2 2 0 1 0 3 0 1 3 1 1 1 2 1 2 0 0 0 0 2
 2 2 2 1 2 0 1 0 2 2 0 3 2 0 2 3 3 0 2 3 0 1 3 0 0 2 3 0 2 1 1 2 2 1 2 0 2
 0 0 0 0 2 3 2 0 0 2 3 3 2 3 0 2 0 0 3 3 0 0 1 0 2 0 0 0 0 3 2 2 1 2 3 0 2
 3 1 3 2 0 0 2 2 1 0 2 2 0 1 1 1 0 3 2 2 1 1 2 0 0 2 3 1 2 0 3 3 1 3 0 0 0
 1 1 3 2 0 3 2 3 1 0 3 3 2 2 0 3 0 0 2 0 0 0 3 2 0 3 0 2 0 2 2 3 2 3 0 0 0
 3 1 2 0 0 0 0 3 2 3 0 2 1 0 0 2 0 3 0 0 3 0 3 1 0 1 3 0 0 0 1 1 2 3 3 1 0
 1 2 2 2 3 3 2 3 0 2 2 2 2 3 1 0 0 0 0 0 2 0 0 0 2 1 1 3 2 1 2 0 2 0 3 3 0
 0 0 2 0 3 2 3 2 0 3 0 3 0 3 0 0 0 2 0 1 0 1 0 0 0 1 0 2 2 3 3 0 3 0 3 3 0
 1 0 2 0 3 0 0 0 0 1 0 2 2 3 1 3 2 0 0 1 0 2 2 3 0 0 0 0 0 1 3 3 1 3 1 3 2
 3 3 3 3 0 0 2 3 2 0 1 3 1 0 1 0 1 0 0 3 1 0 0 0 1 2 0 1 0 0 3 0 3 0 1 2 0
 1 0 0 3 3 2 1 3 0 0 2 3 0 1 0 2 0 3 0 3 0 3 2 0 2 0 3 3 3 1 0 0 1 1 3 1 0
 0 3 0 2 2 3 0 1 3 1 0 0 3 0 2 3 1 3 1 2 0 0 2 1 0 1 0 2 2 1 0 0 2 2 0 0 0
 3]
Correct_no:914
Accuracy:0.914
Score_accuracy:0.9286000000000001

生成的报告相关内容：
              precision    recall  f1-score   support

           0       0.79      0.99      0.88       303
           1       0.98      0.83      0.90       212
           2       0.99      0.88      0.93       257
           3       1.00      0.92      0.96       228

    accuracy                           0.91      1000
   macro avg       0.94      0.91      0.92      1000
weighted avg       0.93      0.91      0.92      1000

决策树程序运行时间为：15.716842100000001 s
Generating reports......
Predict_rlt:
[3 2 0 2 0 1 2 0 3 1 1 2 0 3 1 2 2 2 0 0 0 3 3 3 3 2 2 1 0 3 2 3 0 0 3 2 2
 0 2 2 3 1 0 3 0 2 2 2 1 3 1 0 0 2 1 0 2 2 2 3 0 0 0 2 3 3 2 2 0 3 0 0 0 0
 2 3 2 0 1 0 0 2 2 0 2 1 1 0 3 2 1 2 3 2 1 1 1 0 2 2 0 3 2 1 2 2 3 1 0 1 2
 0 0 1 0 2 3 1 1 0 2 3 0 0 2 3 1 2 0 1 1 2 2 1 3 0 3 0 2 0 2 2 0 2 0 0 0 0
 1 0 1 1 1 1 0 1 3 1 0 2 3 1 0 0 2 2 1 3 0 0 2 2 3 1 2 0 2 2 3 3 0 3 0 0 2
 3 0 0 3 1 3 1 1 0 2 0 0 0 3 2 0 3 0 2 0 3 1 0 3 0 0 2 1 3 2 2 1 2 3 0 3 3
 2 1 2 2 3 3 0 0 0 0 2 0 0 0 1 0 2 0 1 0 0 1 3 0 2 1 3 0 1 0 2 0 1 2 0 0 0
 2 2 1 1 3 0 0 2 0 0 3 0 2 1 2 0 2 0 1 1 1 2 1 2 3 2 1 3 0 0 2 3 0 0 2 2 3
 2 3 2 0 2 0 2 2 1 3 2 0 0 2 0 1 3 0 3 0 3 2 1 2 0 0 3 3 0 1 3 1 1 0 1 3 0
 3 3 1 0 3 1 2 3 1 0 2 3 2 0 2 3 3 3 3 2 1 2 2 1 1 3 3 1 1 3 0 0 0 1 0 2 1
 2 3 2 3 2 2 3 3 1 0 0 3 1 3 0 1 3 0 1 3 0 3 2 0 0 0 2 0 1 2 2 1 2 3 1 1 0
 3 1 2 3 3 3 0 1 3 2 0 2 1 3 2 3 2 1 2 1 2 1 0 0 3 2 2 1 3 1 3 0 0 0 0 1 0
 0 0 0 1 3 3 1 2 0 2 0 0 3 1 3 3 0 3 1 2 3 2 0 2 0 1 2 1 3 1 0 0 0 0 1 1 1
 2 3 3 2 0 0 0 3 1 2 1 2 0 2 1 3 2 2 3 0 0 0 0 1 0 3 0 0 0 2 2 1 1 0 0 1 1
 2 2 0 3 2 3 2 1 3 0 0 2 1 3 2 1 0 0 1 3 0 3 0 0 2 2 1 0 0 3 3 0 1 0 1 0 3
 0 1 2 1 2 3 3 0 0 3 0 0 0 3 2 1 0 2 2 0 1 0 3 0 1 3 1 1 1 2 1 2 1 0 0 0 2
 2 2 2 1 2 0 1 0 2 2 1 3 2 0 2 3 3 2 2 3 0 1 3 0 0 2 3 0 2 1 1 2 2 1 2 1 2
 0 0 0 0 2 3 2 0 1 2 3 3 2 3 0 2 0 0 3 3 0 0 1 1 2 0 0 0 0 3 2 2 1 2 3 0 2
 3 1 3 2 0 0 2 2 1 0 2 2 0 1 1 1 0 3 2 2 1 1 2 1 0 2 3 1 2 0 3 3 1 3 0 0 1
 1 1 3 2 1 3 2 3 1 0 3 3 2 2 0 3 0 1 2 0 0 0 3 2 0 3 0 2 0 2 2 3 2 3 1 0 0
 3 1 2 0 0 0 1 3 2 3 0 2 1 0 0 2 0 3 0 0 3 0 3 1 0 1 3 3 0 0 1 1 2 3 3 1 0
 1 2 2 2 3 3 2 3 1 2 2 2 2 3 1 0 0 0 0 0 2 0 0 0 2 1 1 3 2 1 2 0 2 0 3 3 2
 2 0 2 0 3 2 3 2 0 3 0 3 0 3 0 3 0 3 0 1 2 1 0 0 3 1 0 2 2 3 3 0 3 0 3 3 0
 1 0 2 0 3 0 0 1 0 1 0 2 2 3 1 3 2 0 0 1 0 2 1 0 0 0 0 0 0 1 3 3 1 3 1 3 2
 3 3 3 3 0 1 2 3 2 0 1 3 1 0 1 0 1 0 0 3 1 0 0 0 1 2 0 1 1 0 3 0 3 0 1 2 0
 1 0 0 3 3 2 1 3 2 0 2 3 0 1 0 2 0 3 0 3 0 3 2 1 0 1 3 3 3 1 3 0 1 1 3 1 0
 0 3 0 2 2 3 0 1 3 1 0 0 3 0 2 3 1 3 1 2 0 0 2 1 0 1 0 2 2 1 1 0 2 2 0 0 2
 3]
Correct_no:974
Accuracy:0.974
Score_accuracy:0.9773999999999999

生成的报告相关内容：
              precision    recall  f1-score   support

           0       0.93      1.00      0.96       303
           1       1.00      0.98      0.99       212
           2       1.00      0.96      0.98       257
           3       0.99      0.96      0.97       228

    accuracy                           0.97      1000
   macro avg       0.98      0.97      0.98      1000
weighted avg       0.98      0.97      0.97      1000

高斯朴素贝叶斯模型程序运行时间为：4.227978899999982s
Generating reports......
Predict_rlt:
[0 2 0 2 1 1 2 0 0 1 0 2 3 0 3 1 2 2 0 0 3 3 3 3 3 2 2 1 0 3 2 3 0 0 3 2 2
 0 2 2 3 1 0 3 0 2 2 1 1 3 1 0 0 2 1 0 2 2 2 3 0 0 3 2 3 3 2 1 0 3 0 0 0 0
 2 3 2 0 1 2 1 2 2 0 2 1 1 0 3 2 0 2 3 2 1 1 1 1 2 2 0 3 2 1 0 2 3 1 3 0 2
 0 0 1 0 3 3 1 1 0 3 3 0 0 2 3 1 2 2 1 0 1 2 1 3 0 3 0 2 0 2 0 0 2 1 0 0 0
 1 0 1 1 1 1 0 0 3 1 0 2 3 1 0 0 1 2 1 3 0 0 2 2 3 1 2 0 2 2 3 3 0 3 0 0 2
 3 0 0 0 1 3 3 1 3 1 0 0 0 3 2 0 3 0 2 0 3 0 0 3 0 0 2 1 3 2 1 1 2 3 0 3 3
 2 1 2 2 3 3 0 0 2 0 2 0 0 0 1 0 2 0 0 0 0 1 3 0 2 1 3 0 1 0 2 0 1 2 0 0 0
 2 2 1 1 3 0 0 2 0 0 3 0 2 1 2 0 2 0 1 1 1 2 0 2 3 2 1 3 0 0 2 3 0 0 2 2 3
 2 3 2 0 2 0 2 2 1 3 2 3 0 2 1 0 3 0 3 0 3 1 1 1 0 3 3 3 0 3 3 1 0 0 0 3 0
 3 3 1 0 0 1 1 3 1 0 1 3 2 0 2 3 3 3 3 2 0 2 2 1 1 3 3 1 0 3 0 0 0 1 0 2 1
 2 3 2 3 2 3 0 3 1 0 0 3 0 3 0 1 3 0 1 3 0 3 2 0 2 2 2 0 1 2 2 1 2 3 0 1 2
 3 1 2 3 3 3 0 1 3 2 0 2 1 3 2 3 2 1 2 1 2 1 0 2 3 2 2 1 3 1 3 3 0 0 0 0 0
 3 0 0 1 3 3 1 2 0 1 3 1 3 1 3 0 0 3 1 2 3 2 0 2 0 1 2 1 3 1 0 3 0 1 1 1 1
 2 3 3 2 0 0 0 3 1 2 1 2 0 2 1 3 2 2 3 0 0 0 0 1 1 3 0 0 0 2 2 0 1 0 0 1 1
 2 2 0 3 2 3 2 1 0 1 0 2 1 3 2 1 3 0 1 3 0 3 0 0 1 2 1 0 0 3 3 0 1 0 1 0 3
 0 1 2 1 2 0 3 0 0 3 0 0 0 3 2 1 0 2 2 0 0 0 3 1 1 3 1 1 1 2 1 1 1 0 0 0 2
 2 2 2 1 2 0 1 0 2 2 1 3 2 0 2 3 3 2 2 3 0 1 3 0 2 2 3 0 2 1 0 2 2 0 2 1 2
 0 0 0 0 2 3 2 0 3 2 3 3 2 3 0 2 0 0 3 3 0 0 1 1 2 0 0 0 3 3 2 2 1 2 3 0 2
 3 1 3 2 2 0 2 2 1 0 2 2 0 1 0 1 0 3 2 2 1 1 2 3 0 2 3 0 2 0 3 3 1 3 0 1 0
 1 1 3 2 1 3 2 3 0 0 3 3 2 2 0 3 0 1 2 2 0 0 3 2 3 3 0 2 0 2 2 3 2 3 1 0 0
 0 0 2 0 0 0 2 3 2 3 1 2 1 0 0 2 0 3 0 0 3 0 0 1 0 3 3 3 0 0 1 1 2 3 3 1 0
 1 2 2 2 3 3 2 3 0 2 2 2 2 3 1 0 0 0 1 0 2 0 0 0 2 1 0 3 2 1 2 2 2 0 3 3 2
 2 0 0 0 3 2 3 2 0 3 0 3 2 3 0 1 3 3 0 1 2 0 0 0 2 1 1 2 2 3 3 0 3 0 3 3 0
 1 0 2 0 3 0 0 1 0 1 0 3 2 3 1 0 2 0 0 1 0 2 1 3 0 0 1 3 0 1 3 3 1 3 1 3 2
 3 3 3 3 0 0 2 3 2 0 1 3 1 0 1 0 1 3 0 3 1 3 0 0 0 2 0 1 1 0 3 0 3 0 1 2 0
 1 0 0 3 3 2 1 3 2 0 2 3 0 1 0 2 0 3 2 3 0 3 2 3 3 1 3 3 3 3 0 0 1 0 3 1 0
 2 0 0 2 2 3 0 1 3 1 0 1 3 0 2 3 1 3 1 2 0 0 2 1 0 3 0 2 2 1 1 0 2 2 0 0 3
 3]
Correct_no:881
Accuracy:0.881
Score_accuracy:0.8896000000000001

生成的报告相关内容：
              precision    recall  f1-score   support

           0       0.84      0.89      0.86       303
           1       0.86      0.80      0.83       212
           2       0.96      0.90      0.93       257
           3       0.87      0.92      0.90       228

    accuracy                           0.88      1000
   macro avg       0.88      0.88      0.88      1000
weighted avg       0.88      0.88      0.88      1000

多元伯努利朴素贝叶斯模型程序运行时间为：7.8418365999999935s
Generating reports......
Predict_rlt:
[2 2 0 2 2 1 2 0 3 1 1 2 2 3 1 2 2 2 0 0 0 3 3 3 3 2 2 1 0 2 2 3 0 0 2 2 2
 0 2 2 3 1 0 2 0 2 2 2 1 3 1 0 0 2 1 0 2 2 2 2 0 0 0 2 2 2 2 2 0 0 0 0 0 0
 2 2 2 0 1 2 1 2 2 0 2 1 1 0 2 2 1 2 3 2 1 1 1 2 2 2 0 3 2 1 1 2 2 1 0 1 2
 0 0 1 0 2 3 1 1 2 2 3 0 0 2 3 1 2 0 2 1 2 2 1 2 0 2 0 2 0 2 2 0 0 0 0 0 0
 1 0 1 1 1 1 0 1 3 1 0 2 3 1 0 0 2 2 1 3 0 3 2 2 3 1 2 0 2 2 3 2 0 3 0 0 2
 0 0 0 0 1 3 1 1 0 2 0 0 0 3 2 0 3 0 2 0 3 2 0 3 0 0 2 1 3 2 2 1 2 3 0 3 3
 2 1 2 2 3 3 0 0 2 0 2 0 0 0 1 0 2 0 1 0 0 1 2 0 2 1 3 0 1 0 2 0 1 2 0 0 0
 2 2 1 1 3 0 0 2 0 0 2 0 2 1 2 0 2 0 1 1 1 2 1 2 3 2 1 3 0 0 2 3 0 0 2 2 3
 2 0 2 0 2 0 2 2 1 2 2 0 0 2 0 1 3 0 3 0 2 2 1 2 0 3 3 3 0 1 3 1 1 0 2 2 0
 3 2 1 0 2 1 2 3 1 3 2 3 2 0 2 3 3 3 3 2 1 2 2 1 1 2 2 1 1 3 0 0 0 1 0 2 1
 2 3 2 3 2 2 2 0 1 0 0 3 1 3 0 1 3 0 1 3 0 2 2 0 2 0 2 0 1 2 2 1 2 3 1 1 0
 2 1 2 3 2 3 0 1 3 2 0 2 1 2 2 0 2 1 2 1 2 1 0 2 3 2 2 1 2 1 2 2 0 0 0 1 0
 3 0 0 1 3 0 1 2 0 2 0 0 3 1 2 0 0 2 1 2 2 2 0 2 0 1 2 1 3 1 0 3 0 0 1 1 2
 2 2 3 2 0 0 0 3 1 2 1 2 0 2 1 3 2 2 3 0 0 0 0 1 2 3 0 0 0 2 2 1 1 0 0 1 1
 2 2 0 3 2 2 2 1 3 2 0 2 1 3 2 1 3 0 1 2 0 3 0 0 2 2 1 0 0 3 3 0 1 0 1 0 3
 0 1 2 1 2 3 3 0 0 3 0 0 0 3 2 1 0 2 2 0 1 0 0 0 1 2 1 1 1 2 1 2 1 0 0 0 2
 2 2 2 1 2 0 1 0 2 2 1 3 2 0 2 2 3 2 2 3 0 1 3 0 3 2 2 0 2 1 1 2 2 1 2 1 2
 0 0 0 0 2 3 2 0 0 2 3 3 2 3 0 2 0 0 3 2 0 0 1 1 2 0 0 0 2 3 2 2 1 2 2 0 2
 3 1 3 2 2 0 2 2 1 0 2 2 0 1 1 1 0 2 2 2 1 1 2 1 0 2 2 1 2 3 3 0 1 2 0 0 1
 1 1 3 2 1 2 2 3 1 0 3 3 2 2 2 3 0 1 2 2 0 0 2 2 0 2 0 2 0 2 2 2 2 2 0 0 0
 3 1 2 0 0 0 2 3 2 2 2 2 1 0 0 2 0 3 0 0 2 0 0 1 0 2 3 2 0 0 1 1 2 2 3 1 0
 1 2 2 2 3 3 2 3 1 2 2 2 2 2 1 0 0 0 2 0 2 2 0 0 2 1 0 3 2 1 2 2 2 0 3 3 2
 2 0 2 0 0 2 3 2 0 3 0 2 2 0 0 1 0 3 0 1 2 1 0 0 2 1 0 2 2 3 3 0 2 0 2 0 0
 1 0 2 0 3 0 0 1 0 1 0 2 2 2 1 2 2 0 0 1 0 2 1 3 0 0 2 0 0 1 3 3 1 3 1 0 2
 3 2 3 3 0 1 2 2 2 0 1 2 1 0 1 0 1 2 0 3 1 0 0 0 1 2 0 1 1 0 3 0 3 0 1 2 0
 1 0 0 3 2 2 1 2 2 0 2 0 0 1 0 2 0 3 2 2 0 2 2 1 3 1 3 2 3 2 3 0 1 1 3 1 0
 0 2 0 2 2 3 0 1 3 1 0 2 3 0 2 3 1 3 1 2 0 0 2 1 0 1 0 2 2 1 2 0 2 2 0 0 2
 3]
Correct_no:884
Accuracy:0.884
Score_accuracy:0.8615999999999999

生成的报告相关内容：
              precision    recall  f1-score   support

           0       0.93      0.95      0.94       303
           1       0.99      0.94      0.97       212
           2       0.74      0.99      0.85       257
           3       0.97      0.62      0.76       228

    accuracy                           0.88      1000
   macro avg       0.91      0.88      0.88      1000
weighted avg       0.91      0.88      0.88      1000

Start training SVM
SVM支持向量机程序运行时间为：130.5409736 s
Predict_rlt:
[3 2 3 2 0 1 2 0 3 1 1 2 0 3 1 2 2 2 0 0 0 3 3 3 3 2 2 1 0 3 2 3 0 0 3 2 2
 0 2 2 3 1 0 3 0 2 2 2 1 3 1 0 0 2 1 0 2 2 2 3 0 0 0 2 3 3 2 2 0 3 0 0 0 0
 2 3 2 0 1 0 1 2 2 0 2 1 1 0 3 2 1 2 3 2 1 1 1 0 2 2 0 3 2 1 2 2 3 1 3 1 2
 0 3 1 0 2 3 1 1 0 3 3 0 0 2 3 1 2 0 1 0 2 2 1 3 0 3 0 2 3 2 2 0 3 0 0 0 0
 1 0 1 1 1 1 0 1 3 1 0 3 3 1 0 0 2 2 1 3 0 3 2 3 3 1 2 0 2 2 3 3 3 3 0 0 2
 3 0 0 3 1 3 1 1 0 2 0 0 0 3 2 0 3 0 2 0 3 1 0 3 0 0 2 1 3 2 2 1 2 3 0 3 3
 2 1 2 2 3 3 0 0 0 0 2 0 0 0 1 0 2 3 1 0 0 1 3 0 2 1 3 0 1 0 2 0 1 2 0 0 0
 2 2 1 1 3 0 0 2 0 0 3 0 2 1 2 0 2 0 1 1 1 2 1 2 3 2 1 3 0 0 2 3 0 0 2 2 3
 2 3 2 0 2 0 2 2 1 3 2 0 0 2 1 1 3 0 3 0 3 2 1 2 0 3 3 3 0 1 3 1 1 0 1 3 0
 3 3 1 0 3 1 2 3 1 0 2 3 2 0 2 3 3 3 3 2 1 2 2 1 1 3 3 1 1 3 0 0 0 1 0 2 1
 2 3 2 3 2 2 3 3 1 3 0 3 1 3 3 1 3 0 1 3 0 3 2 0 0 0 2 0 1 2 2 1 2 3 1 1 0
 3 1 2 3 3 3 0 1 3 2 0 2 1 3 3 3 2 1 2 1 2 1 0 0 3 2 2 1 3 1 3 0 0 0 0 1 0
 3 0 0 1 3 3 1 2 0 2 0 0 3 1 3 3 0 3 1 3 3 3 0 2 0 1 2 1 3 1 3 3 0 0 1 1 1
 2 3 3 2 0 0 0 3 1 2 1 2 0 2 1 3 2 2 3 0 0 0 0 1 0 3 0 0 0 2 3 1 1 0 0 1 1
 2 2 0 3 2 3 2 1 3 0 0 2 1 3 2 1 3 0 1 3 0 3 0 0 2 2 1 0 0 3 3 0 1 0 1 0 3
 0 3 2 1 2 3 3 0 0 3 0 0 0 3 3 1 0 2 2 0 1 0 3 0 1 3 1 1 1 2 1 2 1 0 0 0 2
 2 2 2 1 2 0 1 0 2 2 1 3 2 0 2 3 3 2 2 3 0 1 3 0 3 2 3 0 2 1 1 2 2 1 2 1 2
 0 0 0 0 2 3 2 0 3 2 3 3 2 3 0 2 0 0 3 3 0 0 1 1 2 0 0 0 0 3 2 2 1 2 3 0 2
 3 1 3 2 2 0 2 2 1 0 2 2 0 1 1 1 0 3 2 2 1 1 3 1 0 2 3 1 2 3 3 3 1 3 0 0 1
 1 1 3 2 1 3 2 3 1 0 3 3 2 2 0 3 0 1 2 2 0 0 3 2 0 3 0 3 0 2 2 3 2 3 0 0 0
 3 1 2 0 0 0 1 3 2 3 0 2 1 0 0 2 0 3 0 0 3 3 3 1 0 1 3 3 0 0 1 1 2 3 3 1 0
 1 2 2 2 3 3 2 3 3 2 2 2 2 3 1 0 0 0 1 0 2 0 0 0 2 1 1 3 2 1 2 2 2 0 3 3 2
 2 0 2 0 3 2 3 2 0 3 0 3 0 3 0 1 0 3 0 1 2 1 0 0 0 1 0 2 2 3 3 3 3 0 3 3 3
 1 0 2 0 3 0 0 1 0 1 0 2 2 3 1 3 2 0 0 1 0 2 3 3 0 0 0 3 0 1 3 3 1 3 1 3 2
 3 3 3 3 0 1 2 3 2 0 1 3 1 0 1 0 1 0 0 3 1 0 0 0 1 2 0 1 1 0 3 0 3 0 1 2 0
 1 0 0 3 3 2 1 3 2 0 2 3 3 1 0 2 0 3 0 3 0 3 2 1 3 1 3 3 3 1 3 0 1 1 3 1 0
 0 3 0 2 2 3 0 1 3 1 0 0 3 0 2 3 1 3 1 2 0 0 2 1 0 1 0 2 2 1 1 0 2 2 0 0 2
 3]
Correct_no:953
Accuracy:0.953
Score_accuracy:0.9588000000000001

生成的报告相关内容：
              precision    recall  f1-score   support

           0       0.96      0.94      0.95       303
           1       1.00      0.97      0.99       212
           2       1.00      0.93      0.96       257
           3       0.87      0.98      0.92       228

    accuracy                           0.95      1000
   macro avg       0.96      0.96      0.95      1000
weighted avg       0.96      0.95      0.95      1000

MultinomialNB程序运行时间为：6.537298899999996 s
Predict_rlt:
[3 2 0 2 2 1 2 0 3 1 1 2 2 3 1 2 2 2 0 0 0 3 3 3 3 2 2 1 0 3 2 3 0 0 3 2 2
 0 2 2 3 1 0 3 0 2 2 2 1 3 1 0 0 2 1 0 2 2 2 3 0 0 0 2 3 3 2 2 0 3 0 0 0 0
 2 3 2 0 1 0 1 2 2 0 2 1 1 0 3 2 1 2 3 2 1 1 1 2 2 2 0 3 2 1 1 2 3 1 0 1 2
 0 0 1 0 2 3 1 1 0 2 3 0 0 2 3 1 2 0 1 0 2 2 1 3 0 3 0 2 0 2 0 0 2 0 0 0 0
 1 0 1 1 1 1 0 1 3 1 0 2 3 1 0 0 2 2 1 3 0 0 2 0 3 1 2 0 2 2 3 3 0 3 0 0 2
 3 0 0 3 1 3 1 1 0 2 0 0 0 3 2 0 3 0 2 0 3 1 0 3 0 0 2 1 3 2 2 1 2 3 0 3 3
 2 1 2 2 3 3 0 0 2 0 2 0 0 0 1 0 2 0 1 0 0 1 3 0 2 1 3 0 1 0 2 0 1 2 0 0 0
 2 2 1 1 3 0 0 2 0 0 3 0 2 1 2 0 2 0 1 1 1 2 1 2 3 2 1 3 0 0 2 0 0 0 2 2 3
 2 3 2 0 2 0 2 2 1 3 2 0 0 2 0 1 3 0 3 0 3 2 1 2 0 3 3 3 0 1 3 1 1 0 1 3 0
 3 3 1 0 0 1 2 3 1 3 2 3 2 0 2 3 3 3 3 2 1 2 2 1 1 3 3 1 1 3 0 0 0 1 0 2 1
 2 0 2 3 2 2 3 3 1 0 0 3 1 3 0 1 3 0 1 3 0 3 2 0 2 0 2 0 1 2 2 1 2 3 1 1 0
 3 1 2 3 3 3 0 1 3 2 0 2 1 3 2 0 2 1 2 1 2 1 0 1 3 2 2 1 3 1 3 3 0 0 0 1 0
 3 0 0 1 3 3 1 2 0 2 0 1 3 1 3 3 0 3 1 2 3 2 0 2 0 1 2 1 3 1 0 0 0 0 1 1 1
 2 3 3 2 0 0 0 3 1 2 1 2 0 2 1 3 2 2 3 0 0 0 0 1 3 3 0 0 0 2 2 1 1 0 0 1 1
 2 2 0 3 2 3 2 1 0 0 0 2 1 3 2 1 3 0 1 3 0 3 0 0 2 2 1 0 0 3 3 0 1 0 1 0 3
 0 1 2 1 2 3 3 0 0 3 0 0 0 3 2 1 0 2 2 0 1 0 3 0 1 3 1 1 1 2 1 2 1 0 0 0 2
 2 2 2 1 2 0 1 0 2 2 1 3 2 0 2 3 3 2 2 3 0 1 3 0 3 2 3 0 2 1 1 2 2 1 2 1 2
 0 0 0 0 2 3 2 0 1 2 3 3 2 3 0 2 0 0 3 3 0 0 1 1 2 0 0 0 0 3 2 2 1 2 3 0 2
 3 1 3 2 2 0 2 2 1 0 2 2 0 1 1 1 0 3 2 2 1 1 2 2 0 2 3 1 2 3 3 3 1 3 0 0 1
 1 1 3 2 1 3 2 3 1 0 3 3 2 2 3 3 0 1 2 2 0 0 3 2 0 3 0 2 0 2 2 3 2 3 0 0 0
 3 1 2 0 0 0 1 3 2 3 2 2 1 0 0 2 0 3 0 0 3 0 3 1 0 1 3 3 0 0 1 1 2 3 3 1 0
 1 2 2 2 3 3 2 3 0 2 2 2 2 3 1 0 0 0 1 0 2 0 0 0 2 1 1 3 2 1 2 2 2 0 3 3 2
 2 0 2 0 3 2 3 2 0 3 0 3 1 3 0 1 0 3 0 1 2 1 0 0 2 1 0 2 2 3 3 0 3 0 3 3 0
 1 0 2 0 3 0 0 1 0 1 0 2 2 3 1 3 2 0 0 1 0 2 1 3 0 0 2 0 0 1 3 3 1 3 1 3 2
 3 3 3 3 0 1 2 3 2 0 1 3 1 0 1 0 1 3 0 3 1 0 0 0 1 2 0 1 1 0 3 0 3 0 1 2 0
 1 0 0 3 3 2 1 3 2 0 2 3 0 1 0 2 0 3 2 3 0 3 2 1 0 1 3 3 3 1 3 0 1 1 3 1 0
 0 0 0 2 2 3 0 1 3 1 0 0 3 0 2 3 1 3 1 2 0 0 2 1 0 1 0 2 2 1 1 0 2 2 0 0 2
 3]
Correct_no:977
Accuracy:0.977
Score_accuracy:0.977

生成的报告相关内容：
              precision    recall  f1-score   support

           0       0.96      0.98      0.97       303
           1       0.98      0.98      0.98       212
           2       0.98      0.98      0.98       257
           3       0.99      0.97      0.98       228

    accuracy                           0.98      1000
   macro avg       0.98      0.98      0.98      1000
weighted avg       0.98      0.98      0.98      1000
