打印词频矩阵 countvector ......
[[0 0 0 ... 0 0 0]
 [0 0 0 ... 0 0 0]
 [0 0 0 ... 0 0 0]
 ...
 [0 0 0 ... 0 0 0]
 [0 0 0 ... 0 0 0]
 [0 0 0 ... 0 0 0]]
词频矩阵的形状： (5000, 30815)
显示总标签名称：[0 1 2 3]
X.shape countvector词频矩阵的形状(5000, 30815)
y.shape 相关类标签的形状(5000,)
train_data.shape 训练集矩阵shape：
(4000, 30815)
test_data.shape 测试集矩阵shape：
(1000, 30815)
train_labels.shape 训练集标签矩阵shape：
(4000,)
test_labels.shape 测试集标签矩阵shape：
(1000,)
knn程序运行时间为：2.8755290999999943s
Generating reports......
Predict_rlt:
[3 1 0 3 1 0 3 0 2 2 0 0 2 2 2 2 2 2 0 1 2 1 0 0 1 3 3 2 3 0 2 2 0 0 1 1 0
 2 1 0 0 1 1 1 1 0 3 0 0 2 2 2 2 1 1 1 3 3 2 1 3 1 3 1 1 0 0 2 1 0 0 2 3 0
 3 3 0 1 3 0 1 2 1 1 0 0 3 0 0 3 0 0 0 2 3 0 0 0 0 0 0 0 1 1 1 2 0 0 3 0 2
 1 2 0 2 1 1 0 3 2 2 3 0 2 0 2 0 0 0 0 0 0 2 3 0 1 2 1 2 1 2 2 3 2 3 1 2 1
 0 3 2 0 0 1 0 1 0 0 1 0 0 2 3 1 3 0 3 0 2 2 0 0 1 3 1 3 0 1 0 1 0 0 3 2 0
 0 2 1 0 2 0 0 3 0 2 3 0 0 0 1 1 1 0 0 2 2 0 0 0 0 0 2 1 0 0 3 0 0 3 0 1 2
 2 0 0 2 0 1 3 0 1 0 3 0 0 3 2 2 0 0 2 3 3 0 3 0 3 1 3 3 2 2 3 2 1 3 1 3 0
 2 1 2 1 1 2 2 2 0 2 3 2 1 3 2 1 1 3 2 0 0 0 2 1 1 0 1 2 2 1 0 3 0 2 3 1 3
 3 3 2 0 0 3 1 0 1 0 3 3 1 0 0 2 3 0 0 0 0 0 2 0 0 0 3 0 2 2 0 0 2 0 1 1 0
 0 3 0 0 2 0 0 3 0 2 2 1 2 0 2 0 1 2 2 0 0 2 1 3 3 1 2 1 0 3 0 2 0 0 0 3 0
 1 1 3 0 1 0 0 0 2 0 0 0 2 0 3 0 2 3 0 0 0 1 2 3 0 0 0 0 3 2 3 0 3 2 1 3 2
 3 3 2 2 1 3 2 0 0 0 2 3 0 2 2 1 3 0 3 3 2 0 0 3 0 0 2 1 1 0 1 1 2 0 0 0 2
 3 1 3 1 2 1 3 0 3 2 1 0 3 1 1 1 1 2 0 2 1 0 0 0 3 3 0 0 0 1 3 0 0 2 2 0 0
 0 0 1 1 0 1 0 0 2 1 2 2 0 0 0 3 0 3 1 3 0 1 0 2 0 1 3 0 3 2 0 0 2 2 1 0 2
 2 0 0 1 2 3 1 2 3 1 2 2 1 3 3 1 1 3 0 1 2 3 3 0 2 3 0 1 0 2 3 0 0 1 3 1 1
 1 2 2 0 0 3 1 1 2 0 1 2 0 2 3 1 0 2 0 2 0 2 0 0 2 1 3 0 0 3 2 1 0 2 1 0 3
 0 2 3 0 0 2 3 3 3 3 3 2 0 0 0 0 2 2 0 1 0 3 1 2 3 2 1 3 1 3 3 0 1 2 1 0 3
 0 3 2 0 0 0 1 2 2 0 3 0 2 2 3 0 1 1 0 2 0 0 0 3 0 1 1 1 2 3 2 0 2 2 1 1 2
 1 0 2 2 2 2 2 0 3 2 1 1 0 2 0 1 0 0 2 2 2 0 0 0 1 2 1 1 3 0 3 3 0 3 3 3 0
 0 2 0 1 0 3 3 3 3 2 3 1 2 0 0 3 1 1 0 3 0 3 0 2 2 2 3 1 1 0 2 1 2 2 0 2 1
 3 2 0 0 1 2 2 0 0 1 2 2 0 0 0 1 2 2 0 1 3 1 0 1 3 2 0 2 3 3 1 2 2 2 3 2 0
 2 0 0 1 3 0 0 3 2 0 1 0 0 1 0 0 0 2 1 1 3 0 0 0 0 0 0 1 1 0 3 2 3 0 0 3 0
 0 1 1 1 1 3 1 2 2 1 0 3 2 3 2 2 2 2 0 1 2 0 2 0 2 0 3 0 1 2 2 0 3 3 2 2 3
 0 0 3 1 0 3 1 0 1 3 2 3 1 3 1 2 0 0 0 2 2 2 0 2 2 2 2 2 0 3 3 2 1 1 2 1 3
 2 0 0 0 2 3 3 3 2 0 1 2 0 1 2 3 2 0 0 3 0 2 1 0 0 3 0 3 1 2 3 3 0 0 1 1 1
 2 0 0 0 2 0 2 3 0 3 2 0 2 0 0 1 0 2 2 0 3 1 3 1 3 1 0 1 1 3 1 3 0 1 2 0 2
 1 0 3 0 2 1 2 0 2 3 0 2 0 0 1 2 0 3 2 0 2 0 0 3 3 0 0 2 2 3 0 0 1 2 0 0 3
 2]
Correct_no:941
Accuracy:0.941
生成的报告相关内容：
              precision    recall  f1-score   support

           0       0.86      1.00      0.92       310
           1       1.00      0.91      0.95       220
           2       0.98      0.93      0.95       262
           3       0.98      0.91      0.94       208

    accuracy                           0.94      1000
   macro avg       0.95      0.94      0.94      1000
weighted avg       0.95      0.94      0.94      1000

决策树程序运行时间为：5.283683200000041 s
Generating reports......
Predict_rlt:
[3 1 0 3 1 0 3 0 2 2 0 0 2 2 2 2 0 2 0 1 2 1 0 0 1 3 3 2 3 0 2 3 0 0 1 1 0
 2 1 0 0 1 1 1 1 0 3 0 0 2 2 2 2 1 1 1 3 3 2 1 3 1 3 1 1 0 0 2 1 0 0 2 3 3
 1 3 2 1 3 0 1 2 1 1 0 1 3 0 0 3 0 0 0 2 3 0 0 0 0 3 1 0 1 1 1 2 0 3 3 0 2
 1 2 0 2 1 1 0 3 2 2 3 0 2 1 1 0 0 0 0 0 0 2 3 0 1 2 1 2 1 2 2 3 2 3 1 2 1
 0 3 2 3 3 1 0 1 0 0 1 0 0 2 3 1 3 0 3 0 2 2 0 0 1 3 1 3 0 1 0 1 0 0 3 2 0
 3 2 1 0 2 0 0 3 0 2 3 2 0 0 1 1 1 0 0 2 2 0 0 2 0 0 2 1 0 1 3 0 0 3 0 1 2
 2 0 0 2 0 1 3 0 1 0 3 0 0 3 2 2 0 0 2 3 3 0 3 0 3 1 3 3 2 2 3 2 1 3 1 3 0
 2 1 2 1 1 2 2 2 0 2 3 2 1 3 2 1 1 3 2 0 0 0 2 1 1 0 1 2 2 1 1 3 0 2 3 1 3
 3 3 2 0 0 3 1 0 1 0 3 3 1 0 0 2 3 0 2 0 0 0 2 0 0 0 3 0 2 2 0 0 2 2 1 1 0
 0 3 0 0 2 0 0 3 0 2 2 1 2 0 2 0 1 2 2 0 0 2 1 3 3 1 2 1 3 3 0 1 2 0 0 3 0
 1 1 3 0 1 0 0 0 2 0 3 0 2 0 3 0 2 3 0 0 0 1 2 3 0 0 0 0 3 2 3 0 3 2 1 3 2
 3 3 2 2 1 3 2 0 0 0 2 3 3 2 2 1 3 0 3 3 2 0 3 3 0 0 2 1 1 0 1 1 2 0 0 0 2
 3 1 3 1 2 1 3 0 3 2 1 0 3 1 1 1 1 2 0 2 1 3 0 3 3 3 0 0 0 1 3 0 0 2 2 0 0
 0 3 1 1 0 1 0 1 2 1 2 2 0 0 0 3 0 3 1 3 0 1 0 2 0 1 3 0 3 2 0 0 2 2 1 0 2
 2 0 0 1 2 3 1 2 3 1 2 2 1 3 3 1 1 3 0 1 2 3 3 0 2 1 0 1 0 2 3 0 0 1 3 1 1
 1 2 2 0 0 3 1 1 2 3 1 2 0 2 3 1 0 2 0 2 0 2 0 0 2 1 3 0 0 3 2 1 0 2 1 0 3
 0 2 3 0 0 2 3 3 3 3 3 2 0 0 0 0 2 2 0 1 2 3 1 2 3 2 1 3 1 3 3 0 1 2 1 0 3
 0 3 2 0 2 0 1 2 2 0 3 0 2 2 3 0 1 1 0 2 0 0 0 3 0 1 1 1 2 3 2 0 2 2 1 1 2
 1 0 2 2 2 2 2 0 3 2 1 1 0 2 0 1 0 0 2 2 2 0 1 0 1 2 1 1 3 0 3 3 0 3 3 3 0
 0 3 0 1 3 3 3 3 3 2 3 1 2 0 0 3 1 1 0 3 0 3 0 2 2 2 3 1 1 0 2 1 2 2 0 2 1
 3 2 0 0 1 2 2 0 0 1 2 2 0 3 0 1 2 2 0 1 3 1 0 1 3 2 0 2 3 3 1 2 2 2 3 2 0
 2 0 0 1 3 0 0 3 2 0 1 0 0 1 0 0 0 2 1 1 3 0 0 0 0 0 0 1 1 0 3 2 3 2 0 3 0
 0 1 1 1 1 3 1 2 2 1 2 3 2 3 2 2 2 2 0 1 2 0 2 1 2 0 3 0 3 2 2 0 3 3 2 2 3
 0 0 3 1 0 3 1 2 1 3 2 3 1 3 1 2 0 0 0 2 2 2 0 2 2 2 2 2 0 3 3 2 1 1 2 1 3
 2 0 0 0 2 3 3 3 2 0 1 2 0 1 2 3 2 0 0 3 0 2 1 0 0 3 0 3 1 2 3 3 0 0 1 1 1
 2 0 0 0 2 0 2 3 0 3 2 0 2 0 0 1 0 2 2 0 3 1 3 1 3 1 0 1 1 3 1 3 0 1 2 0 2
 1 0 3 0 2 1 2 0 2 3 0 2 0 0 1 2 0 3 2 0 2 0 0 3 3 0 0 2 2 3 0 0 1 2 0 0 3
 0]
Correct_no:970
Accuracy:0.97
生成的报告相关内容：
              precision    recall  f1-score   support

           0       0.94      0.99      0.96       310
           1       1.00      0.96      0.98       220
           2       1.00      0.96      0.98       262
           3       0.96      0.97      0.97       208

    accuracy                           0.97      1000
   macro avg       0.97      0.97      0.97      1000
weighted avg       0.97      0.97      0.97      1000

高斯朴素贝叶斯模型程序运行时间为：3.100141199999939s
Generating reports......
Predict_rlt:
[3 1 0 3 1 0 3 2 2 2 0 1 2 2 2 2 0 2 0 0 2 1 0 0 1 3 3 2 3 0 2 3 0 0 1 1 0
 2 1 0 0 1 1 1 1 0 3 0 0 2 3 2 2 0 0 1 3 3 2 1 3 0 3 1 1 0 0 2 1 0 0 2 3 3
 1 3 2 1 3 0 1 2 1 1 0 0 3 1 0 3 0 0 0 2 3 0 0 0 0 3 1 0 1 1 1 2 0 0 3 0 2
 1 2 0 2 1 1 0 3 2 2 3 0 2 1 0 0 0 0 0 0 2 2 0 0 1 2 1 2 0 2 2 3 2 3 0 2 1
 0 3 2 0 3 1 0 3 0 0 1 1 0 2 3 1 3 0 3 0 2 2 0 0 1 3 1 3 0 1 0 1 0 0 3 2 0
 0 1 1 0 2 2 0 3 0 2 3 2 0 0 1 1 0 0 0 2 2 1 0 2 0 0 2 1 0 1 3 0 0 3 0 1 2
 2 0 3 2 0 1 3 0 1 1 3 0 0 3 2 2 0 0 2 3 3 0 3 0 3 0 3 3 2 2 3 2 1 3 1 3 0
 2 0 2 0 1 2 2 2 0 0 3 2 1 3 2 1 1 3 2 0 0 0 2 1 0 0 1 2 2 1 0 3 0 2 3 1 3
 3 3 2 0 0 0 1 0 0 3 3 3 1 0 0 2 3 0 3 0 0 0 2 0 0 0 3 0 2 2 0 0 2 2 0 0 0
 0 3 0 1 2 0 0 0 0 2 2 1 2 0 2 0 1 2 2 0 0 3 1 3 3 1 2 1 2 3 0 0 2 0 2 3 3
 1 0 3 0 1 0 0 0 2 0 3 0 2 0 3 0 2 3 0 0 0 1 2 3 0 0 0 0 3 2 3 0 3 2 1 3 2
 3 3 0 2 1 3 2 0 0 0 2 3 3 2 2 1 3 0 3 3 2 0 0 3 0 0 2 1 1 2 1 1 2 0 0 0 2
 3 1 3 1 2 1 2 1 3 2 1 0 3 1 1 1 1 2 0 2 1 3 0 2 0 3 0 0 0 1 3 2 0 2 2 0 0
 0 3 1 1 0 1 0 1 2 1 2 2 0 0 0 3 0 3 1 3 0 1 1 2 0 1 3 0 3 2 0 0 2 2 1 0 2
 2 0 0 3 2 3 1 2 3 0 2 2 1 0 3 1 1 3 0 3 2 3 3 3 2 0 0 1 2 2 3 0 0 1 3 1 1
 0 2 2 3 0 0 2 1 2 3 1 2 0 2 3 1 0 2 0 3 0 2 0 0 2 1 3 0 0 3 2 1 0 2 1 0 3
 0 1 3 0 0 2 3 3 3 3 3 2 0 0 0 0 2 2 0 1 2 3 1 2 3 2 1 3 1 3 3 0 1 2 1 0 3
 0 3 2 0 2 0 1 2 1 0 3 0 2 2 3 0 1 1 0 2 0 0 2 3 0 1 1 1 2 3 2 0 2 2 1 1 2
 1 0 2 2 2 2 2 0 3 2 1 1 0 2 0 0 0 1 2 2 2 0 1 0 1 2 1 1 3 0 0 3 0 3 3 3 0
 0 2 2 1 1 3 3 3 3 2 3 1 2 0 1 3 1 1 0 3 0 3 0 1 2 2 3 1 1 0 2 1 2 2 0 2 0
 3 2 0 0 1 2 2 0 0 1 2 2 1 3 0 1 2 2 0 1 3 1 0 0 3 2 0 2 3 3 1 2 2 2 3 2 0
 2 2 0 1 3 0 0 3 2 0 0 2 1 1 0 0 0 2 1 1 3 0 0 0 0 0 0 1 1 0 3 2 3 2 0 3 0
 0 1 1 1 0 3 1 2 2 1 2 3 2 3 2 2 2 2 0 1 2 0 2 0 2 0 0 0 0 2 2 0 3 3 2 3 3
 0 2 3 1 1 3 1 0 1 3 2 3 0 3 1 2 0 0 0 2 2 2 0 1 2 2 2 2 0 3 3 2 1 0 2 1 0
 2 2 0 0 2 3 3 3 2 0 1 2 0 1 2 3 2 0 0 3 0 2 1 0 0 3 0 3 1 2 3 3 0 0 0 1 1
 2 0 0 1 2 0 2 0 0 3 2 0 2 0 0 1 1 2 2 0 3 1 3 1 3 1 0 1 1 1 1 3 0 1 2 0 2
 0 0 3 0 2 0 2 0 2 3 0 2 0 3 1 2 0 3 2 0 2 0 0 3 3 0 0 2 2 2 0 0 1 2 3 0 3
 2]
Correct_no:912
Accuracy:0.912
生成的报告相关内容：
              precision    recall  f1-score   support

           0       0.85      0.94      0.89       310
           1       0.92      0.83      0.87       220
           2       0.96      0.95      0.95       262
           3       0.95      0.92      0.93       208

    accuracy                           0.91      1000
   macro avg       0.92      0.91      0.91      1000
weighted avg       0.91      0.91      0.91      1000

多元伯努利朴素贝叶斯模型程序运行时间为：7.470721600000047s
Generating reports......
Predict_rlt:
[2 1 0 2 1 0 2 0 2 2 0 2 2 2 2 2 0 2 0 1 2 1 0 0 1 0 3 2 2 0 2 2 0 0 1 1 0
 2 1 0 0 1 1 1 1 0 3 0 0 2 2 2 2 0 1 1 3 2 2 1 0 1 2 1 1 0 0 2 1 0 0 2 3 3
 1 2 2 1 2 0 1 2 1 1 0 0 2 2 0 2 0 0 0 2 3 0 0 0 0 0 2 0 1 1 1 2 0 3 3 0 2
 1 2 0 2 1 1 0 3 2 2 3 0 2 1 0 0 0 0 0 0 2 2 0 0 1 2 0 2 1 2 2 3 2 0 1 2 1
 0 3 2 0 3 1 0 1 0 0 1 0 0 2 3 1 3 0 3 0 2 2 0 0 1 2 1 3 0 1 0 1 0 0 3 2 0
 0 2 2 0 2 0 0 2 0 2 3 2 0 0 1 1 0 0 0 2 2 0 0 2 2 0 2 1 0 1 2 0 0 0 0 1 2
 2 0 0 2 0 1 3 0 1 2 3 0 0 3 2 2 0 0 2 0 2 0 3 0 3 0 3 0 2 2 0 2 1 2 1 2 0
 2 1 2 2 1 2 2 2 0 2 2 2 1 3 2 1 1 3 2 2 0 0 2 1 1 0 1 2 2 1 0 2 0 2 2 1 2
 0 0 2 0 0 0 1 0 1 0 3 3 1 0 0 2 3 0 2 0 0 0 2 0 0 0 0 0 2 2 0 0 2 2 1 1 0
 0 0 0 1 2 0 0 0 0 2 2 1 2 0 2 0 1 2 2 0 0 2 0 3 2 1 2 1 2 3 0 1 2 0 0 0 3
 1 1 3 0 1 0 0 0 2 0 0 0 2 0 3 0 2 2 0 0 0 1 2 0 0 0 0 0 3 3 3 0 3 2 1 3 2
 3 2 2 2 1 2 2 0 0 0 2 2 2 2 2 1 3 0 2 0 2 0 0 3 0 0 2 1 1 2 1 1 2 0 0 0 2
 3 1 2 1 2 1 0 0 3 2 1 0 2 1 1 1 2 2 0 2 1 3 0 2 2 3 0 0 0 1 3 2 0 2 2 0 0
 0 3 1 1 0 1 0 1 2 2 2 2 0 0 0 3 0 2 1 2 0 0 2 2 0 1 3 0 3 2 0 0 2 2 1 0 2
 2 0 0 1 2 3 1 2 2 1 2 2 1 0 0 1 1 2 0 1 2 3 3 0 2 1 0 1 2 2 3 0 0 1 3 1 1
 1 2 2 2 0 0 2 1 2 3 1 2 0 2 3 1 0 2 0 2 0 3 0 0 2 1 3 0 0 3 2 1 0 2 1 0 3
 0 2 3 0 0 2 3 0 3 3 2 2 0 0 0 0 2 2 0 1 2 0 1 2 0 2 1 2 1 2 2 0 2 2 1 0 3
 0 3 2 0 2 0 1 2 2 0 0 0 2 2 3 0 1 1 0 2 0 0 2 2 0 1 1 1 2 3 2 0 2 2 1 0 2
 1 0 2 2 2 2 2 0 0 2 1 1 0 2 0 1 0 2 2 2 2 0 2 0 1 2 1 1 3 0 2 3 0 3 0 3 0
 0 2 0 1 0 2 3 2 3 2 3 1 2 0 2 2 1 1 0 3 0 3 0 2 2 2 3 1 1 0 2 0 2 2 0 2 0
 2 2 0 0 1 2 2 0 0 1 2 2 2 0 0 1 2 2 0 1 3 1 0 1 3 2 0 2 2 2 1 2 2 2 3 2 0
 2 2 0 1 3 0 0 3 2 0 1 0 0 1 0 0 0 2 1 1 2 0 0 0 0 0 0 1 1 0 0 2 3 2 0 2 0
 0 1 1 1 0 2 1 2 2 1 2 0 2 3 2 2 2 2 0 1 2 0 2 0 2 0 3 0 3 2 2 0 3 2 2 2 3
 0 2 3 1 0 3 1 2 1 3 2 3 1 3 1 2 0 0 0 2 2 2 0 2 2 2 2 2 0 2 3 2 1 0 2 1 0
 2 0 0 0 2 3 3 3 2 0 1 2 0 1 2 0 2 0 0 3 0 2 1 0 0 3 0 2 1 2 3 2 0 0 1 1 1
 2 0 0 2 2 0 2 3 0 3 2 0 2 0 0 1 0 2 2 0 2 1 2 1 2 1 0 1 1 1 1 3 0 1 2 0 2
 1 0 2 0 2 2 2 0 2 3 0 2 0 2 1 2 0 3 2 0 2 0 0 2 3 0 0 2 2 2 0 0 1 2 0 0 3
 2]
Correct_no:858
Accuracy:0.858
生成的报告相关内容：
              precision    recall  f1-score   support

           0       0.85      0.97      0.91       310
           1       1.00      0.86      0.93       220
           2       0.76      0.99      0.86       262
           3       0.96      0.51      0.67       208

    accuracy                           0.86      1000
   macro avg       0.89      0.84      0.84      1000
weighted avg       0.88      0.86      0.85      1000

Start training SVM
SVM支持向量机程序运行时间为：130.3842571 s
Predict_rlt:
[3 1 0 3 1 0 3 0 2 2 3 0 2 2 2 2 0 2 0 3 2 1 0 0 1 3 3 2 3 0 2 3 0 0 1 1 0
 2 1 0 0 1 1 1 1 0 3 0 0 2 2 2 2 1 1 1 3 3 2 1 3 1 3 1 1 0 0 2 1 0 0 2 3 3
 1 3 2 1 3 0 1 2 1 1 0 0 3 0 0 3 0 0 0 2 3 0 0 0 0 3 1 0 1 1 1 2 0 3 3 0 2
 1 2 0 2 1 1 0 3 2 2 3 0 2 1 1 0 0 0 0 0 0 2 3 3 1 2 1 2 1 2 2 3 2 3 1 2 1
 0 3 2 3 3 1 0 1 0 0 1 0 0 2 3 1 3 0 3 0 2 2 0 0 1 3 1 3 0 1 0 1 0 0 3 2 0
 0 2 1 0 2 0 0 3 0 2 3 2 0 0 1 1 1 0 0 3 2 0 0 0 0 0 2 1 0 1 3 0 0 3 0 1 2
 2 0 0 2 0 1 3 0 1 0 3 0 0 3 2 2 0 0 2 3 3 0 3 0 3 1 3 3 2 2 3 2 3 3 1 3 0
 2 1 2 1 1 2 2 2 0 2 3 2 1 3 2 1 1 3 2 0 0 0 2 1 1 0 1 2 2 1 1 3 0 2 3 1 3
 3 3 2 0 0 3 1 0 1 0 3 3 1 0 0 2 3 0 0 0 0 0 2 0 0 0 3 0 2 2 0 0 2 0 1 1 0
 0 3 0 0 2 0 3 3 0 2 2 1 2 0 2 0 1 2 2 0 0 2 1 3 3 1 2 1 3 3 0 1 2 0 0 3 3
 1 1 3 0 1 0 0 0 2 0 3 0 2 0 3 0 2 3 0 0 0 1 2 3 0 0 0 0 3 3 3 0 3 3 1 3 2
 3 3 2 2 1 3 2 0 0 0 2 3 3 2 2 1 3 0 3 3 2 0 0 3 0 0 2 1 1 0 1 1 2 0 0 0 2
 3 1 3 1 2 1 3 0 3 2 1 0 3 1 1 1 1 2 3 2 1 3 0 3 3 3 0 0 0 1 3 0 0 2 2 0 0
 0 3 1 1 0 1 0 1 2 1 2 2 0 0 0 3 0 3 1 3 0 1 0 2 0 1 3 0 3 2 0 0 2 2 1 0 2
 2 0 0 1 2 3 1 2 3 1 2 2 1 3 3 1 1 3 0 1 2 3 3 0 2 1 1 1 0 2 3 3 0 1 3 1 1
 1 2 2 0 0 3 1 1 2 3 1 2 0 2 3 1 0 2 0 3 0 3 0 0 2 1 3 0 0 3 2 1 0 2 1 0 3
 0 2 3 0 0 2 3 3 3 3 3 2 0 0 0 0 2 2 0 1 0 3 1 2 3 2 1 3 1 3 3 0 1 2 1 0 3
 0 3 2 0 0 0 1 2 2 0 3 0 2 2 3 0 1 1 0 2 0 0 0 3 0 1 1 1 2 3 2 0 2 2 1 0 2
 1 0 2 2 2 2 2 0 3 2 1 1 0 2 0 1 0 0 2 2 2 0 1 0 1 2 1 1 3 0 3 3 0 3 3 3 0
 0 1 0 1 1 3 3 3 3 2 3 1 2 0 0 3 1 1 0 3 0 3 0 2 2 2 3 1 1 0 2 0 2 2 0 2 1
 3 2 0 0 1 2 2 0 0 1 2 2 0 3 0 1 2 2 0 1 3 1 0 1 3 2 0 2 3 3 1 2 2 2 3 2 0
 2 0 0 1 3 0 0 3 2 0 1 0 0 1 0 0 0 2 1 1 3 0 0 0 0 0 0 1 1 0 3 2 3 2 0 3 0
 0 1 1 1 1 3 1 2 2 1 2 3 2 3 2 2 2 2 0 1 2 0 2 1 3 0 3 0 3 2 2 0 3 3 2 2 3
 0 0 3 1 0 3 1 2 1 3 2 3 1 3 1 2 0 0 0 2 2 2 0 2 2 2 2 2 0 3 3 2 1 1 2 1 3
 2 0 0 0 2 3 3 3 2 0 1 2 0 1 2 3 2 0 0 3 0 2 1 0 0 3 0 3 1 2 3 3 0 0 1 1 1
 2 0 0 0 2 0 2 3 3 3 2 0 2 0 0 1 0 2 2 0 3 1 3 1 3 1 0 1 1 1 1 3 0 1 2 0 2
 1 0 3 0 2 1 2 0 2 3 0 2 0 0 1 2 0 3 2 0 2 0 0 3 3 0 0 2 2 3 0 0 1 2 0 0 3
 2]
Correct_no:956
Accuracy:0.956
生成的报告相关内容：
              precision    recall  f1-score   support

           0       0.92      0.97      0.95       310
           1       0.99      0.95      0.97       220
           2       1.00      0.92      0.96       262
           3       0.92      0.98      0.95       208

    accuracy                           0.96      1000
   macro avg       0.96      0.96      0.96      1000
weighted avg       0.96      0.96      0.96      1000

MultinomialNB程序运行时间为：7.499512399999958 s
Predict_rlt:
[3 1 0 3 1 0 3 0 2 2 0 2 2 2 2 2 0 2 0 1 2 1 0 0 1 3 3 2 3 0 2 3 0 0 1 1 0
 2 1 0 0 1 1 1 1 0 3 0 0 2 2 2 2 1 1 1 3 3 2 1 3 1 3 1 1 0 0 2 1 0 0 2 3 3
 1 3 2 1 3 0 1 2 1 1 0 0 3 2 0 3 0 0 0 2 3 0 0 0 0 3 1 0 1 1 1 2 0 0 3 0 2
 1 2 0 2 1 1 0 3 2 2 3 0 2 1 0 0 0 0 0 0 2 2 3 0 1 2 1 2 1 2 2 3 2 3 1 2 1
 0 3 2 0 3 1 0 1 0 0 1 0 0 2 3 1 3 0 3 0 2 2 0 0 1 3 1 3 0 1 0 1 0 0 3 2 1
 0 2 1 0 2 0 0 3 0 2 3 2 0 0 1 1 1 0 0 2 2 0 0 2 1 0 2 1 0 1 3 0 0 3 0 1 2
 2 0 3 2 0 1 3 0 1 0 3 0 0 3 2 2 0 0 2 3 3 0 3 0 3 1 3 3 2 2 3 2 1 3 1 3 0
 2 1 2 1 1 2 2 2 0 2 3 2 1 3 2 1 1 3 2 0 0 0 2 1 1 0 1 2 2 1 1 3 0 2 3 1 3
 3 3 2 0 0 0 1 0 1 3 3 3 1 0 0 2 3 0 2 0 0 0 2 0 0 0 3 0 2 2 0 0 2 2 1 1 0
 0 3 0 1 2 0 0 3 0 2 2 1 2 0 2 0 1 2 2 0 0 2 1 3 3 1 2 1 2 3 0 1 2 0 0 3 3
 1 1 3 0 1 0 0 0 2 0 3 0 2 0 3 0 2 3 0 0 0 1 2 3 0 0 0 0 3 2 3 0 3 2 1 3 2
 3 3 2 2 1 3 2 0 0 0 2 3 3 2 2 1 3 0 3 3 2 0 0 3 0 0 2 1 1 2 1 1 2 0 0 0 2
 3 1 3 1 2 1 3 1 3 2 1 0 3 1 1 1 1 2 0 2 1 3 0 2 3 3 0 0 0 1 3 2 0 2 2 0 0
 0 2 1 1 0 1 0 1 2 1 2 2 0 0 0 3 0 3 1 3 0 1 2 2 0 1 3 0 3 2 0 0 2 2 1 0 2
 2 0 0 1 2 3 1 2 3 1 2 2 1 3 3 1 1 3 0 1 2 3 3 2 2 1 0 1 2 2 3 0 0 1 3 1 1
 1 2 2 3 0 3 2 1 2 3 1 2 0 2 3 1 0 2 0 3 0 2 0 0 2 1 3 0 0 3 2 1 0 2 1 0 3
 0 2 3 0 0 2 3 3 3 3 3 2 0 0 0 0 2 2 0 1 2 3 1 2 3 2 1 3 1 3 3 0 1 2 1 0 3
 0 3 2 0 2 0 1 2 2 0 3 0 2 2 3 0 1 1 0 2 0 0 2 3 0 1 1 1 2 3 2 0 2 2 1 1 2
 1 0 2 2 2 2 2 0 3 2 1 1 0 2 0 1 0 2 2 2 2 0 1 0 1 2 1 1 3 0 3 3 3 3 3 3 0
 0 2 0 1 0 3 3 3 3 2 3 1 2 0 0 3 1 1 0 3 0 3 0 2 2 2 3 1 1 0 2 1 2 2 0 2 1
 3 2 0 0 1 2 2 0 0 1 2 2 2 0 0 1 2 2 0 1 3 1 0 1 3 2 0 2 3 3 1 2 2 2 3 2 0
 2 2 0 1 3 0 0 3 2 0 1 0 0 1 0 0 0 2 1 1 3 0 0 0 0 0 0 1 1 0 3 2 3 2 0 3 0
 0 1 1 1 0 3 1 2 2 1 2 3 2 3 2 2 2 2 0 1 2 0 2 3 2 0 3 0 0 2 2 0 3 3 2 2 3
 0 2 3 1 0 3 1 2 1 3 2 3 0 3 1 2 0 0 0 2 2 2 0 2 2 2 2 2 0 3 3 2 1 1 2 1 3
 2 0 0 0 2 3 3 3 2 0 1 2 0 1 2 3 2 0 0 3 0 2 1 0 0 3 0 3 1 2 0 3 0 0 1 1 1
 2 0 0 1 2 0 2 2 0 3 2 0 2 0 0 1 0 2 2 0 3 1 3 1 3 1 0 1 1 1 1 3 0 1 2 0 2
 1 0 3 0 2 1 2 0 2 3 0 2 0 3 1 2 0 3 2 0 2 0 0 3 3 0 0 2 2 3 0 0 1 2 0 0 3
 2]
Correct_no:970
Accuracy:0.97
生成的报告相关内容：
              precision    recall  f1-score   support

           0       0.96      0.97      0.96       310
           1       1.00      0.96      0.98       220
           2       0.96      1.00      0.98       262
           3       0.98      0.95      0.96       208

    accuracy                           0.97      1000
   macro avg       0.97      0.97      0.97      1000
weighted avg       0.97      0.97      0.97      1000
