打印词频矩阵 countvector ......
[[0 0 0 ... 0 0 0]
 [0 0 0 ... 0 0 0]
 [0 0 0 ... 0 0 0]
 ...
 [0 0 0 ... 0 0 0]
 [0 0 0 ... 0 0 0]
 [0 0 0 ... 0 0 0]]
词频矩阵的形状： (5000, 30094)
显示总标签名称：[0 1 2 3]
X.shape countvector词频矩阵的形状(5000, 30094)
y.shape 相关类标签的形状(5000,)
train_data.shape 训练集矩阵shape：
(4000, 30094)
test_data.shape 测试集矩阵shape：
(1000, 30094)
train_labels.shape 训练集标签矩阵shape：
(4000,)
test_labels.shape 测试集标签矩阵shape：
(1000,)
knn程序运行时间为：3.030081899999999s
Generating reports......
Predict_rlt:
[3 0 0 3 1 2 3 1 0 2 3 2 0 3 2 2 0 3 0 2 1 3 0 2 2 1 1 0 3 1 1 2 3 0 1 2 3
 0 0 0 3 3 1 3 0 1 1 1 2 1 2 0 1 1 2 0 0 1 2 3 3 1 0 3 3 0 0 2 0 1 1 1 0 0
 2 0 1 0 0 0 1 3 1 0 2 3 3 0 0 3 0 2 0 2 0 0 3 2 0 1 0 2 2 2 0 3 3 3 0 0 3
 1 3 1 0 0 0 0 0 3 2 2 0 3 0 1 1 3 1 0 2 2 0 3 0 3 2 0 1 1 3 3 3 1 0 3 1 2
 3 0 3 1 0 0 0 1 0 3 0 2 2 2 1 0 2 1 0 3 1 2 1 3 0 3 3 0 0 2 3 3 3 0 0 0 2
 2 0 0 2 0 2 0 1 3 1 2 0 0 0 2 0 3 2 3 2 3 2 0 2 0 2 3 1 2 3 3 1 3 0 1 2 2
 2 0 2 2 3 2 3 1 1 2 3 0 2 2 1 1 1 0 1 0 0 2 0 2 3 2 3 3 1 0 2 1 3 3 1 3 2
 1 3 1 1 2 3 3 0 0 2 3 2 1 3 1 0 3 1 0 0 2 2 1 2 3 3 2 1 1 0 1 3 0 3 2 2 1
 1 1 0 0 2 0 1 3 1 0 0 0 0 2 3 0 2 3 0 3 3 3 0 2 3 2 1 2 3 0 0 1 3 2 3 2 2
 3 2 2 2 1 2 2 3 0 3 3 2 2 0 0 1 1 0 0 0 0 0 3 3 1 1 1 0 1 2 2 0 1 0 3 0 1
 3 1 2 1 0 2 0 2 2 0 2 3 3 0 3 3 1 3 0 3 1 0 1 2 2 2 2 1 2 0 3 0 0 1 1 0 0
 0 0 3 0 0 2 3 0 3 0 2 1 2 0 0 3 0 1 0 2 1 0 1 2 3 0 3 3 1 0 0 2 1 1 0 2 3
 3 2 0 0 0 2 2 0 0 0 0 1 0 0 0 2 2 0 2 2 2 2 2 0 3 1 2 1 0 3 0 3 1 2 0 0 2
 2 3 2 1 0 0 0 2 1 1 0 0 3 1 0 1 2 0 3 0 1 0 3 2 0 0 1 3 3 2 0 1 1 0 0 2 0
 0 2 0 0 2 0 3 2 2 0 3 0 0 1 3 0 1 3 3 0 1 2 1 1 3 3 0 3 2 3 3 0 0 1 3 3 2
 3 3 1 3 0 0 0 2 2 0 0 0 0 2 2 0 3 1 2 3 0 3 1 3 3 3 2 3 0 2 2 3 0 2 1 3 2
 0 2 0 0 1 3 0 2 2 3 2 0 3 2 0 2 3 0 3 2 0 3 0 0 1 1 0 0 3 1 2 3 3 0 1 0 0
 3 1 3 2 3 2 0 0 2 0 1 2 0 0 2 1 3 1 2 1 3 1 2 0 0 2 1 0 3 3 1 1 2 0 3 0 3
 0 0 0 3 0 0 3 3 2 0 2 3 2 3 2 0 2 2 2 3 3 2 1 1 0 0 3 1 3 0 0 2 3 0 0 0 0
 2 1 1 0 0 0 2 0 0 0 3 0 2 1 1 3 3 3 0 2 0 2 3 0 2 0 2 1 2 2 0 2 3 3 0 0 1
 0 3 1 0 3 0 3 0 0 0 1 2 2 1 2 0 3 2 1 0 0 0 3 3 3 1 3 3 3 3 0 2 0 1 1 0 0
 1 1 3 2 3 0 3 1 3 2 2 2 1 0 1 3 1 3 3 3 1 0 3 2 2 2 1 0 1 1 1 3 0 3 0 0 1
 0 0 3 3 2 2 1 0 3 3 3 1 3 0 0 1 1 3 1 2 2 3 1 1 3 0 1 0 3 0 3 1 0 0 0 0 3
 0 0 2 0 2 2 2 2 2 0 0 3 3 1 1 1 0 3 0 1 2 0 0 0 3 3 3 2 1 0 1 0 3 0 1 0 2
 0 0 2 0 0 3 0 0 3 1 3 1 3 1 1 2 3 2 3 3 2 3 1 1 3 0 1 2 0 3 0 1 3 0 1 0 1
 0 1 3 1 1 3 2 0 0 1 1 2 3 0 3 1 0 2 0 0 1 1 1 1 2 2 0 0 3 3 1 0 1 0 1 0 0
 3 0 1 1 0 0 0 0 1 3 0 0 0 1 0 3 3 0 3 0 0 3 0 3 0 2 2 2 0 2 3 2 2 2 2 2 0
 0]
Correct_no:937
Accuracy:0.937
生成的报告相关内容：
              precision    recall  f1-score   support

           0       0.83      0.99      0.90       281
           1       1.00      0.87      0.93       232
           2       0.99      0.90      0.94       242
           3       0.99      0.98      0.98       245

    accuracy                           0.94      1000
   macro avg       0.95      0.93      0.94      1000
weighted avg       0.95      0.94      0.94      1000

决策树程序运行时间为：5.5321924 s
Generating reports......
Predict_rlt:
[3 0 0 3 1 2 3 1 0 2 3 2 0 3 2 2 0 3 0 2 1 3 0 2 2 1 1 0 3 1 1 2 3 0 1 2 3
 0 0 0 3 3 1 3 1 1 1 1 2 1 2 0 1 1 2 0 0 1 2 3 3 1 0 3 3 0 0 2 0 1 1 1 0 0
 1 0 1 0 0 0 1 3 1 0 2 3 3 0 0 3 0 2 0 2 0 3 3 2 0 1 0 2 2 2 0 3 3 3 0 0 3
 1 3 1 0 0 0 0 0 3 2 2 0 3 0 1 1 3 1 0 2 2 0 3 0 3 2 0 1 1 3 3 3 1 0 3 1 2
 3 0 3 1 0 0 1 1 0 3 0 2 2 2 1 0 2 1 0 3 1 2 1 3 0 3 3 0 0 2 3 3 3 0 1 0 2
 2 0 0 2 0 2 0 1 3 1 2 0 0 1 2 0 3 2 3 2 3 2 0 2 0 2 3 1 2 3 3 1 3 0 1 2 2
 2 0 2 2 0 2 3 1 1 2 3 0 2 2 1 1 1 0 1 0 0 2 1 2 3 2 3 3 1 1 2 1 3 3 1 3 2
 1 3 1 1 2 3 3 0 0 2 3 2 1 3 1 3 3 1 0 0 2 2 1 2 3 3 2 1 1 0 1 3 1 3 2 2 1
 1 1 0 0 2 2 1 3 1 0 0 0 3 2 3 0 2 3 0 3 3 3 0 2 3 2 1 2 3 0 0 1 3 2 3 2 0
 3 2 2 2 1 2 2 3 0 3 3 2 2 0 0 1 1 0 1 0 0 0 3 3 1 1 1 0 1 2 2 0 1 0 3 0 1
 3 1 2 1 1 2 0 2 2 0 2 3 3 0 3 3 1 3 0 3 1 0 1 2 2 2 2 1 2 0 3 2 1 1 1 0 1
 0 0 3 0 0 2 3 0 3 0 2 1 2 0 0 3 0 1 0 2 1 1 1 2 3 0 3 3 1 0 0 2 1 1 3 2 3
 3 2 0 0 0 2 2 0 0 0 0 1 1 0 0 2 2 0 2 2 2 2 2 3 3 1 2 1 0 3 0 3 1 2 0 0 2
 2 3 2 1 0 0 0 2 2 1 2 0 3 1 0 1 2 0 3 0 1 0 3 2 0 0 1 3 3 2 0 1 1 0 1 2 0
 0 2 0 0 2 0 3 2 2 3 3 0 0 1 3 0 1 3 3 0 1 2 1 1 3 3 0 3 2 3 3 0 0 1 3 3 2
 3 3 1 3 0 0 0 2 2 0 0 1 0 2 2 0 3 1 2 3 0 3 1 3 3 3 2 3 0 2 2 3 0 2 1 3 2
 2 2 0 0 1 3 0 2 2 3 2 0 3 2 0 2 3 0 3 2 0 3 0 0 1 1 0 0 3 1 2 3 3 0 1 0 0
 3 1 3 2 3 2 0 1 0 0 1 2 2 0 2 1 3 1 2 1 3 1 2 0 0 2 1 0 3 3 1 1 2 0 3 1 3
 0 0 3 3 0 0 3 3 2 0 2 3 2 3 2 0 2 2 2 3 3 2 1 1 0 0 3 1 3 0 0 2 3 0 0 0 0
 2 1 1 0 0 2 2 0 0 0 3 0 2 1 1 3 3 3 0 2 0 2 3 0 2 0 2 1 2 2 0 0 3 3 0 0 1
 0 3 1 0 3 0 3 0 0 0 1 2 2 1 2 0 3 2 1 1 0 0 3 3 3 1 3 3 3 3 0 2 0 1 1 0 0
 1 1 3 2 3 0 3 1 3 2 2 2 1 0 1 3 1 3 3 3 1 1 3 2 2 2 1 0 1 1 1 3 0 3 0 0 1
 0 0 3 3 2 2 1 0 3 3 3 1 3 0 1 1 1 3 1 2 2 3 1 1 3 0 1 0 3 0 3 1 0 0 0 1 3
 0 0 2 0 2 2 2 2 2 0 0 3 3 1 1 1 0 3 0 1 2 0 0 0 3 3 3 2 1 0 1 0 3 0 1 0 2
 0 0 2 0 0 3 2 0 3 1 3 1 3 1 1 2 3 2 3 3 2 3 1 1 3 0 1 2 0 3 0 1 3 0 1 0 1
 0 1 3 1 1 3 2 0 0 1 1 2 3 1 3 1 0 2 2 0 1 1 1 1 2 2 2 0 3 3 1 0 1 0 1 0 0
 3 0 1 1 0 0 0 0 1 3 0 0 0 1 0 3 3 0 3 0 0 3 1 3 0 2 2 2 0 2 3 2 2 2 2 2 0
 0]
Correct_no:972
Accuracy:0.972
生成的报告相关内容：
              precision    recall  f1-score   support

           0       0.92      0.99      0.95       281
           1       0.99      0.96      0.98       232
           2       1.00      0.94      0.97       242
           3       0.99      1.00      0.99       245

    accuracy                           0.97      1000
   macro avg       0.98      0.97      0.97      1000
weighted avg       0.97      0.97      0.97      1000

高斯朴素贝叶斯模型程序运行时间为：2.975369399999998s
Generating reports......
Predict_rlt:
[3 0 1 3 1 2 3 1 2 2 3 2 0 3 2 2 0 3 0 2 1 3 2 2 2 0 1 0 3 1 1 2 3 0 1 2 3
 0 0 0 3 3 2 3 1 1 0 2 2 1 2 0 1 1 2 0 0 1 2 0 3 1 0 3 3 0 0 2 0 2 2 1 0 0
 0 0 0 1 0 0 1 3 1 0 2 3 3 0 0 3 0 2 0 2 3 3 3 2 0 1 0 2 2 2 0 3 3 3 0 0 3
 1 3 1 0 2 0 0 0 3 2 2 0 3 0 1 1 3 1 0 2 2 0 3 0 3 2 0 2 1 3 3 3 1 0 3 1 2
 3 0 3 1 2 0 3 3 0 2 2 2 2 2 1 0 2 1 0 3 0 2 1 3 0 3 3 0 0 2 3 3 0 0 1 0 2
 2 2 0 2 0 2 0 1 3 1 2 0 0 1 0 0 3 2 3 2 3 2 0 2 0 2 3 1 2 3 3 0 3 0 1 2 2
 2 0 2 2 0 2 3 1 1 2 0 0 2 2 1 1 2 0 1 0 2 2 0 2 3 2 3 3 1 1 2 1 0 3 1 3 2
 1 3 1 1 2 0 3 0 0 2 3 2 1 3 2 3 3 1 0 0 2 2 1 2 2 0 2 0 1 0 0 3 1 3 2 2 1
 1 1 0 2 2 2 1 3 1 0 0 0 3 2 0 0 2 3 0 3 3 3 0 2 3 2 1 2 3 0 0 1 0 2 3 2 0
 3 2 2 2 1 2 2 3 0 3 3 2 2 0 0 1 0 2 1 0 3 0 3 3 0 1 1 0 1 2 2 0 1 2 3 0 1
 3 1 2 1 1 2 0 2 2 0 3 3 3 0 3 3 1 3 0 0 1 0 1 2 2 2 2 1 2 0 3 2 1 1 1 0 1
 0 0 3 0 0 2 3 0 3 0 2 2 2 0 0 3 0 1 0 2 1 1 2 2 3 0 3 3 1 0 0 3 1 1 0 0 3
 3 2 0 3 0 2 2 0 0 0 0 1 1 0 0 2 2 0 2 2 3 2 2 3 3 1 2 1 0 3 0 3 1 2 0 0 2
 2 3 2 1 0 0 0 2 2 0 0 0 3 1 0 1 2 0 3 0 1 0 3 2 0 1 1 3 3 2 0 1 1 0 0 1 0
 0 2 0 0 2 0 0 2 2 0 0 0 0 1 3 0 1 3 3 0 1 2 1 1 2 3 0 3 2 3 0 0 0 1 0 3 2
 3 3 1 0 0 1 0 2 2 0 0 3 0 2 2 0 3 1 2 3 3 3 1 3 3 3 0 3 0 2 2 3 0 2 1 3 2
 2 2 0 0 1 3 0 2 2 3 2 0 3 2 2 2 3 0 3 2 0 2 0 0 1 1 1 0 3 1 2 3 3 0 1 0 0
 3 1 3 2 3 2 0 0 3 0 1 2 2 0 2 1 3 1 2 1 3 1 2 0 2 2 2 0 3 0 1 1 2 0 0 1 3
 0 0 0 3 0 0 3 3 2 0 2 3 2 3 1 0 2 2 2 3 3 2 1 1 0 0 3 0 3 2 0 2 3 0 0 0 0
 2 2 1 0 0 2 2 0 0 0 3 2 2 2 0 3 3 3 0 2 0 2 3 0 2 1 2 0 2 2 0 0 3 3 0 0 1
 0 3 1 0 3 0 3 0 0 0 1 2 2 1 2 0 3 2 1 0 0 0 3 3 3 1 0 3 3 3 0 2 0 1 2 3 1
 1 1 3 2 0 0 3 1 3 2 2 2 1 0 1 3 1 3 3 3 1 2 0 2 2 2 1 2 1 1 1 3 0 3 0 0 2
 0 0 3 3 2 2 1 0 0 3 3 1 3 0 0 1 1 3 1 2 2 3 1 1 3 0 1 0 3 0 3 0 0 0 0 0 3
 0 0 2 0 2 2 2 2 2 0 0 3 3 1 1 1 1 3 1 1 2 0 0 0 3 3 3 2 1 0 1 0 3 0 1 0 2
 0 0 2 0 0 3 2 0 3 1 3 2 3 1 0 2 3 2 3 3 2 3 1 2 3 0 1 2 0 3 2 1 3 0 1 0 1
 0 1 3 1 1 3 2 0 0 1 1 2 3 1 3 1 0 2 2 0 1 2 1 1 3 2 2 0 3 3 1 0 1 0 1 0 0
 3 0 1 1 0 0 0 0 1 3 0 3 0 1 1 3 3 3 3 0 0 3 1 3 0 2 2 2 2 2 3 2 2 2 2 2 0
 2]
Correct_no:903
Accuracy:0.903
生成的报告相关内容：
              precision    recall  f1-score   support

           0       0.85      0.94      0.89       281
           1       0.97      0.81      0.88       232
           2       0.89      0.95      0.92       242
           3       0.94      0.90      0.92       245

    accuracy                           0.90      1000
   macro avg       0.91      0.90      0.90      1000
weighted avg       0.91      0.90      0.90      1000

多元伯努利朴素贝叶斯模型程序运行时间为：7.188881300000002s
Generating reports......
Predict_rlt:
[3 0 1 3 1 2 3 1 2 2 3 2 0 3 2 2 0 3 0 2 1 0 2 2 2 1 1 0 2 1 1 2 2 0 1 2 2
 0 0 0 2 0 2 2 1 1 1 2 2 1 2 0 1 1 2 0 0 1 2 0 3 1 0 3 0 0 0 2 0 2 1 1 0 0
 1 2 1 2 0 0 1 3 1 0 2 0 3 0 2 3 0 2 0 2 3 3 3 2 0 1 0 2 2 2 0 2 3 3 0 0 2
 1 3 1 0 2 0 0 0 3 2 2 0 3 0 1 1 2 1 0 2 2 0 3 0 3 2 0 1 1 3 2 3 1 0 3 1 2
 3 0 2 1 2 0 1 1 0 2 2 2 2 2 1 3 2 2 0 3 1 2 1 3 0 2 0 0 0 2 2 2 2 0 1 0 2
 2 2 0 2 0 2 0 1 3 1 2 0 0 1 2 0 0 2 3 2 0 2 0 2 0 2 3 1 2 3 0 1 2 0 1 2 2
 2 0 2 2 0 2 0 1 1 2 3 0 2 2 1 1 1 0 1 0 2 2 0 2 2 2 3 3 1 1 2 1 0 3 1 3 2
 1 3 1 1 2 0 2 0 0 2 2 2 1 3 1 3 3 1 0 0 2 2 1 2 2 2 2 1 1 0 1 3 1 0 2 2 1
 1 1 0 2 2 2 1 2 1 0 0 0 3 2 2 0 2 3 0 3 2 3 0 2 3 2 1 2 3 0 0 1 0 2 3 2 2
 3 2 2 2 1 2 2 3 0 3 0 2 2 0 0 1 2 0 1 0 0 0 3 3 0 1 1 0 1 2 2 0 1 2 3 0 1
 0 1 2 1 1 2 0 2 2 0 2 3 3 0 3 2 1 3 0 0 1 0 1 2 2 2 2 1 2 0 3 2 1 1 1 0 1
 0 0 3 0 0 2 3 0 0 0 2 1 2 0 0 3 0 1 0 2 1 1 1 2 3 0 3 2 1 3 0 2 1 1 0 2 3
 3 2 0 2 0 2 2 0 0 0 0 1 1 0 0 2 2 0 2 2 2 2 2 2 2 1 2 1 0 3 0 3 1 2 0 0 2
 2 3 2 1 0 0 0 2 2 1 2 0 3 1 0 1 2 0 3 0 1 0 3 2 0 0 1 3 2 2 0 1 1 0 2 2 0
 0 2 2 0 2 0 0 2 2 0 0 2 0 1 3 0 1 3 3 0 1 2 1 1 2 3 0 3 2 3 0 0 0 1 2 3 2
 3 2 1 2 0 1 0 2 2 3 0 0 0 2 2 0 0 1 2 0 0 3 1 3 0 2 2 3 0 2 2 3 0 2 1 3 2
 2 2 0 0 1 3 0 2 2 3 2 0 3 2 2 2 3 0 3 2 0 3 0 0 1 1 2 0 3 1 2 3 2 0 1 0 0
 3 1 3 2 3 2 0 1 0 0 1 2 2 0 2 1 3 1 2 1 2 1 2 0 2 2 1 0 0 0 1 1 2 0 2 1 3
 0 0 0 2 0 0 3 3 2 0 2 2 2 0 2 0 2 2 2 3 3 2 1 1 0 0 2 1 2 2 0 2 0 0 0 0 0
 2 2 1 0 3 2 2 0 0 0 3 2 2 1 0 3 3 3 0 2 0 2 3 0 2 2 2 1 2 2 0 2 2 2 0 0 1
 0 2 1 0 2 0 3 0 0 0 1 2 2 1 2 0 3 2 1 1 0 0 2 2 3 1 0 3 3 3 0 2 3 1 2 0 2
 1 1 0 2 2 0 3 1 2 2 2 2 1 0 1 2 1 2 3 0 1 1 0 2 2 2 1 2 1 1 1 0 0 0 0 0 1
 0 0 3 3 2 2 1 0 2 0 3 1 2 0 1 1 1 0 1 2 2 2 1 1 3 0 1 0 3 0 3 1 0 0 0 1 3
 0 0 2 0 2 2 2 2 2 0 0 2 3 1 1 1 0 2 0 1 2 0 0 0 3 3 3 2 1 0 1 0 3 0 1 0 2
 0 0 2 0 0 2 2 0 3 1 3 1 2 1 1 2 3 2 3 2 2 3 1 2 0 0 1 2 0 3 2 1 2 0 1 0 1
 0 1 3 1 1 0 2 0 0 1 1 2 0 1 3 1 0 2 2 0 1 1 1 1 2 2 2 0 3 3 1 0 1 0 1 0 0
 3 0 1 1 0 0 0 0 1 3 0 3 0 1 0 3 3 3 3 0 0 0 2 3 0 2 2 2 2 2 2 2 2 2 2 2 0
 2]
Correct_no:860
Accuracy:0.86
生成的报告相关内容：
              precision    recall  f1-score   support

           0       0.85      0.94      0.89       281
           1       1.00      0.92      0.96       232
           2       0.74      1.00      0.85       242
           3       0.94      0.58      0.72       245

    accuracy                           0.86      1000
   macro avg       0.88      0.86      0.85      1000
weighted avg       0.88      0.86      0.85      1000

Start training SVM
SVM支持向量机程序运行时间为：127.97368940000001 s
Predict_rlt:
[3 0 1 3 1 2 3 1 0 2 3 2 0 3 2 2 0 3 0 2 1 3 0 2 2 1 1 0 3 1 1 2 3 0 1 2 3
 0 0 0 3 3 1 3 1 1 1 1 0 1 2 0 1 1 2 0 0 1 2 3 3 1 0 3 3 0 0 2 0 1 1 1 0 0
 1 0 1 0 3 0 1 3 1 0 2 3 3 0 0 3 0 2 0 0 3 3 3 2 0 1 0 2 2 2 0 3 3 3 0 0 3
 1 3 1 0 0 0 0 0 3 2 2 0 3 0 1 1 3 1 0 2 2 0 3 0 3 2 0 1 1 3 3 3 1 0 3 1 2
 3 0 3 1 0 0 1 1 0 3 0 2 2 2 1 3 3 1 0 3 1 2 1 3 0 3 3 0 0 2 3 3 3 0 1 0 2
 2 0 0 2 0 2 0 1 3 1 2 0 0 1 2 0 3 2 3 2 3 2 0 2 3 2 3 1 2 3 3 1 3 0 1 2 0
 2 0 2 2 3 2 3 1 1 2 3 0 2 2 1 1 1 0 1 0 0 2 0 2 3 2 3 3 1 1 2 1 3 3 1 3 2
 1 3 1 1 2 3 3 0 0 2 3 2 1 3 1 3 3 1 0 0 2 2 1 2 3 3 3 3 1 0 1 3 1 3 2 2 1
 1 1 3 0 2 0 1 3 3 0 0 0 3 2 3 0 2 3 0 3 3 3 0 2 3 2 1 2 3 0 0 1 3 2 3 2 0
 3 2 2 2 1 2 2 3 0 3 3 2 2 0 0 1 1 0 1 0 0 3 3 3 1 1 1 0 1 2 2 0 1 0 3 0 1
 3 1 3 1 0 2 0 2 2 0 3 3 3 0 3 3 1 3 3 3 1 0 1 2 3 2 2 1 2 0 3 0 1 1 1 0 1
 0 0 3 0 0 2 3 0 3 0 2 1 2 0 0 3 0 1 0 2 1 1 1 2 3 0 3 3 1 3 0 2 1 1 3 2 3
 3 2 0 0 0 2 2 0 0 0 0 1 0 0 0 2 2 0 2 2 2 2 2 0 3 1 2 1 0 3 3 3 1 2 0 0 2
 2 3 2 1 0 0 0 2 0 1 0 0 3 1 0 1 2 0 3 0 1 0 3 2 0 0 1 3 3 2 0 1 1 0 1 2 0
 0 2 3 0 2 0 3 2 2 0 3 0 0 1 3 0 1 3 3 0 1 2 1 1 3 3 0 3 2 3 3 0 0 1 3 3 2
 3 3 1 3 0 0 0 2 2 3 0 0 0 2 2 0 3 1 2 3 0 3 1 3 3 3 3 3 0 2 2 3 0 2 1 3 2
 0 2 0 0 1 3 0 2 2 3 2 0 3 2 0 2 3 0 3 2 0 3 0 0 1 1 0 0 3 1 2 3 3 0 1 0 0
 3 1 3 2 3 2 0 1 0 0 1 2 0 0 2 1 3 1 2 1 3 1 2 0 0 2 1 0 3 3 1 1 2 0 3 1 3
 0 0 3 3 0 0 3 3 2 0 2 3 2 3 2 0 2 2 2 3 3 2 1 1 0 0 3 1 3 0 0 2 3 0 0 0 0
 2 1 1 0 3 0 2 3 0 0 3 0 2 1 1 3 3 3 0 2 0 2 3 0 2 0 2 1 3 2 0 0 3 3 0 0 1
 0 3 1 0 3 0 3 0 0 0 1 2 2 1 2 0 3 2 1 1 0 0 3 3 3 1 3 3 3 3 0 2 3 1 1 0 0
 1 1 3 2 3 0 3 1 3 2 2 2 1 0 1 3 1 3 3 3 1 1 3 2 2 2 1 0 1 1 1 3 0 3 0 0 1
 0 0 3 3 2 2 1 0 3 3 3 1 3 0 1 1 1 3 1 2 2 3 1 1 3 0 1 0 3 0 3 1 0 0 0 1 3
 0 0 2 0 2 2 2 2 2 0 0 3 3 1 1 1 0 3 0 1 2 0 0 0 3 3 3 2 1 0 1 0 3 0 1 0 2
 0 0 2 0 0 3 0 0 3 1 3 1 3 1 3 2 3 2 3 3 2 3 1 1 3 0 1 2 0 3 0 1 3 0 1 0 1
 0 1 3 1 1 3 2 0 0 1 1 2 3 1 3 1 0 2 0 0 1 1 1 1 2 2 0 0 3 3 1 0 1 0 1 0 0
 3 0 1 1 0 0 0 0 1 3 0 3 0 1 0 3 3 3 3 0 0 3 1 3 0 2 2 2 0 2 3 2 2 2 2 2 0
 0]
Correct_no:933
Accuracy:0.933
生成的报告相关内容：
              precision    recall  f1-score   support

           0       0.87      0.94      0.90       281
           1       1.00      0.94      0.97       232
           2       1.00      0.86      0.92       242
           3       0.89      0.99      0.94       245

    accuracy                           0.93      1000
   macro avg       0.94      0.93      0.93      1000
weighted avg       0.94      0.93      0.93      1000

MultinomialNB程序运行时间为：6.499601000000013 s
Predict_rlt:
[3 0 1 3 1 2 3 1 0 2 3 2 0 3 2 2 0 3 0 2 1 3 2 2 2 1 1 0 3 1 1 2 3 0 1 2 3
 0 0 0 3 3 1 3 1 1 1 1 2 1 2 0 1 1 2 0 0 1 2 3 3 1 0 3 3 0 0 2 0 1 1 1 0 0
 1 0 1 1 0 0 1 3 1 0 2 3 3 0 0 3 0 2 0 2 3 3 3 2 0 1 0 2 2 2 0 3 3 3 0 0 3
 1 3 1 0 0 0 0 0 3 2 2 0 3 0 1 1 3 1 0 2 2 0 3 0 3 2 0 1 1 3 3 3 1 0 3 1 2
 3 0 3 1 0 0 1 1 0 3 2 2 2 2 1 0 2 1 0 3 1 2 1 3 0 3 3 0 0 2 3 3 3 0 1 0 2
 2 2 0 2 0 2 0 1 3 1 2 0 0 1 2 0 3 2 3 2 3 2 0 2 0 2 3 1 2 3 3 1 3 0 1 2 2
 2 0 2 2 0 2 3 1 1 2 3 0 2 2 1 1 1 0 1 0 2 2 0 2 3 2 3 3 1 1 2 1 0 3 1 3 2
 1 3 1 1 2 0 3 0 0 2 3 2 1 3 1 3 3 1 0 0 2 2 1 2 3 3 2 1 1 0 1 3 1 3 2 2 1
 1 1 0 2 2 2 1 3 1 0 0 0 3 2 3 0 2 3 0 3 3 3 0 2 3 2 1 2 3 0 0 1 3 2 3 2 2
 3 2 2 2 1 2 2 3 0 3 3 2 2 0 0 1 1 0 1 0 0 0 3 3 0 1 1 0 1 2 2 0 1 2 3 0 1
 3 1 2 1 1 2 0 2 2 0 2 3 3 0 3 3 1 3 0 0 1 0 1 2 2 2 2 1 2 0 3 2 1 1 1 0 1
 0 0 3 0 0 2 3 0 3 0 2 1 2 0 0 3 0 1 0 2 1 1 1 2 3 0 3 3 1 0 0 2 1 1 0 2 3
 3 2 0 3 0 2 2 0 0 0 0 1 1 0 0 2 2 0 2 2 2 2 2 3 3 1 2 1 0 3 0 3 1 2 0 0 2
 2 3 2 1 0 0 0 2 2 1 2 0 3 1 0 1 2 0 3 0 1 0 3 2 0 0 1 3 3 2 0 1 1 0 1 2 0
 0 2 0 0 2 0 3 2 2 0 3 0 0 1 3 0 1 3 3 0 1 2 1 1 3 3 0 3 2 3 0 0 0 1 3 3 2
 3 3 1 3 0 1 0 2 2 0 0 1 0 2 2 0 3 1 2 3 0 3 1 3 3 3 2 3 0 2 2 3 0 2 1 3 2
 2 2 0 0 1 3 0 2 2 3 2 0 3 2 0 2 0 0 3 2 0 3 0 0 1 1 1 0 3 1 2 3 3 0 1 0 0
 3 1 3 2 3 2 0 1 0 0 1 2 2 0 2 1 3 1 2 1 3 1 2 0 2 2 1 0 3 0 1 1 2 0 3 1 3
 0 0 0 3 0 0 3 3 2 0 2 3 2 3 2 0 2 2 2 3 3 2 1 1 0 0 3 1 3 2 0 2 3 0 0 0 0
 2 1 1 0 0 2 2 0 0 0 3 2 2 1 1 3 3 3 0 2 0 2 3 0 2 1 2 1 2 2 0 2 3 3 0 0 1
 0 3 1 0 3 0 3 0 0 0 1 2 2 1 2 0 3 2 1 1 0 0 3 3 3 1 3 3 3 3 0 2 1 1 1 0 1
 1 1 3 2 3 0 3 1 3 2 2 2 1 0 1 3 1 3 3 3 1 1 3 2 2 2 1 2 1 1 1 3 0 3 0 0 1
 0 0 3 3 2 2 1 0 3 3 3 1 3 0 1 1 1 3 1 2 2 3 1 1 3 0 1 0 3 0 3 1 0 0 0 1 3
 0 0 2 0 2 2 2 2 2 0 0 3 3 1 1 1 0 3 1 1 2 0 0 0 3 3 3 2 1 0 1 0 3 0 1 0 2
 0 0 2 0 0 3 0 0 3 1 3 1 3 1 1 2 3 2 3 3 2 3 1 1 3 0 1 2 0 3 2 1 3 0 1 0 1
 0 1 3 1 1 3 2 0 0 1 1 2 3 1 3 1 0 2 2 0 1 1 1 1 2 2 2 0 3 3 1 0 1 0 1 0 0
 3 0 1 1 0 0 0 0 1 3 0 3 0 1 1 3 3 0 3 0 0 0 1 3 0 2 2 2 2 2 3 2 2 2 2 2 0
 2]
Correct_no:977
Accuracy:0.977
生成的报告相关内容：
              precision    recall  f1-score   support

           0       0.95      0.97      0.96       281
           1       0.98      0.98      0.98       232
           2       0.99      0.99      0.99       242
           3       0.99      0.97      0.98       245

    accuracy                           0.98      1000
   macro avg       0.98      0.98      0.98      1000
weighted avg       0.98      0.98      0.98      1000
