打印词频矩阵 countvector ......
[[0 0 0 ... 0 0 0]
 [0 0 0 ... 0 0 0]
 [0 0 0 ... 0 0 0]
 ...
 [0 0 0 ... 0 0 0]
 [0 0 0 ... 0 0 0]
 [0 0 0 ... 0 0 0]]
词频矩阵的形状： (5000, 30082)
显示总标签名称：[0 1 2 3]
X.shape countvector词频矩阵的形状(5000, 30082)
y.shape 相关类标签的形状(5000,)
train_data.shape 训练集矩阵shape：
(4000, 30082)
test_data.shape 测试集矩阵shape：
(1000, 30082)
train_labels.shape 训练集标签矩阵shape：
(4000,)
test_labels.shape 测试集标签矩阵shape：
(1000,)
knn程序运行时间为：2.781519499999945s
Generating reports......
Predict_rlt:
[0 0 2 2 3 0 0 2 1 0 3 1 2 2 3 3 3 1 2 0 3 1 2 3 0 1 1 3 0 0 1 2 3 1 0 1 3
 0 2 3 3 0 1 3 3 3 3 2 1 0 1 0 0 0 2 2 0 1 2 0 0 0 1 0 1 2 3 3 3 1 1 2 3 0
 0 3 2 0 0 2 2 0 0 1 1 1 2 0 2 3 2 0 2 2 1 3 0 1 3 1 3 3 0 2 0 0 3 0 3 2 2
 2 0 2 0 3 1 0 3 3 2 1 0 2 0 0 2 0 0 2 3 2 0 2 0 1 0 2 0 1 2 1 2 2 2 0 0 3
 3 2 2 3 1 1 2 2 0 3 0 2 1 0 0 1 3 2 1 0 2 0 0 0 0 3 1 0 1 2 0 3 2 2 0 2 0
 0 2 2 2 1 2 3 2 0 1 2 2 3 2 2 3 0 1 2 1 2 0 3 0 2 3 1 2 0 0 2 2 0 0 1 0 1
 3 2 3 0 2 3 2 2 0 2 2 0 3 3 0 2 0 3 0 2 2 0 3 2 0 0 2 0 1 0 3 0 3 0 3 3 2
 2 0 0 3 2 2 1 2 2 2 2 0 1 2 3 2 2 2 1 3 0 2 1 3 0 2 0 2 1 1 3 1 0 3 1 3 3
 3 1 0 0 2 0 1 2 3 0 0 0 0 0 0 2 2 1 3 2 1 0 2 1 1 3 2 0 1 2 3 1 0 1 0 2 0
 0 3 1 0 1 0 0 0 3 0 0 0 3 3 0 3 1 1 0 1 0 0 3 1 1 3 0 1 1 1 0 0 2 1 2 1 0
 0 0 2 2 0 2 0 3 0 3 3 0 2 1 3 1 3 0 0 2 2 2 3 3 2 2 1 3 0 1 2 1 3 2 2 2 0
 0 2 0 1 0 0 0 1 2 2 0 3 2 3 3 3 1 3 2 1 3 0 3 0 1 0 3 0 2 0 1 1 3 0 1 0 1
 0 3 0 3 1 2 0 1 2 3 0 3 3 0 2 1 0 2 3 3 3 2 2 3 3 2 1 2 2 3 2 2 1 2 3 0 0
 3 0 1 1 2 3 0 0 1 2 2 0 2 0 2 3 0 3 2 0 1 0 1 1 0 1 3 1 3 3 1 1 0 3 0 0 0
 3 0 0 0 2 2 2 2 2 0 2 0 0 0 1 2 0 1 1 0 3 2 2 0 2 1 0 2 2 3 0 0 2 1 0 0 3
 0 3 2 3 3 3 2 0 3 0 1 3 0 1 3 2 1 1 0 3 3 2 3 3 0 1 1 0 1 2 1 0 0 3 3 0 3
 0 2 0 1 0 0 1 2 0 1 0 3 0 3 2 2 3 0 3 2 1 2 1 3 0 3 2 1 1 2 2 0 3 1 3 3 3
 1 1 0 0 0 2 0 0 0 0 2 0 1 0 3 3 1 0 0 2 2 0 1 1 1 1 0 0 2 0 1 3 3 2 0 1 0
 1 1 3 0 0 0 0 3 1 2 3 0 3 3 1 1 0 3 1 0 2 2 1 3 3 1 0 2 2 0 1 0 3 3 2 0 1
 2 2 1 3 0 3 2 3 2 3 0 0 3 0 2 2 0 1 0 2 1 2 1 2 3 1 1 0 3 3 1 3 2 0 3 0 3
 2 2 3 3 3 2 1 0 3 0 0 3 0 0 0 3 0 0 0 1 2 3 2 2 2 0 1 3 3 0 2 3 2 3 3 2 0
 0 3 1 3 0 3 3 0 2 3 0 0 2 2 3 2 0 1 3 0 0 2 2 0 1 1 2 1 3 1 1 1 0 0 0 3 2
 0 0 2 0 3 0 0 0 0 2 2 0 0 3 1 3 1 3 1 3 0 3 2 2 3 2 0 1 3 1 0 0 1 2 1 3 0
 1 0 2 3 2 2 1 2 1 1 1 1 0 0 1 2 1 2 2 0 3 3 2 0 2 2 0 1 2 2 2 3 3 2 1 2 1
 0 1 1 3 1 0 0 0 2 1 2 0 0 2 2 3 0 1 2 2 0 0 3 2 2 0 0 0 1 2 0 1 1 1 2 0 0
 0 2 3 0 2 0 0 2 1 0 3 3 2 1 1 3 0 2 0 0 3 3 3 0 1 1 2 3 1 2 0 1 1 2 2 3 2
 0 1 3 1 3 2 3 1 3 0 1 3 1 1 3 1 0 1 2 0 0 3 0 1 1 0 1 1 0 1 2 2 0 0 3 1 3
 2]
Correct_no:931
Accuracy:0.931
生成的报告相关内容：
              precision    recall  f1-score   support

           0       0.83      0.97      0.90       269
           1       0.98      0.92      0.95       221
           2       0.97      0.90      0.93       273
           3       0.99      0.93      0.96       237

    accuracy                           0.93      1000
   macro avg       0.94      0.93      0.93      1000
weighted avg       0.94      0.93      0.93      1000

决策树程序运行时间为：5.570583899999974 s
Generating reports......
Predict_rlt:
[0 0 2 2 3 0 0 2 1 0 3 1 2 2 3 3 3 1 2 0 3 1 2 3 0 1 1 3 0 0 1 2 3 1 0 1 3
 0 2 3 3 0 1 3 3 3 3 2 1 0 1 0 0 0 2 2 0 1 2 0 0 2 1 0 1 2 2 3 3 1 1 2 3 0
 0 3 2 0 0 2 2 0 0 1 1 1 2 0 2 3 2 0 2 2 1 2 0 1 3 1 3 3 0 2 0 0 3 0 3 2 2
 2 0 2 0 3 1 2 3 3 2 1 0 0 0 0 2 2 2 2 3 2 0 2 0 1 0 2 0 1 2 1 2 2 2 0 0 3
 3 2 2 3 1 1 2 2 0 3 0 2 1 0 0 1 3 2 1 0 2 0 0 0 0 3 1 0 1 2 0 3 2 2 0 2 2
 0 2 2 2 1 2 3 2 0 1 2 2 3 2 2 3 0 1 2 1 2 0 3 0 2 3 1 2 0 0 2 2 0 0 1 0 1
 3 2 3 0 2 3 2 2 0 2 2 0 3 3 0 2 0 3 0 2 2 0 3 2 0 0 2 0 1 0 3 0 3 0 3 3 2
 2 0 0 3 2 2 1 2 2 2 2 0 1 2 3 2 2 2 1 3 0 2 1 3 0 2 0 2 1 1 3 1 1 0 1 3 0
 3 1 2 1 2 0 1 2 3 0 0 0 3 0 0 2 2 1 3 2 1 0 2 1 1 3 2 2 1 2 3 2 0 1 0 2 0
 0 3 1 0 1 0 1 0 3 0 0 0 3 3 0 3 1 1 0 1 0 0 3 1 2 3 0 1 1 1 0 0 2 1 2 1 0
 0 0 2 2 0 2 0 3 0 3 3 0 2 1 3 1 3 0 0 2 2 3 3 3 2 2 1 3 0 1 2 1 3 2 2 0 0
 0 2 0 1 0 0 0 1 2 2 0 3 2 3 3 3 1 3 2 1 3 0 3 0 1 1 3 0 2 0 1 1 3 1 1 0 1
 0 3 3 3 1 2 0 1 2 3 0 3 3 0 2 1 0 2 3 3 3 2 2 3 3 2 0 2 2 3 2 2 1 2 3 0 0
 3 0 1 1 2 3 1 0 1 2 2 0 2 0 2 3 0 3 2 0 1 0 1 1 0 1 3 1 3 3 1 1 0 3 0 0 0
 3 0 0 0 2 2 3 3 2 0 2 0 0 0 1 2 0 1 1 0 3 2 2 0 2 1 0 2 2 3 0 0 2 1 0 0 3
 0 3 2 3 3 3 2 0 3 0 1 3 0 1 3 2 1 1 0 3 3 2 3 3 1 1 1 0 1 2 1 0 0 3 3 1 3
 0 2 0 1 0 0 1 2 0 1 0 3 0 3 2 2 3 0 3 2 1 2 1 3 0 3 2 1 1 2 2 0 3 1 3 3 3
 1 1 0 0 3 2 0 0 0 3 2 1 1 0 3 3 1 0 0 2 2 0 1 1 1 1 0 0 2 0 1 3 3 2 0 1 0
 1 1 3 0 0 0 2 3 1 2 3 0 3 3 1 1 0 3 1 0 2 2 1 3 3 1 1 0 2 0 1 0 3 3 2 0 1
 2 2 1 3 0 3 2 3 2 3 0 0 3 2 2 2 0 1 0 2 1 2 1 2 3 1 1 0 3 3 1 3 2 0 3 0 3
 2 2 3 3 3 2 1 0 3 0 0 3 2 0 0 3 0 0 0 1 2 3 2 2 2 0 1 3 3 0 2 3 2 3 3 2 2
 0 3 1 3 0 3 3 0 2 3 0 0 2 2 3 2 1 1 3 0 0 2 2 0 1 1 2 1 3 1 1 1 0 1 0 3 2
 0 0 2 0 3 0 1 0 0 2 2 0 0 3 1 3 1 3 1 3 3 3 2 2 3 2 0 1 3 1 0 0 1 2 1 3 0
 0 2 2 3 2 2 1 0 1 1 1 1 0 0 1 2 1 2 2 0 3 3 2 0 2 2 1 1 2 2 2 3 3 2 1 2 1
 0 1 2 3 1 0 0 0 2 1 2 0 2 2 2 3 0 1 2 2 0 0 3 2 2 0 0 3 1 2 0 1 1 1 2 0 0
 0 2 3 0 2 0 2 2 1 0 3 3 2 1 1 3 0 2 0 0 3 3 3 3 1 1 2 3 1 2 0 1 1 2 2 3 2
 0 1 3 1 3 2 3 1 3 0 1 3 1 1 3 1 0 1 2 0 0 3 0 1 1 0 1 1 0 1 2 0 1 0 3 1 3
 2]
Correct_no:978
Accuracy:0.978
生成的报告相关内容：
              precision    recall  f1-score   support

           0       0.93      1.00      0.96       269
           1       1.00      0.99      1.00       221
           2       0.99      0.96      0.98       273
           3       1.00      0.96      0.98       237

    accuracy                           0.98      1000
   macro avg       0.98      0.98      0.98      1000
weighted avg       0.98      0.98      0.98      1000

高斯朴素贝叶斯模型程序运行时间为：3.035511499999984s
Generating reports......
Predict_rlt:
[0 3 2 2 3 0 0 2 1 0 3 1 2 2 3 3 3 1 2 0 3 1 2 3 0 1 1 3 0 0 1 2 3 1 0 1 3
 0 2 3 3 2 1 3 3 3 0 2 1 0 1 0 0 0 2 2 0 1 2 0 0 2 1 2 1 3 2 1 3 1 1 2 0 0
 0 3 2 0 0 2 2 0 0 1 1 1 2 0 2 3 2 0 2 0 1 3 1 1 3 1 3 3 0 2 0 0 3 0 3 2 2
 2 0 2 0 3 1 2 3 3 2 1 0 0 2 0 0 0 2 2 3 2 2 2 0 1 0 2 0 1 2 1 2 2 2 0 0 3
 3 2 2 3 1 0 2 2 0 3 0 2 1 2 0 1 0 2 1 0 2 0 0 3 0 3 1 0 1 2 0 3 2 2 0 2 1
 0 2 2 2 1 2 3 2 0 1 2 2 3 2 2 3 0 1 2 1 2 0 3 0 2 3 1 2 0 0 2 2 0 0 1 0 0
 3 2 2 0 2 3 2 2 2 2 2 0 3 0 0 2 0 3 3 2 1 1 3 2 0 0 2 0 1 0 3 0 3 0 3 3 2
 2 0 1 3 2 2 1 2 2 2 2 0 1 0 3 2 2 2 1 3 2 2 1 3 0 2 2 2 1 1 3 1 1 0 1 3 0
 3 1 2 0 2 0 1 2 3 0 0 1 3 0 0 2 3 1 1 2 1 0 0 1 1 3 2 2 1 2 3 2 0 1 0 2 0
 0 3 1 0 1 0 1 1 3 0 0 0 3 3 0 3 1 1 0 1 0 0 3 1 2 3 0 1 1 2 0 0 2 1 2 1 0
 3 0 2 2 1 2 0 3 0 3 3 0 2 1 3 0 3 0 0 2 2 3 3 3 2 2 1 3 2 1 2 1 3 2 2 0 0
 0 2 0 1 0 0 0 1 2 2 0 3 2 3 3 3 0 3 2 1 3 0 3 0 1 3 3 0 2 0 1 1 3 1 1 0 1
 0 3 3 0 0 3 0 1 2 3 0 3 3 0 2 1 0 2 3 0 3 2 2 3 3 2 0 2 2 3 2 2 1 2 3 0 0
 3 0 1 1 2 0 1 0 1 2 2 2 3 0 2 3 1 3 2 3 1 0 1 1 0 1 0 1 3 3 1 1 0 3 0 0 0
 3 3 0 0 2 2 3 3 2 0 2 1 0 2 1 2 0 1 1 0 3 2 2 0 0 1 0 2 2 3 0 0 3 1 2 0 3
 0 3 2 3 3 3 2 0 0 0 1 3 0 1 3 2 1 1 0 3 3 2 0 3 0 1 1 1 1 2 1 0 0 3 3 1 3
 0 2 0 1 3 0 1 0 2 1 2 3 0 3 2 2 3 0 2 2 1 2 1 3 0 3 2 1 1 2 2 2 3 1 3 3 3
 1 1 0 0 3 2 0 3 0 3 2 1 1 0 3 3 1 0 0 2 2 0 1 1 3 1 0 0 2 0 1 3 3 2 0 1 0
 1 0 0 0 0 0 2 3 1 2 3 0 3 1 1 1 0 3 1 0 3 3 1 0 3 1 1 0 2 0 1 0 3 3 2 0 1
 2 2 2 3 0 3 2 2 2 3 0 0 3 3 2 2 3 1 0 2 1 3 1 2 3 1 1 0 3 3 1 3 2 0 3 0 3
 2 2 3 3 3 2 1 0 3 0 0 3 2 0 0 3 0 0 0 1 2 3 2 2 2 0 0 3 3 0 0 3 3 3 3 2 0
 0 3 1 3 0 3 3 0 2 3 3 0 2 2 3 2 1 1 3 0 0 2 2 3 1 1 2 1 3 1 1 0 0 1 0 3 2
 1 0 2 0 3 0 1 2 1 2 2 0 1 0 2 3 1 3 0 3 3 3 2 2 3 2 0 1 3 1 0 0 1 2 1 3 0
 0 2 2 3 2 3 1 0 1 1 1 1 0 0 1 2 1 2 2 0 3 3 2 0 2 2 3 1 2 3 2 3 3 2 1 2 1
 0 1 2 3 1 0 0 0 2 1 2 0 2 0 2 3 0 1 2 2 0 0 3 3 0 1 0 3 1 2 0 1 1 0 2 0 0
 0 2 3 0 2 2 2 2 1 0 3 3 2 1 1 3 0 2 0 0 3 3 0 3 1 1 2 3 1 2 0 1 1 2 2 3 3
 0 1 3 1 3 2 3 1 3 1 1 3 1 1 3 1 0 1 2 1 0 3 0 1 1 0 1 1 3 1 2 3 1 0 3 1 3
 2]
Correct_no:902
Accuracy:0.902
生成的报告相关内容：
              precision    recall  f1-score   support

           0       0.86      0.90      0.88       269
           1       0.92      0.92      0.92       221
           2       0.95      0.90      0.92       273
           3       0.89      0.89      0.89       237

    accuracy                           0.90      1000
   macro avg       0.90      0.90      0.90      1000
weighted avg       0.90      0.90      0.90      1000

多元伯努利朴素贝叶斯模型程序运行时间为：7.417742800000042s
Generating reports......
Predict_rlt:
[0 0 2 2 3 0 0 2 1 0 2 1 2 2 1 3 3 1 2 0 3 1 2 3 0 1 1 3 0 0 1 2 2 1 2 1 3
 0 2 2 2 2 1 2 3 3 1 2 1 0 1 0 0 0 2 2 0 1 2 0 0 2 1 0 1 2 3 2 3 1 1 2 3 0
 0 2 2 0 0 2 2 0 0 1 1 1 2 0 2 3 2 0 2 2 1 0 2 1 2 1 3 3 0 2 0 0 3 0 2 2 2
 2 0 2 0 3 1 2 2 2 2 1 0 0 2 0 2 2 2 2 3 2 2 2 2 1 0 2 0 1 2 1 2 2 2 0 0 2
 2 2 2 3 1 1 2 2 0 2 0 2 1 0 0 1 3 2 1 0 2 2 0 0 0 3 1 0 1 2 0 2 2 2 0 2 2
 0 2 2 2 2 2 3 2 0 1 2 2 3 2 2 3 0 1 2 1 2 0 3 0 2 3 1 2 0 0 2 2 0 2 1 0 1
 3 2 2 0 2 2 2 2 2 2 2 0 2 2 2 2 0 2 0 2 2 2 3 2 0 0 2 0 1 0 3 0 2 0 3 3 2
 2 0 0 3 2 2 1 2 2 2 2 0 1 2 3 2 2 2 1 3 2 2 1 3 0 2 0 2 1 1 3 1 1 3 1 3 0
 3 1 2 0 2 0 1 2 2 0 0 0 3 0 0 2 2 1 2 2 1 0 2 1 1 3 2 2 1 2 3 2 0 1 0 2 0
 0 3 1 0 1 0 1 1 2 0 0 0 3 3 0 3 1 1 0 1 0 0 3 1 2 3 0 1 1 2 0 0 2 1 2 1 0
 0 0 2 2 0 2 0 2 0 3 2 0 2 1 0 1 3 0 2 2 2 3 3 3 2 2 1 3 0 1 2 1 3 2 2 0 0
 0 2 0 1 0 0 0 1 2 2 0 3 2 3 3 3 1 2 2 1 3 0 3 0 1 3 2 0 2 0 1 1 2 2 1 0 1
 0 3 0 3 1 2 0 1 2 3 0 0 3 0 2 1 0 2 3 3 2 2 2 3 3 2 0 2 2 2 2 2 1 2 3 0 0
 3 0 1 1 2 2 1 0 1 2 2 2 2 0 2 3 2 3 2 2 1 0 1 1 0 1 2 1 0 2 1 1 0 2 0 0 0
 3 0 0 0 2 2 3 3 2 0 2 2 0 2 1 2 0 1 1 0 3 2 2 0 2 1 0 2 2 3 0 0 2 1 2 0 3
 0 3 2 2 3 2 2 0 2 0 1 3 0 1 3 2 1 1 0 3 2 2 1 3 1 1 1 2 1 2 1 0 0 2 2 1 2
 0 2 0 1 0 0 1 2 2 1 2 3 0 3 2 2 3 0 2 2 1 2 1 3 0 2 2 1 1 2 2 2 3 1 3 3 3
 1 2 0 0 3 2 0 0 0 3 2 2 1 0 0 2 1 0 0 2 2 0 1 1 1 1 0 0 2 0 1 3 2 2 0 1 0
 1 1 2 0 0 0 2 3 1 2 3 0 2 0 1 2 0 3 1 2 2 2 1 2 3 1 1 0 2 0 1 0 3 3 2 0 1
 2 2 1 3 0 2 2 0 2 3 0 0 2 2 2 2 3 1 0 2 1 2 1 2 3 1 1 0 0 3 1 3 2 0 3 0 3
 2 2 2 2 0 2 1 0 3 0 0 2 2 0 0 3 0 0 0 1 2 0 2 2 2 0 1 2 2 0 0 3 2 0 3 2 2
 0 2 1 2 0 3 2 0 2 3 3 0 2 2 3 2 1 1 3 0 0 2 2 0 1 1 2 1 3 1 1 1 0 1 0 2 2
 0 0 2 0 2 3 1 2 2 2 2 0 2 2 1 3 1 3 1 3 3 0 2 2 3 2 0 1 0 1 0 0 1 2 1 3 0
 1 2 2 2 2 2 1 0 1 1 1 1 0 0 1 2 1 2 2 0 2 3 2 0 2 2 0 1 2 2 2 2 3 2 1 2 1
 0 2 2 3 1 0 0 0 2 1 2 0 2 2 2 3 0 1 2 2 0 0 3 2 2 2 0 3 1 2 0 1 1 1 2 0 0
 0 2 3 0 2 0 2 2 1 0 3 0 2 1 1 0 0 2 0 0 3 3 0 3 1 1 2 2 1 2 0 1 1 2 2 3 2
 0 1 3 1 3 2 2 1 3 2 1 3 1 1 3 1 2 1 2 0 0 2 0 1 1 0 1 1 0 1 2 3 2 0 3 1 3
 2]
Correct_no:873
Accuracy:0.873
生成的报告相关内容：
              precision    recall  f1-score   support

           0       0.92      0.93      0.92       269
           1       0.98      0.95      0.96       221
           2       0.74      0.99      0.85       273
           3       0.97      0.60      0.74       237

    accuracy                           0.87      1000
   macro avg       0.90      0.87      0.87      1000
weighted avg       0.89      0.87      0.87      1000

Start training SVM
SVM支持向量机程序运行时间为：130.6434928 s
Predict_rlt:
[0 0 2 3 3 0 0 2 1 0 3 1 2 2 3 3 3 1 2 0 3 1 2 3 0 1 1 3 0 0 1 2 3 1 1 1 3
 0 2 3 3 0 1 3 3 3 3 2 1 0 1 0 0 0 2 2 0 1 2 0 0 0 1 0 1 2 3 3 3 1 1 3 3 0
 0 3 2 0 0 2 2 0 0 1 1 1 2 0 2 3 2 0 2 2 1 3 3 1 3 1 3 3 0 2 0 0 3 0 3 2 2
 2 0 2 0 3 1 2 3 3 2 1 0 0 2 0 2 2 2 2 3 2 1 2 0 1 0 2 0 1 2 1 2 2 2 0 0 3
 3 2 2 3 1 1 2 2 0 3 0 2 1 0 0 1 3 2 1 0 2 0 0 0 0 3 1 0 1 2 0 3 2 2 0 2 3
 0 2 2 2 1 2 3 2 0 1 2 2 3 2 2 3 0 1 2 1 2 0 3 0 2 3 1 2 0 0 2 2 0 0 1 0 1
 3 2 3 0 2 3 2 2 1 2 2 0 3 3 0 2 0 3 0 2 2 1 3 2 0 0 2 0 1 0 3 0 3 0 3 3 2
 2 0 0 3 2 2 1 2 2 2 2 0 1 2 3 2 2 2 1 3 1 2 1 3 0 2 0 2 1 1 3 1 1 3 1 3 3
 3 1 2 3 2 0 1 2 3 3 0 0 3 0 0 2 2 1 3 2 1 0 2 1 1 3 2 2 1 2 3 2 0 1 0 2 0
 0 3 1 0 1 0 1 1 3 0 0 0 3 3 0 3 1 1 0 1 0 0 3 1 2 3 0 1 1 1 0 0 2 1 2 1 0
 0 0 2 2 0 2 0 3 0 3 3 0 2 1 3 1 3 0 0 2 2 3 3 3 2 2 1 3 0 1 2 1 3 2 2 0 0
 0 2 0 1 0 0 0 1 2 2 0 3 2 3 3 3 1 3 2 1 3 0 3 0 1 1 3 3 2 0 1 1 3 1 1 0 1
 0 3 3 3 1 3 0 1 2 3 0 3 3 0 2 1 0 2 3 3 3 2 2 3 3 2 3 2 2 3 2 2 1 2 3 0 0
 3 0 1 1 2 3 1 0 1 2 2 1 0 0 2 3 1 3 2 0 1 0 1 1 0 1 3 1 3 3 1 1 0 3 0 0 0
 3 0 0 0 2 2 3 3 2 0 2 1 0 2 1 2 0 1 1 0 3 2 2 0 2 1 0 2 2 3 0 0 2 1 2 0 3
 0 3 2 3 3 3 2 0 3 0 1 3 0 1 3 2 1 1 0 3 3 2 3 3 1 1 1 0 1 2 1 0 0 3 3 1 3
 0 2 0 1 0 0 1 2 2 1 0 3 0 3 2 2 3 0 3 2 3 2 1 3 0 3 2 1 1 2 2 1 3 1 3 3 3
 1 1 0 0 3 2 0 0 0 3 2 1 1 0 3 3 1 0 0 2 2 0 1 1 1 1 0 0 2 0 1 3 3 2 0 1 0
 1 1 3 0 0 0 2 3 1 2 3 0 3 3 1 1 0 3 1 0 2 2 1 3 3 1 1 0 2 0 1 0 3 3 2 0 1
 2 2 1 3 3 3 2 3 2 3 0 0 3 2 2 2 3 1 0 2 1 2 3 2 3 1 1 0 3 3 1 3 2 0 3 0 3
 2 2 3 3 3 2 1 0 3 0 0 3 2 0 0 3 0 0 0 1 2 3 2 2 2 0 3 3 3 0 2 3 2 3 3 2 0
 0 3 1 3 0 3 3 3 2 3 3 0 2 2 3 2 1 1 3 0 0 2 2 0 1 1 2 1 3 1 1 1 0 0 0 3 2
 1 0 2 0 3 3 1 0 1 2 2 0 0 3 1 3 1 3 1 3 3 3 2 2 3 2 0 1 3 1 0 0 1 2 1 3 0
 1 2 2 3 2 2 1 0 1 1 1 1 0 0 1 2 1 2 2 0 3 3 2 0 2 2 1 1 2 2 2 3 3 2 1 2 1
 0 1 2 3 1 0 0 0 2 1 2 0 2 2 2 3 0 1 2 2 0 0 3 2 2 1 0 3 1 2 0 1 1 1 2 0 0
 0 2 3 0 2 0 0 2 1 0 3 3 2 1 1 3 0 2 0 0 3 3 3 3 1 1 2 3 1 2 0 1 1 2 2 3 2
 0 1 3 1 3 2 3 1 3 0 1 3 1 1 3 1 0 1 2 0 0 3 0 0 1 0 1 1 0 1 2 3 1 0 3 1 3
 2]
Correct_no:959
Accuracy:0.959
生成的报告相关内容：
              precision    recall  f1-score   support

           0       0.96      0.94      0.95       269
           1       0.94      0.97      0.96       221
           2       1.00      0.95      0.97       273
           3       0.93      0.98      0.96       237

    accuracy                           0.96      1000
   macro avg       0.96      0.96      0.96      1000
weighted avg       0.96      0.96      0.96      1000

MultinomialNB程序运行时间为：6.758703399999831 s
Predict_rlt:
[0 0 2 2 3 0 0 2 1 0 3 1 2 2 1 3 3 1 2 0 3 1 2 3 0 1 1 3 0 0 1 2 3 1 0 1 3
 0 2 3 3 2 1 3 3 3 3 2 1 0 1 0 0 0 2 2 0 1 2 0 0 2 1 0 1 2 3 3 3 1 1 2 3 0
 0 3 2 0 0 2 2 0 0 1 1 1 2 0 2 3 2 0 2 2 1 3 1 1 3 1 3 3 0 2 0 0 3 0 3 2 2
 2 0 2 0 3 1 2 3 3 2 1 0 0 2 0 2 2 2 2 3 2 2 2 0 1 0 2 0 1 2 1 2 2 2 0 0 3
 3 2 2 3 1 1 2 2 0 3 0 2 1 0 0 1 3 2 1 0 2 0 0 0 0 3 1 0 1 2 0 3 2 2 0 2 2
 0 2 2 2 1 2 3 2 0 1 2 2 3 2 2 3 0 1 2 1 2 0 3 0 2 3 1 2 0 0 2 2 0 0 1 0 1
 3 2 2 0 2 3 2 2 2 2 2 0 3 3 1 2 0 3 0 2 2 0 3 2 0 0 2 0 1 0 3 0 3 0 3 3 2
 2 0 0 3 2 2 1 2 2 2 2 0 1 2 3 2 2 2 1 3 2 2 1 3 0 2 0 2 1 1 3 1 1 0 1 3 3
 3 1 2 0 2 0 1 2 3 0 0 0 0 0 0 2 2 1 1 2 1 0 2 1 1 3 2 2 1 2 3 2 0 1 0 2 0
 0 3 1 0 1 0 1 1 3 0 0 0 3 3 0 3 1 1 0 1 0 0 3 1 2 3 0 1 1 1 0 0 2 1 2 1 0
 0 0 2 2 0 2 0 3 0 3 3 0 2 1 0 1 3 0 2 2 2 3 3 3 2 2 1 3 0 1 2 1 3 2 2 0 0
 0 2 0 1 0 0 0 1 2 2 0 3 2 3 3 3 1 3 2 1 3 0 3 0 1 3 3 0 2 0 1 1 3 2 1 0 1
 0 3 3 3 1 3 0 1 2 3 0 3 3 0 2 1 0 2 3 0 3 2 2 3 3 2 0 2 2 3 2 2 1 2 3 0 0
 3 0 1 1 2 3 1 0 1 2 2 2 2 0 2 3 0 3 2 3 1 0 1 1 0 1 3 1 3 3 1 1 0 3 0 0 0
 3 0 0 0 2 2 3 3 2 0 2 1 0 2 1 2 0 1 1 0 3 2 2 0 2 1 0 2 2 3 0 0 2 1 2 0 3
 0 3 2 3 3 3 2 0 3 0 1 3 0 1 3 2 1 1 0 3 3 2 3 3 1 1 1 2 1 2 1 0 0 3 3 1 3
 0 2 0 1 0 0 1 2 2 1 0 3 0 3 2 2 3 0 3 2 1 2 1 3 0 3 2 1 1 2 2 2 3 1 3 3 3
 1 1 0 0 3 2 0 0 0 3 2 0 1 0 3 3 1 0 0 2 2 0 1 1 1 1 0 0 2 0 1 3 3 2 0 1 0
 1 1 3 0 0 0 2 3 1 2 3 0 3 3 1 1 0 3 1 3 2 2 1 3 3 1 1 0 2 0 1 0 3 3 2 0 1
 2 2 1 3 0 3 2 2 2 3 0 0 3 2 2 2 3 1 0 2 1 2 1 2 3 1 1 0 3 3 1 3 2 0 3 0 3
 2 2 3 3 3 2 1 0 3 0 0 3 2 0 0 3 0 0 0 1 2 3 2 2 2 0 1 3 3 0 0 3 2 3 3 2 2
 0 3 1 3 0 3 3 0 2 3 3 0 2 2 3 2 1 1 3 0 0 2 2 0 1 1 2 1 3 1 1 1 0 1 0 3 2
 0 0 2 0 3 0 1 2 2 2 2 0 1 3 1 3 1 3 1 3 3 3 2 2 3 2 0 1 3 1 0 0 1 2 1 0 0
 1 2 2 3 2 2 1 0 1 1 1 1 0 0 1 2 1 2 2 0 3 3 2 0 2 2 3 1 2 2 2 3 3 2 1 2 1
 0 1 2 3 1 0 0 0 2 1 2 0 2 2 2 3 0 1 2 2 0 0 3 2 2 2 2 3 1 2 0 1 1 1 2 0 0
 0 2 3 0 2 0 2 2 1 0 3 3 2 1 1 3 0 2 0 0 3 3 0 3 1 1 2 3 1 2 0 1 1 2 2 3 2
 0 1 3 1 3 2 3 1 3 0 1 3 1 1 3 1 3 1 2 0 0 3 0 1 1 0 1 1 0 1 2 3 1 0 3 1 3
 2]
Correct_no:969
Accuracy:0.969
生成的报告相关内容：
              precision    recall  f1-score   support

           0       0.97      0.96      0.96       269
           1       0.97      0.98      0.98       221
           2       0.96      0.99      0.97       273
           3       0.97      0.95      0.96       237

    accuracy                           0.97      1000
   macro avg       0.97      0.97      0.97      1000
weighted avg       0.97      0.97      0.97      1000
