打印词频矩阵 countvector ......
[[0 0 0 ... 0 0 0]
 [0 0 0 ... 0 0 0]
 [0 0 0 ... 0 0 0]
 ...
 [0 0 0 ... 0 0 0]
 [0 0 0 ... 0 0 0]
 [0 0 0 ... 0 0 0]]
词频矩阵的形状： (5000, 31182)
显示总标签名称：[0 1 2 3]
X.shape countvector词频矩阵的形状(5000, 31182)
y.shape 相关类标签的形状(5000,)
train_data.shape 训练集矩阵shape：
(4000, 31182)
test_data.shape 测试集矩阵shape：
(1000, 31182)
train_labels.shape 训练集标签矩阵shape：
(4000,)
test_labels.shape 测试集标签矩阵shape：
(1000,)
knn程序运行时间为：2.822183799999948s
Generating reports......
Predict_rlt:
[2 2 2 1 3 2 1 3 2 0 3 2 1 2 2 0 1 3 0 3 1 2 0 3 0 0 2 1 2 3 0 0 3 1 1 0 0
 0 0 2 0 1 2 0 1 1 0 0 2 2 0 0 2 3 0 1 1 3 2 1 0 3 2 0 0 2 3 0 2 2 0 1 1 0
 2 2 0 1 0 2 0 3 1 3 3 1 0 3 2 2 2 2 3 0 1 0 0 3 3 0 2 3 2 0 3 3 1 1 2 3 1
 3 2 0 1 3 1 0 3 1 2 2 0 3 3 2 1 3 3 1 1 2 0 2 2 2 2 3 3 3 0 3 0 0 1 2 2 1
 0 3 0 3 1 2 0 0 1 2 2 2 0 0 1 2 1 1 2 3 2 2 1 0 3 0 0 2 0 2 1 0 3 3 0 2 1
 2 3 0 0 0 3 0 0 2 1 0 0 1 2 1 1 2 1 0 3 3 2 0 3 3 0 2 3 2 0 2 0 1 2 0 0 0
 3 2 3 0 2 0 2 3 1 0 0 0 0 3 2 2 3 3 3 0 0 0 2 0 2 0 2 2 0 2 1 1 2 1 3 2 2
 2 3 0 0 3 0 3 0 1 0 1 3 2 2 0 1 2 1 2 0 1 0 2 2 2 1 0 3 3 0 0 3 1 3 3 0 3
 2 2 2 0 2 0 3 1 2 0 0 3 1 2 2 2 1 0 3 3 2 3 2 0 1 1 3 2 3 0 0 3 3 0 1 2 3
 2 3 2 0 2 2 3 3 0 1 2 1 2 2 1 1 2 0 0 0 0 0 1 0 3 1 0 3 2 3 0 2 0 3 2 0 2
 3 0 3 0 3 1 0 0 0 0 2 0 3 0 3 3 3 2 2 3 3 1 3 0 3 1 1 3 1 2 2 3 0 3 3 3 0
 3 3 2 2 0 0 2 3 0 0 2 1 3 0 2 1 0 0 0 2 0 3 0 0 0 2 1 2 0 1 1 0 1 3 2 1 0
 3 3 3 0 2 1 2 1 2 1 2 0 1 2 0 0 0 2 0 3 0 0 3 0 0 3 0 0 1 2 1 3 0 1 3 1 1
 0 1 0 1 0 1 3 0 3 2 2 3 3 3 1 3 3 3 3 0 1 3 2 3 2 1 0 1 0 3 0 0 0 1 0 2 0
 3 1 3 2 0 0 3 1 1 3 2 0 2 1 0 0 0 0 0 0 0 2 3 2 1 3 3 1 0 0 1 2 0 0 1 0 0
 2 3 0 1 1 2 0 1 3 0 1 0 2 3 1 2 0 2 1 0 3 2 1 0 0 3 0 0 2 0 0 1 2 0 2 2 2
 3 0 1 1 0 0 2 3 0 0 1 3 2 3 2 2 3 2 2 0 3 1 1 0 0 3 1 2 3 3 2 0 1 0 3 3 2
 2 0 0 0 0 0 2 2 0 0 1 0 1 0 2 2 0 0 3 0 0 0 3 2 1 2 1 1 1 3 3 0 1 2 0 2 0
 2 0 2 2 0 0 1 3 1 2 3 3 0 2 1 3 2 0 0 1 3 2 0 1 1 3 0 2 1 3 3 0 2 3 0 0 0
 3 0 3 3 1 1 0 0 1 3 3 1 3 1 2 3 2 3 1 0 3 1 3 0 3 1 1 1 0 1 0 1 2 2 2 3 3
 3 0 0 3 0 0 3 2 3 0 0 0 2 0 2 1 1 0 2 2 0 0 0 1 0 1 2 2 3 2 1 2 1 0 2 2 3
 3 1 0 0 2 0 3 2 0 0 3 2 0 1 1 0 1 1 0 2 3 1 0 2 0 0 3 0 0 2 2 0 3 1 1 0 1
 1 1 2 1 2 3 0 2 0 1 0 0 1 1 2 3 1 3 0 1 0 3 2 3 2 3 0 2 2 2 3 1 1 2 3 0 1
 1 1 3 0 3 3 3 0 2 2 2 3 0 0 2 3 1 3 2 2 1 3 3 0 2 3 2 0 2 2 2 1 1 2 1 0 0
 1 2 3 3 3 0 2 3 0 2 3 2 2 3 0 0 2 3 3 1 1 2 2 2 3 2 2 0 0 2 2 0 0 2 2 2 1
 3 2 2 0 0 3 1 1 2 2 2 0 0 1 3 0 0 1 1 0 2 0 3 1 1 2 0 0 1 3 0 0 0 0 0 1 1
 0 0 1 2 0 2 1 0 1 0 0 2 1 3 2 0 1 3 2 0 0 2 2 0 0 2 0 2 3 0 1 1 1 1 2 0 0
 2]
Correct_no:931
Accuracy:0.931
生成的报告相关内容：
              precision    recall  f1-score   support

           0       0.82      0.99      0.89       267
           1       0.99      0.89      0.94       223
           2       0.98      0.93      0.95       268
           3       1.00      0.90      0.95       242

    accuracy                           0.93      1000
   macro avg       0.94      0.93      0.93      1000
weighted avg       0.94      0.93      0.93      1000

决策树程序运行时间为：5.520247300000051 s
Generating reports......
Predict_rlt:
[2 2 2 1 3 2 1 3 2 0 3 2 1 2 1 3 1 3 1 3 1 2 0 3 0 0 2 1 2 3 0 0 3 1 1 0 3
 3 0 2 0 1 2 0 1 1 0 0 2 2 0 0 2 3 0 1 1 0 2 1 0 3 2 0 0 2 3 0 2 2 2 1 1 0
 2 2 0 1 0 2 0 3 1 3 3 1 0 3 2 2 2 2 3 0 1 2 0 3 3 0 2 3 2 0 3 3 1 1 2 3 1
 3 2 0 1 3 1 0 3 1 2 2 0 3 3 2 1 3 3 1 1 2 0 2 2 2 2 3 3 3 0 3 0 0 1 2 2 1
 0 3 0 3 1 2 0 1 1 2 2 2 0 0 1 2 1 1 0 3 2 2 1 0 3 0 0 2 0 2 1 0 3 3 0 2 1
 2 3 0 0 0 3 1 0 2 1 0 0 1 2 1 1 2 1 2 3 3 2 0 3 3 0 0 3 2 0 2 0 1 2 0 0 0
 3 2 3 0 2 0 0 3 1 0 1 0 0 3 2 2 3 3 3 2 0 0 2 0 2 1 2 3 0 2 1 1 2 1 3 2 2
 2 3 0 0 3 0 3 0 1 0 1 1 2 2 0 1 2 1 2 0 1 0 2 2 2 1 0 3 3 0 0 3 1 3 3 0 3
 2 2 2 0 2 0 3 1 2 0 0 3 2 2 3 2 1 0 3 3 2 3 2 0 1 1 3 2 3 0 0 3 3 0 1 2 3
 2 3 2 0 2 2 3 3 0 1 2 1 2 2 1 1 2 0 0 0 0 0 1 1 3 1 0 3 2 3 3 2 0 3 2 0 2
 3 0 3 2 3 1 2 0 0 0 2 0 3 0 3 3 3 2 2 3 3 1 3 0 3 1 1 3 1 2 2 3 0 3 3 3 0
 3 3 2 2 0 0 2 3 0 0 2 1 3 0 2 1 0 0 1 2 0 3 0 0 0 2 1 2 0 1 1 0 1 3 2 1 0
 3 3 3 2 2 1 2 1 2 1 2 0 1 2 1 0 0 2 0 3 0 0 3 3 0 3 0 0 1 2 1 3 0 1 3 1 1
 0 1 0 1 0 1 3 1 3 2 2 3 3 3 1 3 3 3 3 0 1 3 2 3 2 1 0 1 0 3 0 0 0 1 0 2 0
 3 1 3 2 0 3 3 1 1 3 2 0 2 1 0 0 0 2 0 0 0 2 3 2 1 3 3 1 0 0 1 2 0 0 1 0 0
 2 3 0 1 1 2 0 1 3 0 1 0 2 3 1 2 0 2 1 0 3 2 0 0 0 3 0 0 2 0 0 1 2 0 2 2 2
 3 1 1 1 0 0 2 3 0 0 1 3 2 3 2 2 3 2 2 0 3 1 1 0 0 3 1 2 3 3 2 1 1 0 3 3 2
 2 0 0 3 0 0 2 2 0 0 1 0 1 0 2 2 3 0 3 0 0 0 3 2 1 2 1 1 1 3 3 0 1 2 0 2 0
 2 0 2 2 1 0 1 3 1 2 3 3 3 2 1 3 2 0 0 1 3 2 0 1 1 3 0 2 1 3 3 3 2 3 0 0 3
 3 2 3 3 1 1 0 1 1 3 3 1 3 1 2 3 2 3 1 0 3 1 3 2 3 1 1 1 0 1 0 1 2 2 2 3 3
 3 0 0 3 0 0 3 2 3 0 0 0 2 0 2 1 1 3 2 2 0 0 1 1 0 1 2 2 3 2 1 2 1 0 0 2 3
 3 1 0 0 2 0 3 2 3 3 3 2 0 1 1 0 1 1 3 2 3 0 0 2 0 0 3 1 0 2 2 0 3 1 1 0 1
 1 1 2 1 2 3 0 2 1 1 0 0 1 1 2 3 1 3 0 1 0 3 2 3 2 3 0 2 2 2 3 1 1 2 3 0 1
 1 1 3 0 3 3 3 0 2 2 2 3 0 0 2 3 1 3 2 2 1 3 3 0 2 3 2 0 2 2 2 1 1 2 1 0 0
 1 2 3 3 3 3 2 3 0 2 3 2 2 3 0 0 2 3 3 1 1 2 2 2 3 2 2 0 3 2 2 0 0 2 2 2 1
 3 2 2 0 0 3 1 1 2 2 2 0 0 1 3 0 0 1 1 0 2 0 3 1 1 2 0 0 1 3 0 0 0 3 0 1 1
 0 0 1 2 0 2 1 0 1 0 0 2 1 3 2 0 1 3 2 0 0 3 2 0 0 2 0 2 3 0 1 1 1 1 2 0 0
 2]
Correct_no:978
Accuracy:0.978
生成的报告相关内容：
              precision    recall  f1-score   support

           0       0.93      1.00      0.96       267
           1       1.00      0.97      0.98       223
           2       1.00      0.96      0.98       268
           3       1.00      0.98      0.99       242

    accuracy                           0.98      1000
   macro avg       0.98      0.98      0.98      1000
weighted avg       0.98      0.98      0.98      1000

高斯朴素贝叶斯模型程序运行时间为：3.155868400000031s
Generating reports......
Predict_rlt:
[2 2 2 1 3 2 0 3 2 0 3 2 1 2 1 3 1 3 3 3 1 2 0 3 0 0 2 1 2 3 1 0 3 1 1 0 3
 3 0 2 0 1 2 0 0 1 0 0 2 2 0 0 2 3 0 0 1 3 2 1 0 3 2 0 0 2 3 0 2 2 2 1 1 0
 2 2 0 1 0 2 0 3 1 3 3 1 0 3 2 1 2 2 3 2 1 2 0 3 3 0 2 3 2 0 3 3 1 1 2 3 0
 3 2 1 1 3 0 0 3 1 2 2 0 3 3 2 1 3 3 1 1 2 3 0 2 2 2 3 3 3 0 3 0 0 1 1 0 1
 0 3 0 3 1 3 0 0 1 2 2 2 0 0 1 2 1 1 0 3 2 2 1 0 3 1 0 2 0 2 1 0 3 3 0 2 0
 2 3 0 0 1 3 0 0 2 1 0 0 1 2 1 1 2 1 2 3 3 2 0 3 3 0 2 3 2 0 2 1 0 2 0 0 0
 3 2 3 0 2 0 2 3 1 0 1 0 0 3 2 2 3 3 3 2 0 0 2 0 2 1 2 3 0 2 1 1 2 1 3 2 0
 2 3 3 1 3 0 3 0 1 0 1 3 2 2 0 1 2 0 2 0 1 0 2 2 2 1 0 3 0 0 0 3 1 3 3 0 3
 2 2 2 0 2 0 0 1 2 0 0 3 2 2 3 2 1 0 3 3 2 2 2 0 1 1 3 2 3 0 0 3 3 0 1 2 3
 2 3 2 0 2 2 3 3 0 1 2 1 2 2 1 1 2 0 0 0 1 0 1 0 3 1 0 3 2 3 0 2 1 3 2 0 2
 3 1 3 2 3 1 2 0 0 0 2 0 3 0 3 3 3 2 3 3 3 1 3 0 3 1 1 0 1 2 2 3 0 3 3 0 0
 3 3 1 2 0 0 2 3 0 3 2 0 3 0 1 1 0 1 0 0 3 3 3 0 0 2 1 2 0 1 1 1 1 3 2 1 0
 3 3 3 2 2 1 1 1 2 0 2 3 1 2 1 0 0 2 0 3 0 0 3 0 1 3 0 0 1 2 2 3 0 3 3 1 1
 1 1 0 1 0 1 3 0 3 2 2 0 3 3 1 3 3 3 3 0 1 3 2 3 2 1 0 1 0 3 0 0 0 1 0 2 0
 3 1 3 2 0 3 3 1 0 0 0 0 2 1 0 0 0 2 0 0 0 2 0 2 1 3 3 1 0 0 1 2 0 0 1 0 0
 1 3 0 1 1 2 0 1 3 0 2 0 2 3 1 2 0 2 1 0 3 2 1 0 0 3 0 0 2 0 0 1 2 0 2 2 2
 3 1 1 0 0 3 2 3 0 0 2 3 2 3 2 2 3 2 2 0 3 1 1 0 0 3 1 2 3 3 0 1 1 0 3 3 2
 2 0 0 3 0 0 2 2 0 0 1 1 1 1 2 2 3 0 3 0 0 0 3 2 0 2 1 1 1 3 3 0 0 2 0 0 0
 2 0 2 2 1 0 1 3 1 2 3 3 3 2 1 3 2 0 2 1 3 2 0 1 1 3 0 2 1 3 3 3 2 3 0 0 1
 0 2 3 3 1 3 0 1 1 3 3 1 3 1 2 3 2 3 1 0 3 1 0 0 3 1 1 1 0 1 0 1 2 2 2 3 3
 3 0 0 3 0 2 3 2 3 0 2 0 2 0 2 1 1 0 2 2 0 0 0 1 0 1 2 2 3 2 1 2 1 0 3 2 3
 3 0 0 0 2 0 3 2 3 3 3 2 0 1 1 0 0 1 0 2 3 0 0 2 0 0 3 1 0 2 2 3 3 1 1 0 1
 1 1 2 1 2 3 0 2 0 1 0 0 1 1 2 3 1 3 0 0 0 3 2 3 2 3 0 2 2 2 3 1 1 2 3 2 0
 1 0 3 0 3 3 3 0 2 2 2 3 0 0 2 3 1 0 2 2 1 3 3 0 2 0 2 0 2 2 2 1 0 2 1 0 0
 0 2 3 3 3 3 2 3 1 2 3 2 2 3 0 0 2 3 3 1 1 2 2 2 3 2 2 0 3 2 2 0 2 0 2 2 1
 3 2 2 0 0 3 3 1 2 1 2 0 0 0 3 0 0 1 1 0 2 1 3 1 1 2 0 0 1 3 0 0 0 0 0 1 1
 0 0 1 2 0 2 1 0 1 3 0 2 1 3 2 0 1 3 2 0 1 3 2 0 1 2 0 2 3 2 1 1 2 1 2 0 0
 2]
Correct_no:900
Accuracy:0.9
生成的报告相关内容：
              precision    recall  f1-score   support

           0       0.81      0.91      0.86       267
           1       0.88      0.82      0.85       223
           2       0.98      0.93      0.95       268
           3       0.94      0.93      0.94       242

    accuracy                           0.90      1000
   macro avg       0.90      0.90      0.90      1000
weighted avg       0.90      0.90      0.90      1000

多元伯努利朴素贝叶斯模型程序运行时间为：7.611330299999963s
Generating reports......
Predict_rlt:
[2 2 2 1 3 2 0 3 2 0 3 2 1 2 1 2 1 3 0 3 1 2 0 2 0 0 2 1 2 3 2 0 3 1 1 0 0
 2 0 2 2 1 2 0 1 1 0 0 2 2 0 0 2 3 0 1 1 3 2 1 0 3 2 0 0 2 3 0 2 2 2 1 1 0
 2 2 0 1 0 2 0 3 1 3 0 1 0 3 2 2 2 2 3 2 1 2 0 3 3 0 2 3 2 0 2 3 1 1 2 3 0
 3 2 2 1 2 0 0 0 1 2 2 0 3 3 2 1 2 3 1 1 2 0 2 2 2 2 2 3 3 0 3 0 0 1 2 2 1
 0 2 0 3 1 2 0 2 1 2 2 2 0 0 0 2 1 1 0 3 2 2 1 0 2 2 0 2 0 2 1 0 2 2 0 2 0
 2 3 0 0 0 3 1 0 2 2 0 0 1 2 1 1 2 2 2 0 3 2 0 3 3 0 2 2 2 0 2 2 1 2 0 0 0
 3 2 3 0 2 0 2 3 2 0 1 0 0 3 2 2 3 2 3 2 0 0 2 0 2 1 2 3 0 2 1 0 2 2 3 2 2
 2 0 0 0 3 0 3 0 1 0 1 3 2 2 0 1 2 2 2 0 1 0 2 2 2 1 0 2 2 0 0 0 1 2 3 0 2
 2 2 2 0 2 0 2 1 2 0 0 0 2 2 3 2 1 0 3 3 2 2 2 0 1 1 3 2 0 0 0 3 3 0 1 2 3
 2 3 2 0 2 2 3 2 0 1 2 1 2 2 1 1 2 0 0 0 2 0 1 1 3 1 0 3 2 2 2 2 2 0 2 0 2
 3 0 3 2 2 1 2 0 0 0 2 0 0 0 3 3 3 2 2 3 3 1 3 0 3 1 1 2 1 2 2 3 0 3 3 2 0
 3 2 2 2 0 0 2 3 0 0 2 1 0 0 2 1 0 2 1 2 2 2 0 0 0 2 1 2 0 1 1 0 1 2 2 1 0
 3 0 2 2 2 1 2 1 2 1 2 3 1 2 2 0 0 2 0 2 0 0 3 0 2 2 0 0 1 2 2 2 0 1 2 2 1
 2 1 0 1 0 1 3 1 3 2 2 3 0 3 1 3 3 3 3 2 1 3 2 3 2 1 0 1 0 3 0 0 0 1 0 2 0
 2 2 3 2 0 0 3 1 1 0 2 0 2 1 0 0 0 2 0 0 0 2 3 2 1 3 0 1 0 0 1 2 0 0 2 0 0
 2 2 0 1 1 2 0 1 3 0 2 0 2 2 1 2 0 2 1 0 3 2 2 0 0 2 0 0 2 0 0 1 2 0 2 2 2
 2 1 1 1 0 0 2 0 0 0 1 0 2 3 2 2 2 2 2 0 0 1 2 0 0 3 1 2 2 0 2 1 1 0 3 2 2
 2 0 0 2 0 0 2 2 0 0 1 0 1 2 2 2 3 0 2 0 0 0 3 2 1 2 1 1 1 3 3 0 2 2 0 2 0
 2 0 2 2 1 0 2 3 1 2 3 3 3 2 1 3 2 0 2 1 3 2 0 1 1 2 0 2 1 3 0 2 2 2 0 0 2
 3 2 3 3 1 1 0 1 1 2 3 1 2 1 2 3 2 2 1 2 3 1 3 0 2 1 1 1 0 1 0 1 2 2 2 2 0
 2 0 0 2 0 2 3 2 2 0 2 0 2 0 2 1 1 3 2 2 0 0 1 1 0 1 2 2 2 2 1 2 1 0 2 2 0
 2 2 0 0 2 0 3 2 0 3 2 2 0 1 2 0 1 1 0 2 3 0 0 2 0 0 0 2 0 2 2 0 3 1 1 0 2
 1 1 2 1 2 2 0 2 1 1 0 0 1 2 2 3 1 3 0 1 0 3 2 0 2 2 0 2 2 2 3 1 1 2 3 2 2
 2 2 3 0 2 0 2 0 2 2 2 0 0 0 2 0 1 0 2 2 1 3 3 0 2 2 2 0 2 2 2 1 1 2 1 0 0
 2 2 3 3 3 3 2 3 2 2 3 2 2 2 0 0 2 2 3 1 1 2 2 2 2 2 2 0 2 2 2 2 0 1 2 2 1
 3 2 2 0 0 3 0 1 2 2 2 0 0 1 3 0 0 1 1 0 2 2 3 1 1 2 0 0 1 0 0 0 0 2 0 1 1
 0 0 2 2 0 2 1 0 1 3 0 2 1 3 2 0 1 3 2 0 0 3 2 0 0 2 0 2 2 2 1 1 2 1 2 0 0
 2]
Correct_no:842
Accuracy:0.842
生成的报告相关内容：
              precision    recall  f1-score   support

           0       0.86      0.95      0.90       267
           1       0.99      0.82      0.90       223
           2       0.70      1.00      0.83       268
           3       0.99      0.57      0.73       242

    accuracy                           0.84      1000
   macro avg       0.89      0.83      0.84      1000
weighted avg       0.88      0.84      0.84      1000

Start training SVM
SVM支持向量机程序运行时间为：133.93583139999998 s
Predict_rlt:
[2 2 2 1 3 2 1 3 2 3 3 2 1 2 1 3 1 3 1 3 1 2 0 3 0 0 2 1 2 3 0 0 3 1 1 0 3
 3 0 2 1 1 2 0 1 1 0 0 2 2 0 0 2 3 0 1 1 3 2 1 0 3 2 0 0 2 3 0 2 2 2 1 1 0
 3 2 0 1 0 2 0 3 1 3 3 1 0 3 2 2 2 2 3 0 1 0 0 3 3 0 2 3 2 0 3 3 1 1 2 3 1
 3 2 0 1 3 1 0 3 1 2 2 0 3 3 2 1 3 3 1 1 2 0 2 2 2 2 3 3 3 0 3 0 0 1 2 2 1
 0 3 0 3 1 2 0 1 1 2 2 2 0 0 1 2 1 1 3 3 2 2 1 0 3 0 0 2 0 2 1 0 3 3 0 2 1
 2 3 0 0 0 3 1 0 2 1 0 0 1 2 1 1 2 1 2 3 3 2 0 3 3 0 0 3 2 0 2 0 1 2 0 0 0
 3 2 3 3 2 3 2 3 1 0 1 0 0 3 2 2 3 3 3 0 0 0 2 0 2 1 2 3 0 2 1 1 2 1 3 2 2
 2 3 0 0 3 0 3 0 1 0 1 3 2 2 0 1 2 1 2 0 1 0 2 2 2 1 0 3 3 0 0 3 1 3 3 0 3
 2 2 2 0 2 0 3 1 0 0 0 3 3 2 3 2 1 0 3 3 2 3 2 0 1 1 3 2 3 0 0 3 3 0 1 2 3
 2 3 2 0 2 2 3 3 0 1 2 1 2 2 1 1 3 0 0 0 0 0 1 1 3 1 0 3 2 3 3 2 0 3 2 0 2
 3 0 3 0 3 1 0 0 0 0 2 0 3 0 3 3 3 2 2 3 3 1 3 0 3 1 1 3 1 2 2 3 0 3 3 3 0
 3 3 2 2 3 0 2 3 0 0 2 1 3 0 2 1 0 0 1 2 3 3 0 0 0 2 1 2 0 1 1 0 1 3 2 1 0
 3 3 3 0 2 1 2 1 2 1 2 3 1 2 0 0 0 2 3 3 0 0 3 3 0 3 0 0 1 2 1 3 0 1 3 1 1
 0 1 3 1 0 1 3 1 3 2 2 3 3 3 1 3 3 3 3 0 1 3 2 3 2 1 0 1 0 3 0 0 0 1 0 2 0
 3 1 3 2 0 3 3 1 1 3 3 0 2 1 0 0 0 0 0 0 0 2 3 2 1 3 3 1 0 0 1 2 0 0 1 0 0
 2 3 0 1 1 2 0 1 3 0 1 0 2 3 1 2 0 2 1 0 3 2 0 0 0 3 0 0 2 0 0 1 2 0 2 2 2
 3 1 1 1 0 0 2 3 0 0 1 3 2 3 2 2 3 2 2 0 3 1 1 0 0 3 1 2 3 3 2 1 1 0 3 3 2
 2 0 0 3 0 0 2 2 0 0 1 0 1 0 2 2 3 0 3 0 0 0 3 2 1 2 1 1 1 3 3 0 1 2 0 2 0
 3 0 2 2 1 0 1 3 1 2 3 3 3 2 1 3 2 3 0 1 3 2 0 1 1 3 0 2 1 3 3 0 2 3 0 0 0
 3 0 3 3 1 1 0 1 1 3 3 1 3 1 2 3 2 3 1 0 3 1 3 0 3 1 1 1 0 1 0 1 2 2 2 3 3
 3 0 0 3 0 2 3 2 3 0 0 0 2 0 2 1 1 3 2 2 0 0 3 1 0 1 2 2 3 3 1 2 1 0 3 2 3
 3 1 0 0 2 0 3 2 3 3 3 2 0 1 1 0 1 1 3 2 3 3 0 2 0 0 3 0 0 2 2 0 3 1 1 0 1
 1 1 2 1 2 3 0 2 1 1 0 0 1 1 2 3 1 3 0 1 0 3 2 3 2 3 0 2 2 2 3 1 1 2 3 0 1
 1 1 3 0 3 3 3 0 2 2 2 3 0 0 2 3 1 3 2 2 1 3 3 0 2 3 2 0 2 2 2 1 1 2 1 0 0
 1 2 3 3 3 3 2 3 0 2 3 2 2 3 0 0 2 3 3 1 1 2 2 2 3 2 2 0 3 2 2 0 0 2 2 2 1
 3 2 2 0 0 3 0 1 2 0 2 0 0 1 3 0 0 1 1 0 2 0 3 1 1 2 0 0 1 3 0 0 0 3 0 1 1
 0 0 1 2 0 2 1 0 1 3 0 2 1 3 2 0 1 3 2 0 0 3 2 0 0 3 0 2 3 0 1 1 1 1 2 0 0
 2]
Correct_no:954
Accuracy:0.954
生成的报告相关内容：
              precision    recall  f1-score   support

           0       0.90      0.96      0.93       267
           1       1.00      0.96      0.98       223
           2       1.00      0.91      0.95       268
           3       0.93      1.00      0.96       242

    accuracy                           0.95      1000
   macro avg       0.96      0.96      0.96      1000
weighted avg       0.96      0.95      0.95      1000

MultinomialNB程序运行时间为：6.865136500000062 s
Predict_rlt:
[2 2 2 1 3 2 1 3 2 0 3 2 1 2 1 3 1 3 0 3 1 2 0 3 0 0 2 1 2 3 0 0 3 1 1 0 3
 3 0 2 1 1 2 0 1 1 0 0 2 2 0 0 2 3 0 1 1 0 2 1 0 3 2 0 0 2 3 0 2 2 2 1 1 0
 2 2 0 1 0 2 0 3 1 3 3 1 0 3 2 2 2 2 3 0 1 2 0 3 3 0 2 3 2 0 3 3 1 1 2 3 1
 3 2 1 1 3 1 0 3 1 2 2 0 3 3 2 1 3 3 1 1 2 0 2 2 2 2 3 3 3 0 3 0 0 1 2 2 1
 0 3 0 3 1 2 0 1 1 2 2 2 0 0 1 2 1 1 0 3 2 2 1 0 3 0 0 2 0 2 1 0 3 3 0 2 1
 2 3 0 0 0 3 1 0 2 1 0 0 1 2 1 1 2 1 2 3 3 2 0 3 3 0 2 3 2 0 2 2 1 2 0 0 0
 3 2 3 0 2 0 2 3 1 0 1 0 0 3 2 2 3 3 3 2 0 0 2 0 2 1 2 3 0 2 1 1 2 1 3 2 2
 2 3 0 0 3 0 3 0 1 0 1 3 2 2 0 1 2 1 2 0 1 0 2 2 2 1 0 3 3 0 0 3 1 3 3 0 3
 2 2 2 0 2 0 3 1 2 0 0 3 2 2 2 2 1 0 3 3 2 3 2 0 1 1 3 2 3 0 0 3 3 0 1 2 3
 2 3 2 0 2 2 3 3 0 1 2 1 2 2 1 1 2 0 0 0 0 0 1 1 3 1 0 3 2 3 1 2 0 3 2 0 2
 3 1 3 2 3 1 2 0 0 0 2 0 3 0 3 3 3 2 2 3 3 1 3 0 3 1 1 3 1 2 2 3 0 3 3 3 0
 3 3 2 2 2 0 2 3 0 0 2 1 3 0 2 1 0 0 1 2 3 0 0 0 0 2 1 2 0 1 1 0 1 3 2 1 0
 3 3 3 2 2 1 2 1 2 1 2 3 1 2 1 0 0 2 0 3 0 0 3 0 1 3 0 0 1 2 1 3 0 1 3 1 1
 2 1 0 1 0 1 3 0 3 2 2 3 3 3 1 3 3 3 0 0 1 3 2 3 2 1 0 1 0 3 0 0 0 1 0 2 0
 3 1 3 2 0 3 3 1 1 0 2 0 2 1 0 0 0 2 0 0 0 2 3 2 1 3 3 1 0 0 1 2 0 0 1 0 0
 2 3 0 1 1 2 0 1 3 0 2 0 2 3 1 2 0 2 1 0 3 2 2 0 0 3 0 0 2 0 0 1 2 0 2 2 2
 3 1 1 1 0 0 2 3 0 0 1 3 2 3 2 2 3 2 2 0 3 1 1 0 0 3 1 2 3 3 2 1 1 0 3 3 2
 2 0 0 3 0 0 2 2 0 0 1 1 1 2 2 2 3 0 3 0 0 0 3 2 1 2 1 1 1 3 3 0 1 2 0 2 0
 2 0 2 2 1 0 1 3 1 2 3 3 3 2 1 3 2 0 2 1 3 2 0 1 1 3 0 2 1 3 3 2 2 3 0 0 0
 0 2 3 3 1 1 0 1 1 3 3 1 3 1 2 3 2 3 1 0 3 1 3 0 3 1 1 1 0 1 0 1 2 2 2 3 3
 3 0 0 3 0 2 3 2 3 0 2 0 2 0 2 1 1 0 2 2 0 0 1 1 0 1 2 2 3 2 1 2 1 0 3 2 3
 3 1 0 0 2 0 3 2 3 3 3 2 0 1 1 0 1 1 3 2 3 0 0 2 0 0 3 1 0 2 2 0 3 1 1 0 1
 1 1 2 1 2 3 0 2 1 1 0 0 1 1 2 3 1 3 0 1 0 3 2 3 2 3 0 2 2 2 3 1 1 2 3 2 1
 1 1 3 0 3 3 3 0 2 2 2 0 0 0 2 3 1 3 2 2 1 3 3 0 2 2 2 0 2 2 2 1 1 2 1 0 0
 1 2 3 3 3 3 2 3 1 2 3 2 2 3 0 0 2 3 3 1 1 2 2 2 3 2 2 0 3 2 2 0 0 1 2 2 1
 3 2 2 0 0 3 0 1 2 2 2 0 0 1 3 0 0 1 1 0 2 0 3 1 1 2 0 0 1 3 0 0 0 3 0 1 1
 0 0 1 2 0 2 1 0 1 2 0 2 1 3 2 0 1 3 2 0 0 2 2 0 0 2 0 2 3 2 1 1 1 1 2 0 0
 2]
Correct_no:972
Accuracy:0.972
生成的报告相关内容：
              precision    recall  f1-score   support

           0       0.95      0.98      0.96       267
           1       0.98      0.96      0.97       223
           2       0.97      0.99      0.98       268
           3       1.00      0.95      0.97       242

    accuracy                           0.97      1000
   macro avg       0.97      0.97      0.97      1000
weighted avg       0.97      0.97      0.97      1000
