打印词频矩阵 countvector ......
[[0 0 0 ... 0 0 0]
 [0 0 0 ... 0 0 0]
 [0 0 0 ... 0 0 0]
 ...
 [0 0 0 ... 0 0 0]
 [0 0 0 ... 0 0 0]
 [0 0 0 ... 0 0 0]]
词频矩阵的形状： (5000, 30626)
显示总标签名称：[0 1 2 3]
X.shape countvector词频矩阵的形状(5000, 30626)
y.shape 相关类标签的形状(5000,)
train_data.shape 训练集矩阵shape：
(4000, 30626)
test_data.shape 测试集矩阵shape：
(1000, 30626)
train_labels.shape 训练集标签矩阵shape：
(4000,)
test_labels.shape 测试集标签矩阵shape：
(1000,)
knn程序运行时间为：2.8251725999999735s
Generating reports......
Predict_rlt:
[2 0 0 2 1 1 0 3 0 3 3 2 3 1 1 0 1 0 1 0 1 2 1 1 1 2 3 1 2 3 3 3 3 2 1 2 0
 0 0 0 0 1 2 0 2 0 3 3 0 0 2 2 2 3 1 0 2 1 2 0 3 2 2 1 3 0 0 0 1 0 1 0 2 0
 1 0 3 0 3 2 1 0 1 3 2 1 0 3 0 0 3 3 3 0 1 0 1 3 3 0 2 2 0 3 2 1 2 0 2 1 0
 0 1 0 3 2 0 3 3 3 0 0 1 0 3 2 3 2 1 2 1 3 0 2 3 1 0 3 0 1 3 0 1 0 3 1 1 3
 0 2 0 1 2 1 0 3 1 0 0 0 2 1 1 0 2 0 2 3 3 0 2 1 3 1 0 2 3 0 2 0 3 1 3 3 3
 3 0 1 0 0 1 2 0 2 0 3 2 2 2 0 0 3 3 0 3 3 0 3 0 3 1 2 2 1 0 0 3 1 1 0 0 1
 2 0 0 0 0 0 0 0 3 3 3 3 0 1 0 1 0 1 0 0 2 2 0 0 0 0 2 1 1 2 0 0 3 3 0 0 3
 2 0 1 0 3 0 3 1 0 0 1 0 0 0 0 3 0 2 0 2 0 2 0 1 3 2 1 0 0 3 0 2 2 1 2 3 0
 3 0 2 0 0 1 3 1 0 0 0 1 3 0 3 2 1 1 3 3 2 0 1 2 0 0 1 3 2 1 0 0 3 2 3 0 0
 2 0 3 2 0 0 3 1 3 2 0 2 0 1 1 2 3 3 3 2 0 0 2 1 2 0 3 0 2 2 0 1 0 2 2 2 1
 3 2 0 3 3 0 2 1 2 0 0 0 2 0 0 0 2 1 0 0 2 2 0 3 0 0 2 1 3 2 3 3 0 2 0 0 0
 3 3 3 0 1 3 2 0 1 2 3 3 1 2 3 0 0 0 3 3 1 1 1 0 3 2 0 3 1 2 0 3 3 0 0 1 2
 1 0 0 2 0 3 2 3 2 1 3 2 0 0 1 1 0 2 1 0 0 0 3 1 3 3 0 3 1 1 0 2 0 0 0 3 2
 0 0 0 1 1 2 0 2 0 0 2 3 3 2 0 2 3 0 2 1 3 0 1 0 2 0 3 0 2 2 0 2 0 3 3 2 0
 2 2 2 2 1 3 1 0 0 3 3 2 3 2 0 0 2 2 2 0 0 2 0 3 3 0 3 3 3 3 2 3 3 0 2 0 0
 1 2 0 2 3 1 0 3 3 3 2 1 3 3 2 2 1 0 0 1 1 1 0 0 0 2 1 0 2 3 3 0 2 2 0 2 3
 1 1 0 0 2 1 2 2 0 2 3 1 1 0 2 3 0 0 0 3 2 0 3 1 0 0 1 3 0 3 3 1 3 2 3 0 2
 3 1 0 0 0 3 0 3 1 0 0 3 0 3 2 2 0 2 0 0 3 3 2 3 2 3 1 0 0 3 2 1 2 1 3 2 3
 1 1 1 1 3 0 2 3 2 2 2 0 0 3 0 0 2 2 1 1 0 0 1 1 0 0 0 1 1 2 0 2 0 0 2 3 0
 3 1 3 0 1 0 1 3 1 2 2 0 3 2 3 1 0 0 1 1 3 1 2 0 0 0 1 1 1 2 0 0 3 1 3 3 3
 2 1 0 2 0 2 3 3 3 3 3 2 3 0 2 0 1 2 2 1 2 3 2 1 1 0 3 2 2 3 3 1 0 1 0 3 3
 0 3 0 3 1 0 2 0 3 2 3 1 0 0 2 0 3 1 2 2 2 0 0 3 3 1 0 3 2 3 2 0 2 2 0 2 0
 0 3 1 0 1 1 1 1 2 0 2 1 3 0 0 0 3 2 2 0 0 2 1 1 0 3 1 2 0 0 2 0 0 3 1 1 0
 0 0 0 0 0 0 1 1 2 2 0 2 1 2 0 1 3 3 0 1 3 2 2 0 0 2 0 0 2 0 0 3 0 2 3 0 0
 3 0 1 2 3 3 1 0 0 0 3 2 2 0 0 3 1 2 2 0 0 3 2 2 0 0 2 2 2 2 1 1 0 2 2 0 0
 1 3 0 3 3 0 0 0 0 1 3 3 3 0 3 1 1 2 2 1 2 2 2 0 1 1 0 0 2 3 0 3 0 0 2 0 0
 2 1 2 1 1 0 3 3 0 0 1 1 0 2 2 0 0 2 1 3 2 2 1 3 2 1 0 1 2 0 3 3 1 2 3 0 2
 2]
Correct_no:938
Accuracy:0.938
生成的报告相关内容：
              precision    recall  f1-score   support

           0       0.86      0.99      0.92       302
           1       0.97      0.88      0.93       212
           2       0.97      0.94      0.96       241
           3       1.00      0.92      0.96       245

    accuracy                           0.94      1000
   macro avg       0.95      0.93      0.94      1000
weighted avg       0.94      0.94      0.94      1000

决策树程序运行时间为：5.631738600000006 s
Generating reports......
Predict_rlt:
[2 0 0 2 1 1 0 3 0 3 3 2 3 1 1 0 1 0 1 0 1 2 1 1 1 2 3 1 2 3 3 3 3 2 1 2 0
 0 0 0 0 1 3 0 2 0 3 3 0 0 2 2 2 3 1 0 2 1 2 1 3 2 2 1 3 0 0 0 1 0 1 0 2 0
 1 0 3 0 3 2 1 0 1 3 0 0 0 3 0 0 3 3 3 0 1 0 1 3 3 0 2 2 0 3 2 1 2 0 2 1 0
 0 1 0 3 2 0 3 3 3 0 0 1 0 3 2 3 2 1 2 1 3 2 2 3 3 0 3 0 1 3 0 1 0 3 1 1 3
 0 2 0 1 2 1 0 3 1 0 0 0 2 1 1 0 2 0 2 3 3 0 2 1 3 1 0 2 3 0 2 0 3 1 3 3 3
 3 0 1 0 0 1 2 0 2 0 3 2 2 2 0 0 3 3 0 3 3 0 3 0 3 1 2 2 1 0 0 3 0 1 0 0 1
 2 0 0 0 0 0 1 0 3 3 3 3 0 1 0 1 0 1 1 3 2 2 0 0 0 0 2 1 1 2 0 2 3 3 0 0 3
 2 0 1 0 3 0 3 1 0 0 1 0 0 0 0 3 0 2 0 2 0 2 0 1 3 2 1 0 0 3 0 2 2 1 2 3 0
 3 0 2 0 0 1 3 1 0 0 0 1 3 0 3 2 1 1 3 3 2 0 1 2 0 0 1 3 2 1 0 0 3 2 3 0 0
 2 0 3 2 0 0 3 1 3 2 0 2 0 1 1 2 3 3 3 3 0 0 2 1 2 0 3 0 2 2 0 1 0 2 2 2 1
 3 2 0 3 3 0 2 1 2 0 0 0 2 0 0 0 2 1 0 0 2 2 0 3 0 0 2 1 3 2 3 3 0 2 0 0 0
 3 3 3 0 1 3 2 0 1 2 3 3 1 2 3 0 0 0 3 3 1 1 1 0 3 2 0 3 1 2 0 3 3 0 2 1 2
 1 0 0 2 0 3 2 3 2 1 3 2 0 0 1 1 0 2 0 0 0 0 3 1 3 3 0 3 0 1 0 2 0 0 0 3 2
 0 0 1 1 1 2 0 2 0 0 2 3 3 2 0 2 3 0 2 1 3 0 1 0 2 0 3 0 2 3 0 2 0 3 3 2 1
 2 2 2 2 1 3 1 0 0 3 3 2 3 3 0 0 2 2 2 0 0 2 0 3 3 0 3 3 3 3 2 3 3 0 2 0 0
 1 2 0 2 3 1 0 3 3 3 2 1 3 3 2 2 1 3 0 1 1 1 0 0 0 2 1 0 2 3 3 0 2 2 0 2 3
 1 1 0 0 2 1 2 2 0 1 3 1 1 0 2 3 0 0 3 3 2 0 3 1 0 0 1 3 1 3 3 1 3 2 3 1 2
 3 1 0 1 0 3 0 3 1 3 0 3 0 3 2 2 1 2 0 0 3 3 2 3 2 3 1 0 0 3 2 1 2 1 3 2 3
 1 1 1 1 3 0 2 3 2 2 2 0 0 3 0 0 2 2 1 1 0 0 1 1 0 0 0 1 1 2 0 2 1 0 2 3 0
 3 1 3 0 1 0 1 3 1 2 2 0 3 2 3 0 0 0 1 1 3 1 2 1 0 0 1 1 1 2 0 2 3 1 3 3 3
 2 1 0 2 2 2 3 3 3 3 3 2 3 0 2 0 1 2 2 1 2 3 2 0 1 0 3 2 2 3 3 1 0 1 0 3 3
 0 3 0 3 1 0 2 0 3 2 3 1 0 2 2 0 3 1 2 2 2 0 0 3 3 1 3 3 2 3 2 0 2 2 0 2 0
 0 3 1 0 1 1 1 1 2 0 2 1 3 0 2 0 3 2 2 0 0 2 1 1 0 3 1 2 0 0 2 0 0 3 1 1 0
 0 0 0 0 0 3 1 1 2 2 0 2 1 2 1 1 3 3 1 1 3 2 2 0 0 2 0 0 2 0 0 3 0 2 3 0 0
 3 0 1 2 3 3 1 0 0 0 3 2 2 0 0 3 1 2 2 0 3 3 2 2 0 1 2 2 2 2 1 1 0 2 2 0 0
 1 3 0 3 3 0 0 0 0 1 3 3 3 3 3 1 1 2 2 1 2 2 2 0 1 1 1 0 2 3 0 3 0 0 2 3 0
 2 1 2 1 1 0 3 3 0 0 1 1 0 2 2 0 0 2 1 3 2 2 1 3 2 1 0 1 2 0 3 3 1 2 3 0 2
 2]
Correct_no:971
Accuracy:0.971
生成的报告相关内容：
              precision    recall  f1-score   support

           0       0.92      0.99      0.96       302
           1       1.00      0.95      0.97       212
           2       1.00      0.97      0.98       241
           3       0.99      0.97      0.98       245

    accuracy                           0.97      1000
   macro avg       0.98      0.97      0.97      1000
weighted avg       0.97      0.97      0.97      1000

高斯朴素贝叶斯模型程序运行时间为：3.0749402000000146s
Generating reports......
Predict_rlt:
[2 0 0 2 0 1 0 3 2 3 3 2 3 1 1 0 1 0 1 0 1 2 1 1 1 2 3 1 2 0 3 3 3 2 1 2 0
 0 2 0 1 1 3 0 2 0 3 3 0 0 2 2 2 3 1 0 2 1 2 1 3 3 2 0 3 0 0 0 1 0 1 0 2 0
 1 0 3 0 0 2 1 0 1 3 0 1 0 3 0 0 3 3 3 0 1 0 0 3 3 3 2 2 0 3 2 1 2 0 2 1 1
 0 1 0 3 3 0 3 1 3 0 0 1 0 3 2 3 2 0 2 0 3 2 2 3 0 0 3 0 1 3 0 1 0 3 1 1 3
 1 3 3 1 2 1 0 3 1 0 0 0 2 1 1 0 2 0 2 3 3 0 2 1 0 0 0 2 3 0 2 0 3 1 3 0 3
 3 0 1 0 0 1 2 0 2 0 3 2 2 2 0 0 3 3 1 3 3 2 3 0 3 1 2 2 1 0 0 3 1 1 0 0 1
 2 1 0 0 0 0 1 1 3 3 0 3 2 0 0 1 3 1 1 3 2 2 0 0 0 0 2 1 1 2 0 2 3 3 0 0 3
 2 0 1 0 3 0 3 1 0 0 1 0 0 0 0 3 0 2 0 3 0 2 0 1 3 2 1 0 0 3 0 2 2 1 2 0 0
 0 0 2 0 0 1 3 1 0 3 0 0 3 0 3 2 1 1 3 3 2 0 1 2 0 0 1 3 2 1 0 0 3 2 3 0 0
 2 0 3 2 0 1 3 1 3 2 0 2 0 1 1 2 3 3 3 0 0 0 3 0 2 0 3 0 3 2 1 1 0 2 2 2 1
 3 2 0 3 3 1 2 1 2 0 0 0 2 0 0 0 2 1 0 0 0 2 1 0 0 2 2 1 0 2 3 3 0 2 0 3 0
 3 3 3 0 1 3 2 1 1 2 3 0 1 2 3 0 0 0 0 3 1 1 1 0 3 2 0 3 1 2 0 3 3 0 3 1 2
 1 0 0 2 0 0 2 3 2 1 3 2 1 1 1 1 0 2 1 0 0 0 3 1 3 3 0 3 0 1 3 2 0 0 0 3 2
 0 0 0 0 1 0 0 2 0 0 2 0 3 2 0 2 3 0 2 1 3 0 1 3 2 0 3 0 2 3 0 3 0 3 3 2 1
 2 2 2 2 1 3 1 0 0 3 3 3 3 0 0 0 2 2 2 2 0 2 0 3 3 0 3 3 0 3 2 3 3 0 2 1 0
 0 2 0 2 0 1 0 3 3 3 2 1 0 3 2 2 1 3 0 1 1 1 0 0 0 2 1 0 2 3 3 0 2 3 0 2 3
 1 1 0 0 2 0 2 2 0 1 3 1 0 0 2 3 0 0 1 3 2 0 0 0 0 0 1 3 1 2 3 1 0 2 0 0 2
 3 1 0 3 0 3 0 3 1 3 0 3 0 3 3 2 0 2 0 1 3 3 2 3 2 3 1 3 0 3 2 1 2 1 3 2 3
 1 1 1 1 3 0 2 3 3 2 2 0 3 3 3 0 2 2 0 1 0 0 1 1 0 0 0 1 1 2 0 2 0 0 2 3 0
 0 1 3 0 1 1 1 3 0 2 2 0 3 2 3 0 0 0 1 1 3 1 2 0 0 0 1 1 1 2 0 2 3 0 3 2 0
 0 1 0 2 2 2 3 3 3 3 3 2 3 1 2 2 0 3 3 1 2 3 2 2 1 0 0 2 2 3 3 1 3 0 2 3 0
 0 3 0 3 1 0 2 0 0 3 3 0 0 2 2 0 3 1 2 2 0 1 0 3 3 1 0 1 3 3 2 0 2 2 3 2 2
 0 3 1 0 1 1 0 1 2 0 2 1 3 0 2 0 3 2 2 0 0 2 1 1 0 3 1 0 0 0 2 0 0 3 3 1 0
 0 0 0 0 0 3 1 1 2 3 0 2 1 2 1 1 3 3 0 1 3 2 1 0 0 2 0 2 3 0 0 3 0 2 3 0 0
 3 0 1 2 3 3 1 1 1 1 3 2 2 0 0 3 1 2 2 0 3 3 2 2 1 1 2 2 2 2 1 1 1 2 3 0 1
 1 3 0 3 3 0 0 0 0 1 3 3 0 1 3 1 1 2 2 0 2 2 2 0 1 1 0 0 2 3 0 3 0 0 2 3 0
 3 0 1 1 1 0 3 3 0 0 1 1 0 2 1 1 0 2 0 1 3 2 1 3 2 0 0 1 2 0 3 3 1 2 3 0 2
 2]
Correct_no:863
Accuracy:0.863
生成的报告相关内容：
              precision    recall  f1-score   support

           0       0.79      0.89      0.84       302
           1       0.87      0.83      0.85       212
           2       0.96      0.87      0.92       241
           3       0.87      0.85      0.86       245

    accuracy                           0.86      1000
   macro avg       0.87      0.86      0.87      1000
weighted avg       0.87      0.86      0.86      1000

多元伯努利朴素贝叶斯模型程序运行时间为：7.587554700000055s
Generating reports......
Predict_rlt:
[2 0 0 2 1 1 0 0 2 3 3 2 3 1 1 0 1 0 1 0 1 2 1 1 1 2 2 1 2 2 3 2 3 2 1 2 0
 0 2 0 2 1 0 0 2 0 3 3 0 0 2 2 2 3 1 0 2 1 2 1 3 2 2 0 0 0 0 0 1 0 1 0 2 0
 1 0 2 0 0 2 1 0 1 2 0 2 0 3 0 0 3 0 3 0 1 0 1 2 3 0 2 2 0 3 2 1 2 0 2 1 0
 0 1 0 0 2 0 2 0 3 0 0 1 0 3 2 2 2 1 2 1 0 2 2 3 2 0 3 0 1 2 0 1 0 0 1 1 3
 2 2 3 1 2 1 0 0 1 3 0 0 2 1 1 0 2 0 2 0 3 0 2 1 2 1 0 2 3 0 2 0 3 1 3 2 3
 3 0 1 0 0 1 2 0 2 0 3 2 2 2 0 0 3 3 2 3 3 2 3 0 2 1 2 2 1 0 0 3 1 1 0 0 1
 2 0 0 0 0 0 1 0 3 0 0 3 2 1 0 1 3 1 1 3 2 2 0 0 0 0 2 1 1 2 0 2 3 3 0 0 0
 2 0 1 0 3 0 3 1 0 0 1 0 0 0 0 3 0 2 0 2 0 2 0 1 3 2 1 0 0 0 0 2 2 1 2 2 0
 0 0 2 0 0 1 3 1 0 0 0 1 3 0 3 2 1 1 3 3 2 0 1 2 0 0 1 0 2 1 0 0 3 2 3 0 0
 2 0 2 2 0 2 3 1 3 2 0 2 0 1 1 2 3 2 3 3 0 0 2 1 2 0 3 0 2 2 2 1 0 2 2 2 1
 2 2 0 0 0 0 2 1 2 0 0 0 2 0 0 0 2 1 0 0 2 2 0 3 0 2 2 1 0 2 3 3 0 2 0 0 0
 3 0 3 0 1 2 2 0 1 2 2 2 1 2 0 0 0 0 0 2 1 1 1 0 0 2 0 3 1 2 0 3 2 0 2 1 2
 1 0 0 2 0 0 2 3 2 1 3 2 0 0 1 1 0 2 2 0 0 0 0 1 3 2 0 0 0 1 0 2 0 0 0 0 2
 0 0 1 1 1 2 0 2 0 0 2 0 3 2 0 2 3 0 2 1 3 0 1 2 2 0 2 0 2 3 0 2 0 3 3 2 1
 2 2 2 2 1 3 1 0 0 3 3 2 3 3 0 2 3 2 2 2 0 2 0 3 3 0 2 3 0 2 2 2 2 0 2 2 2
 1 2 0 2 2 1 0 0 3 3 2 1 2 3 2 2 1 2 0 1 1 1 0 0 0 2 1 0 2 0 3 0 2 2 0 2 3
 1 1 0 0 2 1 2 2 0 1 3 1 1 0 2 3 0 0 2 3 2 2 0 1 0 0 1 3 1 2 3 1 0 2 0 0 2
 2 1 0 1 0 2 0 3 1 3 0 3 0 2 2 2 1 2 0 2 2 2 2 3 2 2 1 2 0 0 2 1 2 1 3 2 3
 1 1 1 1 3 0 2 3 2 2 2 0 2 3 2 0 2 2 1 1 0 0 1 1 0 0 0 1 1 2 0 2 1 0 2 3 0
 0 1 3 0 1 2 2 3 1 2 2 0 2 2 3 2 0 0 1 1 0 1 2 0 0 0 1 1 1 2 0 2 0 1 2 0 2
 2 1 0 2 2 2 3 3 3 2 3 2 3 0 2 2 1 2 2 1 2 2 2 2 1 0 2 2 2 3 2 1 0 1 0 3 2
 0 3 0 3 1 2 2 0 0 2 3 1 0 2 2 0 3 1 2 2 2 0 0 0 3 1 0 0 2 3 2 0 2 2 3 2 2
 0 3 1 0 1 1 2 1 2 0 2 1 3 0 2 0 3 2 2 0 0 2 1 1 0 3 1 2 0 0 2 0 0 2 1 1 0
 0 0 0 0 0 3 1 1 2 3 0 2 1 2 2 1 3 3 1 1 3 2 2 0 0 2 0 0 2 0 0 3 0 2 3 0 0
 3 0 1 2 3 3 1 2 2 0 2 2 2 0 0 0 1 2 2 0 3 2 2 2 2 1 2 2 2 2 1 1 0 2 2 0 2
 1 3 0 0 3 0 0 0 0 1 3 3 0 2 3 1 1 2 2 1 2 2 2 0 1 1 0 0 2 3 0 3 0 0 2 3 0
 2 1 2 1 1 0 2 0 0 0 1 1 0 2 2 2 0 2 1 1 2 2 1 3 2 1 0 1 2 0 3 3 1 2 0 0 2
 2]
Correct_no:855
Accuracy:0.855
生成的报告相关内容：
              precision    recall  f1-score   support

           0       0.83      0.94      0.88       302
           1       0.99      0.92      0.96       212
           2       0.74      0.99      0.85       241
           3       0.96      0.57      0.71       245

    accuracy                           0.85      1000
   macro avg       0.88      0.85      0.85      1000
weighted avg       0.88      0.85      0.85      1000

Start training SVM
SVM支持向量机程序运行时间为：128.26857489999998 s
Predict_rlt:
[2 0 0 2 1 1 0 3 3 3 3 2 3 1 1 0 1 0 1 0 1 2 1 1 1 2 3 1 2 3 3 3 3 2 1 2 0
 0 0 0 0 1 3 0 2 0 3 3 0 0 2 2 2 3 1 0 2 1 2 1 3 2 2 1 3 0 0 0 1 0 1 0 2 0
 1 0 3 0 3 2 1 0 1 3 0 0 0 3 0 0 3 3 3 0 1 0 1 3 3 0 2 2 0 3 2 1 2 0 2 1 0
 0 1 0 3 2 0 3 3 3 0 0 1 0 3 2 3 2 1 3 1 3 0 2 3 3 0 3 3 1 3 0 1 0 3 1 1 3
 0 2 3 1 2 1 0 3 1 3 0 0 2 1 1 0 2 0 2 3 3 0 2 1 3 1 0 2 3 0 2 0 3 1 3 3 3
 3 0 1 0 0 1 2 0 2 0 3 2 2 2 0 0 3 3 0 3 3 0 3 0 3 1 2 2 1 0 0 3 1 1 0 0 1
 2 0 0 0 0 0 1 0 3 3 3 3 0 1 0 1 3 1 1 3 2 2 0 0 0 0 2 1 1 2 0 0 3 3 0 0 3
 2 0 1 0 3 0 3 1 0 0 1 0 0 0 0 3 0 2 0 2 0 2 0 1 3 2 1 0 0 3 0 2 2 1 2 3 0
 3 0 2 0 3 1 3 1 0 0 0 1 3 0 3 2 1 1 3 3 3 3 1 2 0 0 1 3 2 1 0 0 3 2 3 0 0
 2 0 3 2 0 0 3 1 3 2 0 2 0 1 1 2 3 3 3 3 0 0 2 1 2 0 3 0 2 2 0 1 0 2 2 2 1
 3 2 0 3 3 0 2 1 2 0 0 0 2 0 0 0 2 1 0 0 2 2 0 3 0 0 2 1 3 2 3 3 3 2 0 0 0
 3 3 3 0 1 3 2 0 1 2 3 3 1 2 3 0 0 0 3 3 1 1 1 0 3 2 0 3 1 2 0 3 3 0 0 1 2
 1 0 0 2 0 3 2 3 2 1 3 2 0 0 1 1 0 2 0 0 0 0 3 1 3 3 0 3 3 1 0 2 0 0 0 3 2
 0 0 1 1 1 2 0 2 0 0 2 3 3 2 0 2 3 0 2 1 3 0 1 3 2 0 3 0 2 3 0 2 0 3 3 2 1
 2 2 2 2 1 3 1 0 0 3 3 2 3 3 3 0 3 2 2 0 0 2 0 3 3 3 3 3 3 3 2 3 3 0 2 3 3
 1 2 0 2 3 1 0 3 3 3 3 1 3 3 2 2 1 3 0 1 1 1 0 0 0 2 1 0 2 3 3 0 2 2 0 2 3
 1 1 0 0 2 1 2 2 0 1 3 1 1 0 2 3 0 0 0 3 2 0 3 3 0 0 1 3 1 3 3 1 3 2 3 3 2
 3 1 0 1 0 3 0 3 1 3 0 3 0 3 2 2 1 2 0 0 3 3 2 3 2 3 1 0 0 3 2 1 2 1 3 2 3
 1 1 1 1 3 0 2 3 2 2 2 0 3 3 3 0 2 2 1 1 0 0 1 1 0 0 0 1 1 2 0 2 1 0 2 3 0
 3 1 3 0 1 0 1 3 1 2 2 0 3 2 3 0 0 0 1 1 3 1 2 1 0 0 1 1 1 2 0 0 3 1 3 3 3
 2 1 0 2 0 2 3 3 3 3 3 2 3 0 2 0 1 2 2 1 2 3 2 0 1 0 3 2 2 3 3 1 0 1 0 3 3
 0 3 0 3 1 0 2 0 3 2 3 1 0 0 2 0 3 1 2 2 2 0 0 3 3 1 3 3 2 3 0 0 2 2 0 2 0
 0 3 1 0 1 1 3 1 2 0 2 1 3 0 2 0 3 2 2 0 0 2 1 1 0 3 1 3 0 0 2 0 0 3 1 1 0
 0 0 0 0 0 3 1 1 2 3 0 2 1 2 1 1 3 3 1 1 3 2 2 0 0 2 0 0 2 0 0 3 0 2 3 0 0
 3 0 1 2 3 3 1 0 0 0 3 2 2 0 0 3 1 2 2 0 3 3 2 2 0 1 2 2 2 2 1 1 0 2 2 0 0
 1 3 0 3 3 0 0 0 0 1 3 3 3 1 3 1 1 2 2 1 2 2 2 0 1 1 0 0 2 3 0 3 3 0 2 3 0
 2 1 2 1 1 0 3 3 0 0 1 1 0 2 2 0 0 2 1 3 2 2 1 3 2 1 0 1 2 0 3 3 1 2 3 0 2
 2]
Correct_no:953
Accuracy:0.953
生成的报告相关内容：
              precision    recall  f1-score   support

           0       0.92      0.96      0.94       302
           1       0.99      0.93      0.96       212
           2       1.00      0.92      0.96       241
           3       0.92      0.99      0.95       245

    accuracy                           0.95      1000
   macro avg       0.96      0.95      0.95      1000
weighted avg       0.96      0.95      0.95      1000

MultinomialNB程序运行时间为：6.6902513999999655 s
Predict_rlt:
[2 0 0 2 1 1 0 3 3 3 3 2 3 1 1 0 1 0 1 0 1 2 1 1 1 2 3 1 2 3 3 3 3 2 1 2 0
 0 2 0 0 1 3 0 2 0 3 3 0 0 2 2 2 3 1 0 2 1 2 1 3 2 2 1 3 0 0 0 1 0 1 0 2 0
 1 0 3 0 3 2 1 0 1 3 0 0 0 3 0 0 3 3 3 0 1 0 1 3 3 0 2 2 0 3 2 1 2 0 2 1 0
 0 1 0 3 2 0 3 3 3 0 0 1 0 3 2 3 2 1 2 1 3 2 2 3 2 0 3 0 1 3 0 1 0 3 1 1 3
 2 2 3 1 2 1 0 3 1 0 0 0 2 1 1 0 2 0 2 3 3 0 2 1 3 1 0 2 3 0 2 0 3 1 3 3 3
 3 0 1 0 0 1 2 0 2 0 3 2 2 2 0 0 3 3 0 3 3 2 3 0 3 1 2 2 1 0 0 3 1 1 0 0 1
 2 0 0 0 0 0 1 0 3 3 3 3 2 1 0 1 3 1 1 3 2 2 0 0 0 0 2 1 1 2 0 2 3 3 0 0 3
 2 0 1 0 3 0 3 1 0 0 1 0 0 0 0 3 0 2 0 2 0 2 0 1 3 2 1 0 0 3 0 2 2 1 2 3 0
 3 0 2 0 0 1 3 1 0 3 0 1 3 0 3 2 1 1 3 3 2 0 1 2 0 0 1 3 2 1 0 0 3 2 3 0 0
 2 0 3 2 0 1 3 1 3 2 0 2 0 1 1 2 3 3 3 0 0 0 2 1 2 0 3 0 2 2 1 1 0 2 2 2 1
 3 2 0 3 3 0 2 1 2 0 0 0 2 0 0 0 2 1 0 0 2 2 0 0 0 2 2 1 3 2 3 3 0 2 0 3 0
 3 3 3 0 1 3 2 0 1 2 3 3 1 2 3 0 0 0 3 3 1 1 1 0 3 2 0 3 1 2 0 3 3 0 2 1 2
 1 0 0 2 0 3 2 3 2 1 3 2 0 0 1 1 0 2 1 0 0 0 3 1 3 3 0 3 0 1 0 2 0 0 0 3 2
 0 0 1 1 1 2 0 2 0 0 2 3 3 2 0 2 3 0 2 1 3 0 1 3 2 0 3 0 2 3 3 2 0 3 3 2 1
 2 2 2 2 1 3 1 0 0 3 3 2 3 3 0 2 2 2 2 2 0 2 0 3 3 0 3 3 3 3 2 3 3 0 2 1 0
 1 2 0 2 3 1 0 3 3 3 2 1 3 3 2 2 1 2 0 1 1 1 0 0 0 2 1 0 2 3 3 0 2 2 0 2 3
 1 1 0 0 2 1 2 2 0 1 3 1 1 0 2 3 0 0 1 3 2 0 3 1 0 0 1 3 1 3 3 1 3 2 3 0 2
 3 1 0 1 0 3 0 3 1 3 0 3 0 3 2 2 1 2 0 1 3 3 2 3 2 3 1 2 0 3 2 1 2 1 3 2 3
 1 1 1 1 3 0 2 3 2 2 2 0 2 3 3 0 2 2 1 1 0 0 1 1 0 0 0 1 1 2 0 2 1 0 2 3 0
 3 1 3 0 1 1 1 3 1 2 2 0 3 2 3 0 0 0 1 1 3 1 2 1 0 0 1 1 1 2 0 2 3 1 3 3 3
 2 1 0 2 2 2 3 3 3 3 3 2 3 0 2 2 1 2 2 1 2 3 2 2 1 0 3 2 2 3 3 1 3 1 0 3 3
 0 3 0 3 1 2 2 0 3 2 3 1 0 2 2 0 3 1 2 2 2 0 0 3 3 1 3 3 2 3 2 0 2 2 3 2 2
 0 3 1 0 1 1 2 1 2 0 2 1 3 0 2 0 3 2 2 0 0 2 1 1 0 3 1 2 0 0 2 0 0 3 1 1 0
 0 0 0 0 0 3 1 1 2 2 0 2 1 2 1 1 3 3 1 1 3 2 2 0 0 2 0 0 2 0 0 3 0 2 3 0 0
 3 0 1 2 3 3 1 2 1 0 3 2 2 0 0 3 1 2 2 0 3 3 2 2 2 1 2 2 2 2 1 1 0 2 2 0 1
 1 3 0 3 3 0 0 0 0 1 3 3 3 1 3 1 1 2 2 1 2 2 2 0 1 1 0 0 2 3 0 3 0 0 2 3 0
 2 1 2 1 1 0 3 3 0 0 1 1 0 2 2 2 0 2 1 1 2 2 1 3 2 1 0 1 2 0 3 3 1 2 3 0 2
 2]
Correct_no:968
Accuracy:0.968
生成的报告相关内容：
              precision    recall  f1-score   support

           0       0.98      0.95      0.96       302
           1       0.98      0.97      0.97       212
           2       0.94      0.99      0.97       241
           3       0.98      0.97      0.97       245

    accuracy                           0.97      1000
   macro avg       0.97      0.97      0.97      1000
weighted avg       0.97      0.97      0.97      1000
