打印词频矩阵 countvector ......
[[0 0 0 ... 0 0 0]
 [0 0 0 ... 0 0 0]
 [0 0 0 ... 0 0 0]
 ...
 [0 0 0 ... 0 0 0]
 [0 0 0 ... 0 0 0]
 [0 0 0 ... 0 0 0]]
词频矩阵的形状： (5000, 31088)
显示总标签名称：[0 1 2 3]
X.shape countvector词频矩阵的形状(5000, 31088)
y.shape 相关类标签的形状(5000,)
train_data.shape 训练集矩阵shape：
(4000, 31088)
test_data.shape 测试集矩阵shape：
(1000, 31088)
train_labels.shape 训练集标签矩阵shape：
(4000,)
test_labels.shape 测试集标签矩阵shape：
(1000,)
knn程序运行时间为：3.030106599999982s
Generating reports......
Predict_rlt:
[3 0 3 0 2 1 0 2 0 3 0 0 1 0 3 1 1 0 0 3 3 2 3 0 0 0 1 0 0 2 2 0 3 0 2 3 0
 0 1 0 1 2 3 2 0 1 0 3 1 2 3 2 1 2 1 0 2 2 2 0 0 1 1 3 2 1 2 0 1 3 1 0 1 3
 1 2 0 3 1 0 1 3 0 2 2 1 3 0 1 3 0 0 0 2 1 0 3 1 3 3 0 0 1 0 1 1 1 2 1 2 0
 2 0 1 0 3 2 3 0 0 0 1 2 1 0 0 1 0 1 1 2 1 3 0 0 3 2 0 2 3 1 0 0 3 3 2 1 3
 0 3 2 1 1 3 2 1 0 0 1 2 2 2 2 3 2 0 2 1 1 0 1 0 0 0 2 0 3 2 3 0 0 2 3 3 0
 3 2 3 0 3 3 0 0 1 0 3 1 0 3 2 2 3 0 0 0 2 2 0 1 2 0 1 2 2 1 2 3 3 0 0 2 3
 2 0 2 2 0 1 1 1 2 0 0 2 3 3 3 3 2 2 3 1 0 3 1 2 0 1 1 0 3 0 1 2 0 3 0 0 3
 3 3 2 0 2 0 3 2 0 2 0 0 2 3 0 2 2 0 1 0 3 2 0 0 3 0 0 2 0 0 0 0 3 3 1 0 3
 0 2 0 2 0 0 3 0 2 3 3 1 0 3 2 0 0 3 0 0 0 0 3 0 0 2 0 2 0 2 3 2 3 0 2 2 2
 0 1 1 0 0 1 1 1 0 3 2 2 3 3 1 2 1 1 2 2 0 2 1 1 1 3 3 1 0 2 0 3 3 1 1 3 2
 2 2 1 2 0 3 0 1 3 1 0 2 0 2 0 3 3 0 0 1 2 0 0 1 2 1 2 0 0 2 3 0 0 3 0 2 3
 0 2 1 3 2 2 0 1 2 0 3 1 0 0 1 1 0 1 2 2 2 3 2 0 0 3 1 1 0 1 0 3 0 1 0 3 2
 3 0 1 3 1 3 0 0 2 0 3 0 2 2 1 0 2 3 0 2 0 2 1 3 0 0 2 2 0 2 0 0 0 2 0 2 0
 2 1 3 0 1 0 2 0 1 0 0 2 0 1 0 0 0 2 0 0 0 3 0 0 2 2 1 1 0 1 2 1 3 3 1 3 2
 0 2 1 1 1 1 2 1 3 2 3 1 1 0 2 0 0 0 2 0 1 0 3 0 0 2 3 2 3 2 2 0 2 0 0 1 3
 3 2 0 2 1 2 3 1 3 2 0 0 0 0 0 2 2 0 1 1 3 0 3 2 2 3 0 0 2 3 0 2 1 2 2 1 2
 1 0 0 1 3 2 0 2 0 0 1 1 2 2 3 2 3 1 2 2 1 1 1 0 2 3 0 2 3 0 2 0 3 3 0 0 1
 0 0 2 2 3 0 0 3 3 0 0 3 3 0 0 1 0 3 1 3 0 1 3 0 0 2 0 0 1 3 1 2 0 0 2 1 2
 0 3 2 0 2 0 3 0 0 2 0 0 1 3 0 0 0 2 1 3 3 2 3 0 3 0 3 3 0 2 2 3 3 0 3 1 2
 0 3 0 1 0 0 3 3 2 3 1 2 0 0 3 0 2 0 1 1 2 0 0 1 1 0 3 1 0 3 3 1 0 1 3 1 0
 3 2 0 0 3 2 2 2 3 3 0 0 3 2 2 3 2 2 0 2 1 2 3 0 1 1 2 0 0 0 0 3 3 0 3 2 0
 3 3 1 2 2 0 2 0 0 3 1 3 2 0 3 0 3 0 2 3 0 0 1 3 2 1 0 3 1 0 1 1 0 2 3 0 3
 1 0 0 0 1 0 1 2 1 1 2 2 0 1 3 0 1 3 2 0 3 2 0 3 0 2 0 2 1 1 0 2 3 0 0 1 2
 0 2 0 0 3 3 2 0 3 3 3 3 3 2 3 0 0 2 0 2 3 0 1 0 1 0 1 1 1 0 0 3 1 1 3 2 0
 2 1 0 0 2 2 1 0 3 1 2 0 1 3 1 3 3 0 0 2 0 1 0 1 0 3 0 1 0 2 0 3 3 0 1 2 0
 3 1 0 1 1 2 0 3 0 1 1 0 3 0 1 0 3 3 0 3 1 3 3 1 0 0 0 3 0 2 1 0 1 2 0 1 0
 0 0 1 2 2 0 0 2 0 3 0 0 3 3 3 2 3 3 3 2 0 0 2 0 2 2 2 0 2 0 2 0 0 0 1 2 2
 2]
Correct_no:915
Accuracy:0.915
生成的报告相关内容：
              precision    recall  f1-score   support

           0       0.78      0.99      0.87       281
           1       0.99      0.85      0.92       228
           2       0.99      0.92      0.95       251
           3       0.99      0.89      0.94       240

    accuracy                           0.92      1000
   macro avg       0.94      0.91      0.92      1000
weighted avg       0.93      0.92      0.92      1000

决策树程序运行时间为：5.749683599999997 s
Generating reports......
Predict_rlt:
[3 0 3 3 2 1 0 2 3 3 0 0 1 2 3 1 1 1 0 3 3 2 3 0 0 3 1 0 0 2 3 0 3 0 2 3 0
 1 1 0 1 2 3 2 1 1 2 3 1 2 3 2 1 2 1 0 2 2 2 0 0 1 1 3 2 1 2 0 1 3 1 0 1 3
 1 2 0 2 1 0 1 3 0 2 2 1 3 0 1 3 0 1 1 2 1 0 3 1 3 3 0 1 1 0 1 1 1 2 1 2 0
 2 0 1 0 3 2 3 0 0 0 1 2 1 0 0 1 0 1 1 2 1 3 0 0 3 2 0 2 3 1 1 0 3 3 2 1 3
 0 3 2 1 1 3 2 1 0 3 1 2 2 2 2 3 2 0 2 1 1 0 1 0 0 0 2 0 3 2 3 0 0 2 3 3 0
 3 2 3 1 3 3 0 0 1 0 3 1 0 3 2 1 3 3 0 0 2 2 0 1 2 0 1 2 2 1 2 3 3 0 0 2 3
 2 0 2 2 0 1 1 1 2 3 2 2 3 3 3 3 2 2 3 1 0 3 1 2 1 1 1 2 3 0 1 2 0 3 0 0 3
 3 3 2 0 2 1 3 2 0 2 3 1 2 3 1 2 2 0 1 0 3 2 0 0 3 2 0 2 0 0 0 0 3 3 1 0 3
 0 2 3 2 0 0 3 0 2 3 3 1 0 3 2 0 1 3 0 0 0 0 3 3 0 2 0 2 0 2 3 2 3 0 2 2 2
 0 1 1 0 0 1 1 0 0 3 2 2 3 3 1 2 1 1 2 2 0 2 1 1 1 3 3 1 3 2 0 3 3 1 1 3 2
 2 2 1 2 0 3 0 1 3 1 2 2 0 2 0 3 3 0 0 1 2 0 0 1 2 1 2 0 0 2 3 0 0 3 0 2 3
 0 2 1 3 2 2 0 1 2 0 3 1 1 0 1 1 0 1 2 2 2 3 2 0 1 3 1 1 2 1 0 3 0 1 0 3 2
 3 0 1 3 1 3 0 0 2 0 3 0 2 2 1 1 2 3 0 2 0 2 0 3 0 0 2 2 0 2 0 1 0 2 2 2 2
 2 1 3 0 1 0 2 0 1 0 3 2 0 1 0 0 0 2 0 0 0 0 0 0 2 2 1 1 0 1 0 1 3 3 1 3 2
 0 2 1 1 1 1 2 1 3 2 3 1 1 0 2 0 0 3 2 0 1 2 3 0 0 2 3 2 0 2 2 0 2 0 0 1 3
 3 2 0 2 1 2 3 1 3 2 2 0 0 0 1 2 2 1 1 1 3 0 3 2 2 3 0 0 2 3 0 2 1 2 2 1 2
 1 0 0 1 3 2 0 2 0 0 1 1 2 2 3 2 3 1 2 2 1 1 1 0 2 3 0 2 3 0 2 0 3 3 2 0 1
 0 0 2 2 3 0 0 3 3 0 0 3 3 0 0 1 0 3 1 3 0 1 3 0 0 2 0 0 1 3 1 2 1 0 2 1 2
 0 3 2 2 2 0 3 0 0 2 1 0 1 3 1 0 0 2 1 3 3 2 3 0 3 1 3 3 0 2 2 3 3 0 3 1 2
 0 3 0 1 0 0 3 3 2 3 1 2 0 0 3 0 2 0 1 1 2 0 2 1 1 3 3 1 0 3 3 1 0 1 3 1 0
 3 2 0 0 3 2 2 2 3 3 0 0 3 2 2 3 2 2 0 2 1 2 3 0 1 1 2 0 0 2 0 3 3 3 3 2 0
 3 3 1 2 2 0 2 0 0 3 1 3 2 0 3 0 3 2 2 3 0 0 1 3 2 1 0 3 1 0 1 1 0 2 3 0 3
 1 0 0 1 1 0 1 2 1 1 2 2 0 1 3 0 1 3 2 0 3 2 1 3 0 2 0 2 1 1 0 2 3 1 0 1 2
 0 2 0 0 3 3 2 0 3 3 3 3 3 2 3 0 0 2 1 2 3 0 1 0 1 0 1 1 1 0 0 3 1 1 3 2 0
 2 1 0 0 2 2 1 0 3 1 2 0 1 3 1 3 3 0 0 2 1 1 0 1 0 3 0 1 0 2 1 3 3 0 1 2 0
 3 1 1 1 1 2 0 3 1 1 1 0 3 0 1 0 3 3 0 3 1 3 3 1 0 0 0 3 0 2 1 1 1 2 0 1 0
 0 0 1 2 2 0 2 2 0 3 0 0 3 3 3 2 3 3 3 2 0 0 2 0 2 2 2 0 2 0 2 1 0 0 1 2 2
 2]
Correct_no:965
Accuracy:0.965
生成的报告相关内容：
              precision    recall  f1-score   support

           0       0.92      0.97      0.95       281
           1       0.97      0.97      0.97       228
           2       0.98      0.97      0.98       251
           3       1.00      0.95      0.97       240

    accuracy                           0.96      1000
   macro avg       0.97      0.96      0.97      1000
weighted avg       0.97      0.96      0.97      1000

高斯朴素贝叶斯模型程序运行时间为：3.1248794999999916s
Generating reports......
Predict_rlt:
[3 0 3 3 2 1 0 2 3 3 0 0 1 2 3 0 1 0 2 3 3 2 3 0 0 2 1 0 0 2 3 0 3 0 2 3 0
 0 1 0 1 2 3 2 0 1 0 3 1 2 3 2 1 0 1 0 2 2 2 0 0 1 0 3 2 1 2 0 1 3 1 1 1 3
 1 2 0 2 0 0 1 3 0 2 2 3 3 0 1 3 0 0 2 2 0 0 3 1 3 3 0 1 1 0 0 1 0 2 0 2 0
 2 0 1 0 3 2 3 0 0 0 1 2 1 2 0 1 0 1 3 2 1 0 0 0 3 2 0 3 3 1 0 0 0 3 2 0 3
 0 0 2 1 0 0 3 1 0 3 1 2 2 2 2 3 2 2 2 1 1 0 0 0 0 3 2 0 3 2 3 0 0 3 3 2 0
 0 2 3 0 3 0 3 0 1 0 3 1 1 3 2 0 3 3 0 0 2 2 0 1 2 0 0 2 2 1 2 3 3 0 0 2 3
 2 0 2 2 0 1 0 0 3 3 2 2 3 3 3 3 0 2 3 1 1 3 1 2 0 1 1 2 3 0 1 2 0 3 2 0 3
 3 3 2 0 2 3 0 2 1 2 1 0 2 3 1 2 2 0 0 0 3 2 0 0 3 2 0 2 0 0 0 0 3 3 1 0 3
 0 2 2 2 0 0 3 0 2 3 3 1 0 0 2 0 3 3 0 0 0 0 3 3 0 2 1 2 0 0 3 2 3 1 2 2 2
 0 1 1 0 0 0 1 1 3 3 2 2 3 3 1 2 0 1 2 2 0 2 0 0 1 3 3 1 3 2 0 0 3 1 1 3 2
 2 2 1 2 0 3 3 0 3 1 1 0 0 2 0 3 0 0 0 1 2 0 3 1 2 1 2 0 0 2 3 0 3 3 0 2 3
 0 2 0 3 2 2 0 1 2 0 2 0 1 0 1 1 0 0 2 2 2 3 2 3 3 3 1 1 0 1 0 3 0 1 0 3 2
 3 0 1 3 1 3 0 0 2 0 3 0 2 2 1 0 2 3 0 3 0 2 0 2 0 0 2 2 0 3 0 0 1 2 0 2 0
 2 1 3 0 1 0 2 0 1 1 0 2 0 0 0 0 0 2 0 0 0 0 0 0 2 2 1 0 0 1 0 1 3 3 1 3 2
 0 2 1 1 1 1 2 1 0 2 3 1 1 0 2 0 0 3 2 0 1 0 3 1 1 2 3 2 0 2 2 0 2 0 0 0 3
 3 2 0 2 0 2 3 1 3 2 2 0 0 0 1 2 2 0 0 1 3 0 0 2 2 3 0 0 2 3 0 2 1 2 2 1 2
 1 0 0 1 3 2 0 2 0 0 0 1 2 2 3 1 3 1 3 2 1 1 0 0 2 3 3 2 3 0 2 0 3 3 0 0 1
 0 0 2 3 3 0 0 3 3 0 0 3 3 0 0 1 0 3 1 3 0 0 2 1 3 2 0 0 1 3 1 2 0 0 2 0 2
 0 3 2 2 2 0 3 2 0 2 1 0 0 3 0 0 0 2 1 3 3 2 3 0 3 3 3 3 0 2 2 3 2 0 3 0 2
 3 3 0 0 0 3 3 3 2 2 0 3 0 2 3 0 2 0 1 1 2 0 2 1 1 3 3 0 0 3 2 0 0 0 3 1 0
 3 2 0 0 3 2 2 2 3 3 0 0 3 2 2 3 2 2 0 2 1 2 3 0 1 0 2 0 0 1 0 3 0 3 3 2 0
 3 3 1 2 1 0 2 0 0 3 0 3 2 3 3 0 3 2 2 3 2 2 1 3 2 1 0 3 1 0 1 0 0 2 3 0 3
 0 0 1 0 1 0 1 0 0 1 2 2 0 1 2 2 0 3 2 0 3 2 3 3 0 2 0 2 1 1 0 2 3 3 0 1 2
 0 2 0 0 3 3 2 0 3 3 3 3 3 2 0 0 0 2 1 2 3 0 1 0 1 0 1 1 1 0 3 3 0 0 3 2 0
 2 0 0 0 3 2 0 0 3 1 2 0 1 3 1 3 3 0 3 3 1 1 0 1 0 3 0 1 0 2 1 3 3 0 1 2 0
 3 1 1 1 1 2 0 3 1 1 1 1 3 3 1 0 3 3 3 3 1 3 3 1 0 0 0 3 0 2 1 0 1 2 0 1 1
 0 0 1 2 2 0 2 2 0 3 0 0 3 3 3 2 3 3 3 2 0 0 2 0 2 2 2 0 2 0 2 1 0 0 1 2 2
 2]
Correct_no:853
Accuracy:0.853
生成的报告相关内容：
              precision    recall  f1-score   support

           0       0.75      0.92      0.82       281
           1       0.90      0.69      0.78       228
           2       0.94      0.91      0.93       251
           3       0.88      0.87      0.87       240

    accuracy                           0.85      1000
   macro avg       0.87      0.85      0.85      1000
weighted avg       0.86      0.85      0.85      1000

多元伯努利朴素贝叶斯模型程序运行时间为：7.741361000000012s
Generating reports......
Predict_rlt:
[3 0 3 3 2 1 0 2 2 2 0 0 1 2 3 1 1 1 2 0 3 2 3 0 0 2 1 0 0 2 3 0 2 0 2 3 0
 1 1 0 1 2 0 2 1 1 2 3 1 2 0 2 1 2 1 0 2 2 2 0 0 2 1 2 2 1 2 3 1 3 1 2 1 2
 1 2 0 3 0 0 1 2 0 2 2 1 3 0 1 2 0 1 2 2 1 0 2 1 3 3 0 2 1 0 1 1 1 2 1 2 0
 2 0 1 2 3 2 3 0 0 1 1 2 2 2 0 1 0 1 1 2 1 2 0 0 3 2 0 2 3 1 1 0 2 3 2 1 3
 0 2 2 1 0 2 3 1 0 0 1 2 2 2 2 3 2 2 2 1 1 0 1 0 0 0 2 0 3 2 2 0 0 2 3 2 0
 2 2 0 2 3 0 2 0 1 0 2 1 0 3 2 1 3 2 0 0 2 2 0 1 2 0 1 2 2 1 2 3 3 0 0 2 2
 2 0 2 2 0 1 1 1 2 3 2 2 3 3 3 2 2 2 3 1 0 3 1 2 0 1 1 2 3 0 1 2 0 3 0 0 3
 3 3 2 0 2 3 2 2 0 2 0 1 2 3 1 2 2 0 0 0 3 2 0 0 3 2 0 2 0 0 0 0 0 2 1 0 2
 0 2 2 2 0 0 3 0 2 3 3 1 0 0 2 0 1 2 0 0 0 0 3 3 0 2 2 2 0 2 3 2 3 2 2 2 2
 3 1 1 0 0 1 1 1 2 3 2 2 3 3 1 2 1 1 2 2 0 2 1 1 1 3 0 1 2 2 0 2 3 1 1 3 2
 2 2 2 2 0 3 2 1 3 1 2 2 0 2 0 3 3 0 0 1 2 2 3 1 2 1 2 0 0 2 0 0 0 3 0 2 2
 0 2 1 3 2 2 0 1 2 0 3 1 1 0 1 1 0 1 2 2 2 2 2 0 3 3 1 1 0 1 0 3 0 1 0 3 2
 3 0 1 3 1 3 0 0 2 0 3 0 2 2 1 1 2 2 0 2 0 2 0 3 0 0 2 2 0 2 0 1 0 2 2 2 2
 2 1 3 0 2 0 2 0 1 2 3 2 0 1 0 0 0 2 0 0 0 0 0 0 2 2 2 2 0 1 0 1 3 3 1 3 2
 0 2 1 1 1 1 2 1 2 2 0 1 2 0 2 0 0 3 2 0 1 2 3 2 2 2 3 2 0 2 2 0 2 0 0 0 3
 2 2 0 2 1 2 3 1 3 2 2 0 0 0 1 2 2 0 1 1 2 0 0 2 2 0 0 0 2 3 0 2 1 2 2 1 2
 1 0 0 1 2 2 0 2 0 0 1 1 2 2 2 2 3 1 2 2 1 1 2 0 2 2 0 2 3 0 2 0 2 3 0 0 1
 0 0 2 2 3 0 0 3 2 0 2 3 3 0 0 2 0 3 1 3 0 1 0 2 2 2 0 0 1 3 1 2 1 0 2 2 2
 0 3 2 2 2 0 2 2 0 2 1 0 2 3 2 0 0 2 1 3 3 2 3 0 3 1 0 2 0 2 2 3 2 2 3 2 2
 3 3 0 1 0 0 3 3 2 3 1 2 0 0 2 0 2 0 1 1 2 0 2 1 1 3 3 1 0 3 0 2 0 1 2 1 0
 3 2 0 0 3 2 2 2 3 3 0 0 2 2 2 2 2 2 0 2 1 2 2 0 1 1 2 0 0 2 0 2 0 2 0 2 0
 3 3 1 2 2 0 2 0 0 3 1 2 2 2 0 0 3 2 2 0 2 2 1 2 2 1 0 3 1 0 1 1 0 2 2 0 3
 1 0 2 0 1 0 1 2 0 1 2 2 3 1 2 2 1 3 2 0 3 2 1 3 0 2 0 2 1 1 0 2 3 1 0 1 2
 0 2 0 0 2 3 2 0 3 0 3 0 3 2 2 0 0 2 1 2 3 0 1 0 1 0 1 1 1 0 2 2 0 1 2 2 0
 2 1 0 0 2 2 1 0 3 0 2 2 1 2 1 3 2 0 0 2 1 1 0 1 0 3 0 1 0 2 1 3 3 0 1 2 0
 3 1 1 0 1 2 0 3 2 1 2 0 2 0 1 0 2 2 3 3 1 0 3 1 0 0 0 2 0 2 2 1 1 2 0 1 2
 0 2 1 2 2 0 2 2 0 2 0 0 3 0 3 2 3 3 2 2 0 2 2 0 2 2 2 0 2 0 2 1 0 0 1 2 2
 2]
Correct_no:844
Accuracy:0.844
生成的报告相关内容：
              precision    recall  f1-score   support

           0       0.87      0.92      0.90       281
           1       0.98      0.85      0.91       228
           2       0.70      0.99      0.82       251
           3       0.96      0.59      0.73       240

    accuracy                           0.84      1000
   macro avg       0.88      0.84      0.84      1000
weighted avg       0.87      0.84      0.84      1000

Start training SVM
SVM支持向量机程序运行时间为：136.66636390000002 s
Predict_rlt:
[3 0 3 3 2 1 0 2 3 3 0 0 1 0 3 1 1 1 0 3 3 2 3 0 0 3 1 3 3 2 3 3 3 0 2 3 0
 1 1 0 1 2 3 2 1 1 2 3 1 2 3 2 1 2 1 0 2 2 2 0 0 1 1 3 2 1 2 3 1 3 1 0 1 3
 1 2 0 2 1 0 1 3 0 2 2 1 3 0 1 3 0 1 0 2 1 0 3 1 3 3 0 1 1 0 1 1 1 2 1 2 0
 2 0 1 0 3 2 3 0 0 3 1 2 1 0 0 1 0 1 3 2 1 3 0 0 3 2 0 2 3 1 1 0 3 3 2 1 3
 0 3 2 3 1 3 3 1 0 3 1 2 2 2 2 3 2 2 2 1 1 0 1 0 0 0 2 0 3 2 3 0 0 2 3 3 0
 3 2 3 0 3 3 1 0 1 3 3 1 0 3 2 1 3 3 0 0 2 2 0 1 2 0 1 2 2 1 2 3 3 0 0 2 3
 2 0 2 2 0 1 1 3 2 3 2 2 3 3 3 3 2 2 3 1 0 3 1 2 0 1 3 2 3 0 1 2 0 3 3 0 3
 3 3 2 0 2 1 3 2 0 2 3 1 2 3 1 2 2 3 1 0 3 2 0 0 3 2 0 2 0 0 0 0 3 3 1 0 3
 0 2 3 2 0 0 3 0 2 3 3 1 0 3 2 0 1 3 0 0 0 0 3 3 0 2 0 2 0 3 3 2 3 0 2 2 2
 3 1 1 0 0 1 1 0 0 3 2 2 3 3 1 2 1 1 2 2 0 2 1 1 1 3 3 1 3 2 0 3 3 1 1 3 2
 2 2 1 2 0 3 0 1 3 1 3 2 0 2 0 3 3 0 0 1 2 0 3 1 2 1 2 0 0 2 3 0 0 3 0 2 3
 0 2 1 3 2 2 0 1 2 0 3 1 1 0 1 1 0 1 2 2 2 3 2 3 3 3 1 1 0 1 0 3 0 1 0 3 2
 3 0 1 3 1 3 0 0 2 0 3 0 2 2 1 1 2 3 0 2 0 2 1 3 0 0 2 2 0 2 0 1 1 2 0 2 2
 2 1 3 0 1 0 3 0 1 0 3 2 0 1 0 0 0 2 0 0 0 3 0 0 2 2 1 1 0 1 0 1 3 3 1 3 2
 0 2 1 1 1 1 2 1 3 2 3 1 1 0 2 0 0 3 2 0 1 2 3 0 0 2 3 2 3 2 2 0 2 3 0 1 3
 3 2 0 2 1 2 3 1 3 2 2 0 0 0 1 2 2 0 1 1 3 0 3 2 2 3 0 0 2 3 0 2 1 2 2 1 2
 1 3 0 1 3 2 0 2 0 0 3 1 2 2 3 2 3 1 2 2 1 1 1 0 2 3 0 2 3 0 2 0 3 3 3 0 1
 0 0 2 2 3 0 3 3 3 0 0 3 3 0 0 1 0 3 1 3 3 1 3 0 0 2 0 0 1 3 1 2 3 0 2 1 2
 0 3 2 2 2 0 3 0 0 2 1 0 1 3 3 0 0 2 1 3 3 2 3 0 3 3 3 3 0 2 2 3 3 0 3 1 2
 3 3 0 1 0 0 3 3 2 3 1 2 0 0 3 0 2 0 1 1 2 0 0 1 1 3 3 1 0 3 3 1 0 1 3 1 0
 3 2 0 0 3 2 3 2 3 3 0 0 3 2 2 3 2 2 0 2 1 2 3 0 1 1 2 0 0 0 0 3 3 3 3 2 0
 3 3 1 2 2 0 2 0 0 3 1 3 2 0 3 0 3 2 2 3 0 0 1 3 2 1 0 3 1 0 1 1 0 2 3 0 3
 1 0 0 1 1 0 1 2 1 1 2 2 3 1 3 0 1 3 2 0 3 2 1 3 0 2 0 2 1 1 0 2 3 3 0 1 2
 0 2 0 0 3 3 2 0 3 3 3 3 3 2 3 0 0 2 1 2 3 0 1 0 1 0 1 1 1 0 0 3 1 1 3 2 0
 2 1 0 0 2 2 1 0 3 1 2 0 1 3 1 3 3 0 3 2 1 1 0 1 0 3 0 1 0 2 1 3 3 0 1 2 3
 3 1 1 1 1 2 0 3 1 1 1 0 3 0 1 0 3 3 3 3 1 3 3 1 0 0 0 3 0 2 1 1 1 2 0 1 1
 0 0 1 2 2 0 2 2 0 3 0 0 3 3 3 2 3 3 3 2 0 0 2 0 2 2 2 0 2 0 2 3 3 0 1 2 2
 2]
Correct_no:939
Accuracy:0.939
生成的报告相关内容：
              precision    recall  f1-score   support

           0       0.92      0.91      0.91       281
           1       0.98      0.93      0.96       228
           2       1.00      0.95      0.97       251
           3       0.87      0.97      0.92       240

    accuracy                           0.94      1000
   macro avg       0.94      0.94      0.94      1000
weighted avg       0.94      0.94      0.94      1000

MultinomialNB程序运行时间为：6.666585300000008 s
Predict_rlt:
[3 0 3 3 2 1 0 2 3 3 0 0 1 2 3 1 1 1 2 3 3 2 3 0 0 3 1 0 0 2 3 0 3 0 2 3 0
 1 1 0 1 2 3 2 1 1 2 3 1 2 3 2 1 2 1 0 2 2 2 0 0 1 1 3 2 1 2 0 1 3 1 0 1 3
 1 2 0 3 1 0 1 3 0 2 2 1 3 0 1 3 0 1 2 2 1 0 3 1 3 3 0 1 1 0 1 1 1 2 1 2 0
 2 0 1 3 3 2 3 0 0 0 1 2 1 2 0 1 0 1 1 2 1 3 0 0 3 2 0 2 3 1 1 0 3 3 2 1 3
 0 3 2 1 1 3 2 1 0 3 1 2 2 2 2 3 2 2 2 1 1 0 1 0 0 0 2 0 3 2 3 0 0 2 3 3 0
 0 2 3 2 3 3 2 0 1 0 3 1 0 3 2 1 3 3 0 0 2 2 0 1 2 0 1 2 2 1 2 3 3 0 0 2 3
 2 0 2 2 0 1 1 1 2 3 2 2 3 3 3 3 2 2 3 1 0 3 1 2 0 1 1 2 3 0 1 2 0 3 0 0 3
 3 3 2 0 2 3 3 2 0 2 3 1 2 3 1 2 2 0 1 0 3 2 0 0 3 2 0 2 0 0 0 0 3 3 1 0 3
 0 2 3 2 0 0 3 0 2 3 3 1 0 3 2 0 1 3 0 0 0 0 3 3 0 2 0 2 0 2 3 2 3 1 2 2 2
 0 1 1 0 0 1 1 1 0 3 2 2 3 3 1 2 1 1 2 2 0 2 1 1 1 3 3 1 3 2 0 3 3 1 1 3 2
 2 2 1 2 0 3 3 1 3 1 2 2 0 2 0 3 3 0 0 1 2 0 3 1 2 1 2 0 0 2 3 0 0 3 0 2 3
 0 2 1 3 2 2 0 1 2 0 3 1 1 0 1 1 0 1 2 2 2 3 2 3 3 3 1 1 0 1 0 3 0 1 0 3 2
 3 0 1 3 1 3 0 0 2 0 3 0 2 2 1 1 2 3 0 2 0 2 1 3 0 0 2 2 0 2 0 1 0 2 0 2 2
 2 1 3 0 1 0 2 0 1 1 0 2 0 1 0 0 0 2 0 0 0 0 0 0 2 2 1 1 0 1 0 1 3 3 1 3 2
 0 2 1 1 1 1 2 1 2 2 3 1 1 0 2 0 0 3 2 0 1 2 3 0 2 2 3 2 0 2 2 0 2 0 0 1 3
 3 2 0 2 1 2 3 1 3 2 2 0 0 0 1 2 2 0 1 1 3 0 3 2 2 3 0 0 2 3 0 2 1 2 2 1 2
 1 0 0 1 3 2 0 2 0 0 1 1 2 2 3 2 3 1 2 2 1 1 1 0 2 3 0 2 3 0 2 0 3 3 0 0 1
 0 0 2 2 3 0 0 3 3 0 3 3 3 0 0 1 0 3 1 3 0 1 3 1 0 2 0 0 1 3 1 2 1 0 2 1 2
 0 3 2 2 2 0 3 2 0 2 1 0 1 3 1 0 0 2 1 3 3 2 3 0 3 1 3 3 0 2 2 3 3 0 3 1 2
 3 3 0 1 0 0 3 3 2 2 1 2 0 0 3 0 2 0 1 1 2 0 2 1 1 3 3 1 0 3 3 1 0 1 3 1 0
 3 2 0 0 3 2 2 2 3 3 0 0 3 2 2 3 2 2 0 2 1 2 3 0 1 1 2 0 0 1 0 3 3 3 3 2 0
 3 3 1 2 2 0 2 0 0 3 1 3 2 0 3 0 3 2 2 3 2 2 1 3 2 1 0 3 1 0 1 1 0 2 3 0 3
 1 0 0 0 1 1 1 2 1 1 2 2 0 1 3 2 1 3 2 0 3 2 1 3 0 2 0 2 1 1 0 2 3 3 0 1 2
 0 2 0 0 3 3 2 0 3 3 3 3 3 2 3 0 0 2 1 2 3 0 1 0 1 0 1 1 1 0 3 3 0 1 3 2 0
 2 1 0 0 2 2 1 0 3 1 2 0 1 3 1 3 3 0 0 2 1 1 0 1 0 3 0 1 0 2 1 3 3 0 1 2 0
 3 1 1 1 1 2 0 3 0 1 1 0 3 3 1 0 3 3 3 3 1 3 3 1 0 0 0 3 0 2 1 1 1 2 0 1 1
 0 0 1 2 2 0 2 2 0 3 0 0 3 3 3 2 3 3 3 2 0 1 2 0 2 2 2 0 2 0 2 1 0 0 1 2 2
 2]
Correct_no:967
Accuracy:0.967
生成的报告相关内容：
              precision    recall  f1-score   support

           0       0.95      0.95      0.95       281
           1       0.98      0.97      0.98       228
           2       0.96      0.99      0.98       251
           3       0.97      0.96      0.97       240

    accuracy                           0.97      1000
   macro avg       0.97      0.97      0.97      1000
weighted avg       0.97      0.97      0.97      1000
